###############################################################
#  Generated by:      Cadence Innovus 18.10-p002_1
#  OS:                Linux x86_64(Host ID ensc-esil-01)
#  Generated on:      Tue Apr 20 11:45:57 2021
#  Design:            ensc450
#  Command:           report_timing -net -format {instance arc cell slew net annotation load delay arrival} -max_paths 10 > results/timing/04-place.setup.rpt
###############################################################
Path 1: MET Setup Check with Pin my_aes/clk 
Endpoint:   my_aes/addr_in[29] (^) checked with  leading edge of 'CLK'
Beginpoint: EXT_BUSY           (v) triggered by  leading edge of 'CLK'
Path Groups: {CLK}
Analysis View: ensc450_av
Other End Arrival Time          0.000
- Setup                         7.805
+ Phase Shift                  15.000
= Required Time                 7.195
- Arrival Time                  5.812
= Slack Time                    1.383
     Clock Rise Edge                      0.000
     + Input Delay                        0.800
     = Beginpoint Arrival Time            0.800
     +-----------------------------------------------------------------------------------------------------------+ 
     |  Instance   |     Arc      |   Cell    |  Slew |       Net        |    Arc     |  Load  | Delay | Arrival | 
     |             |              |           |       |                  | Annotation |        |       |  Time   | 
     |-------------+--------------+-----------+-------+------------------+------------+--------+-------+---------| 
     |             | EXT_BUSY v   |           | 0.002 | EXT_BUSY         |       SPEF | 22.461 |       |   0.800 | 
     | My_bus/U634 |              | AOI22_X1  | 0.004 | EXT_BUSY         |       SPEF | 22.461 | 0.003 |   0.803 | 
     | My_bus/U634 | B1 v -> ZN ^ | AOI22_X1  | 0.092 | My_bus/n312      |            |  2.310 | 0.133 |   0.936 | 
     | My_bus/U633 |              | NOR3_X1   | 0.092 | My_bus/n312      |       SPEF |  2.310 | 0.000 |   0.936 | 
     | My_bus/U633 | A3 ^ -> ZN v | NOR3_X1   | 0.039 | My_bus/n102      |            |  9.664 | 0.085 |   1.021 | 
     | My_bus/U625 |              | AOI211_X1 | 0.039 | My_bus/n102      |       SPEF |  9.664 | 0.000 |   1.022 | 
     | My_bus/U625 | A v -> ZN ^  | AOI211_X1 | 0.266 | My_bus/n10       |            |  6.197 | 0.409 |   1.431 | 
     | My_bus/U624 |              | INV_X1    | 0.266 | My_bus/n10       |       SPEF |  6.197 | 0.000 |   1.431 | 
     | My_bus/U624 | A ^ -> ZN v  | INV_X1    | 0.106 | My_bus/n61       |            | 28.588 | 0.216 |   1.647 | 
     | My_bus/U621 |              | NOR2_X1   | 0.106 | My_bus/n61       |       SPEF | 28.588 | 0.001 |   1.648 | 
     | My_bus/U621 | A2 v -> ZN ^ | NOR2_X1   | 1.078 | My_bus/n101      |            | 61.022 | 1.264 |   2.912 | 
     | My_bus/U620 |              | INV_X1    | 1.078 | My_bus/n101      |       SPEF | 61.022 | 0.002 |   2.914 | 
     | My_bus/U620 | A ^ -> ZN v  | INV_X1    | 0.161 | My_bus/n306      |            |  1.570 | 0.005 |   2.920 | 
     | My_bus/U619 |              | OAI21_X1  | 0.161 | My_bus/n306      |       SPEF |  1.570 | 0.000 |   2.920 | 
     | My_bus/U619 | A v -> ZN ^  | OAI21_X1  | 1.186 | My_bus/n104      |            | 66.483 | 0.674 |   3.594 | 
     | My_bus/U589 |              | AOI22_X1  | 1.186 | My_bus/n104      |       SPEF | 66.483 | 0.010 |   3.603 | 
     | My_bus/U589 | B2 ^ -> ZN v | AOI22_X1  | 0.300 | My_bus/n88       |            | 30.656 | 0.625 |   4.228 | 
     | My_bus/U588 |              | AND4_X1   | 0.301 | My_bus/n88       |       SPEF | 30.656 | 0.006 |   4.233 | 
     | My_bus/U588 | A4 v -> ZN v | AND4_X1   | 0.028 | My_bus/n300      |            |  0.983 | 0.285 |   4.518 | 
     | My_bus/U587 |              | AND2_X1   | 0.028 | My_bus/n300      |       SPEF |  0.983 | 0.000 |   4.518 | 
     | My_bus/U587 | A2 v -> ZN v | AND2_X1   | 0.025 | My_bus/n281      |            |  4.595 | 0.122 |   4.640 | 
     | My_bus/U586 |              | AND4_X1   | 0.025 | My_bus/n281      |       SPEF |  4.595 | 0.000 |   4.640 | 
     | My_bus/U586 | A4 v -> ZN v | AND4_X1   | 0.029 | My_bus/n298      |            |  1.541 | 0.134 |   4.774 | 
     | My_bus/U577 |              | AND4_X1   | 0.029 | My_bus/n298      |       SPEF |  1.541 | 0.000 |   4.774 | 
     | My_bus/U577 | A1 v -> ZN v | AND4_X1   | 0.029 | My_bus/n297      |            |  1.517 | 0.114 |   4.888 | 
     | My_bus/U576 |              | NAND3_X1  | 0.029 | My_bus/n297      |       SPEF |  1.517 | 0.000 |   4.888 | 
     | My_bus/U576 | A3 v -> ZN ^ | NAND3_X1  | 0.072 | My_bus/n267      |            |  5.775 | 0.104 |   4.993 | 
     | My_bus/U565 |              | NAND2_X1  | 0.072 | My_bus/n267      |       SPEF |  5.775 | 0.000 |   4.993 | 
     | My_bus/U565 | A1 ^ -> ZN v | NAND2_X1  | 0.031 | My_bus/n266      |            |  3.269 | 0.064 |   5.057 | 
     | My_bus/U558 |              | NOR2_X1   | 0.031 | My_bus/n266      |       SPEF |  3.269 | 0.000 |   5.057 | 
     | My_bus/U558 | A1 v -> ZN ^ | NOR2_X1   | 0.657 | YOUR_ADDRBUS[29] |            | 36.192 | 0.749 |   5.806 | 
     | my_aes      |              | aesbuffer | 0.657 | YOUR_ADDRBUS[29] |       SPEF | 36.192 | 0.006 |   5.812 | 
     +-----------------------------------------------------------------------------------------------------------+ 
Path 2: MET Setup Check with Pin my_aes/clk 
Endpoint:   my_aes/addr_in[31] (v) checked with  leading edge of 'CLK'
Beginpoint: EXT_BUSY           (v) triggered by  leading edge of 'CLK'
Path Groups: {CLK}
Analysis View: ensc450_av
Other End Arrival Time          0.000
- Setup                         8.009
+ Phase Shift                  15.000
= Required Time                 6.991
- Arrival Time                  5.590
= Slack Time                    1.401
     Clock Rise Edge                      0.000
     + Input Delay                        0.800
     = Beginpoint Arrival Time            0.800
     +------------------------------------------------------------------------------------------------------------+ 
     |  Instance   |     Arc      |   Cell    |  Slew |       Net        |    Arc     |  Load   | Delay | Arrival | 
     |             |              |           |       |                  | Annotation |         |       |  Time   | 
     |-------------+--------------+-----------+-------+------------------+------------+---------+-------+---------| 
     |             | EXT_BUSY v   |           | 0.002 | EXT_BUSY         |       SPEF |  22.461 |       |   0.800 | 
     | My_bus/U634 |              | AOI22_X1  | 0.004 | EXT_BUSY         |       SPEF |  22.461 | 0.003 |   0.803 | 
     | My_bus/U634 | B1 v -> ZN ^ | AOI22_X1  | 0.092 | My_bus/n312      |            |   2.310 | 0.133 |   0.936 | 
     | My_bus/U633 |              | NOR3_X1   | 0.092 | My_bus/n312      |       SPEF |   2.310 | 0.000 |   0.936 | 
     | My_bus/U633 | A3 ^ -> ZN v | NOR3_X1   | 0.039 | My_bus/n102      |            |   9.664 | 0.085 |   1.021 | 
     | My_bus/U625 |              | AOI211_X1 | 0.039 | My_bus/n102      |       SPEF |   9.664 | 0.000 |   1.022 | 
     | My_bus/U625 | A v -> ZN ^  | AOI211_X1 | 0.266 | My_bus/n10       |            |   6.197 | 0.409 |   1.431 | 
     | My_bus/U624 |              | INV_X1    | 0.266 | My_bus/n10       |       SPEF |   6.197 | 0.000 |   1.431 | 
     | My_bus/U624 | A ^ -> ZN v  | INV_X1    | 0.106 | My_bus/n61       |            |  28.588 | 0.216 |   1.647 | 
     | My_bus/U621 |              | NOR2_X1   | 0.106 | My_bus/n61       |       SPEF |  28.588 | 0.001 |   1.648 | 
     | My_bus/U621 | A2 v -> ZN ^ | NOR2_X1   | 1.078 | My_bus/n101      |            |  61.022 | 1.264 |   2.912 | 
     | My_bus/U620 |              | INV_X1    | 1.078 | My_bus/n101      |       SPEF |  61.022 | 0.002 |   2.914 | 
     | My_bus/U620 | A ^ -> ZN v  | INV_X1    | 0.161 | My_bus/n306      |            |   1.570 | 0.005 |   2.919 | 
     | My_bus/U619 |              | OAI21_X1  | 0.161 | My_bus/n306      |       SPEF |   1.570 | 0.000 |   2.919 | 
     | My_bus/U619 | A v -> ZN ^  | OAI21_X1  | 1.186 | My_bus/n104      |            |  66.483 | 0.674 |   3.594 | 
     | My_bus/U589 |              | AOI22_X1  | 1.186 | My_bus/n104      |       SPEF |  66.483 | 0.010 |   3.603 | 
     | My_bus/U589 | B2 ^ -> ZN v | AOI22_X1  | 0.300 | My_bus/n88       |            |  30.656 | 0.625 |   4.228 | 
     | My_bus/U588 |              | AND4_X1   | 0.301 | My_bus/n88       |       SPEF |  30.656 | 0.006 |   4.233 | 
     | My_bus/U588 | A4 v -> ZN v | AND4_X1   | 0.028 | My_bus/n300      |            |   0.983 | 0.285 |   4.518 | 
     | My_bus/U587 |              | AND2_X1   | 0.028 | My_bus/n300      |       SPEF |   0.983 | 0.000 |   4.518 | 
     | My_bus/U587 | A2 v -> ZN v | AND2_X1   | 0.025 | My_bus/n281      |            |   4.595 | 0.122 |   4.640 | 
     | My_bus/U586 |              | AND4_X1   | 0.025 | My_bus/n281      |       SPEF |   4.595 | 0.000 |   4.640 | 
     | My_bus/U586 | A4 v -> ZN v | AND4_X1   | 0.029 | My_bus/n298      |            |   1.541 | 0.134 |   4.774 | 
     | My_bus/U577 |              | AND4_X1   | 0.029 | My_bus/n298      |       SPEF |   1.541 | 0.000 |   4.774 | 
     | My_bus/U577 | A1 v -> ZN v | AND4_X1   | 0.029 | My_bus/n297      |            |   1.517 | 0.114 |   4.888 | 
     | My_bus/U576 |              | NAND3_X1  | 0.029 | My_bus/n297      |       SPEF |   1.517 | 0.000 |   4.888 | 
     | My_bus/U576 | A3 v -> ZN ^ | NAND3_X1  | 0.072 | My_bus/n267      |            |   5.775 | 0.104 |   4.993 | 
     | My_bus/U560 |              | NAND2_X1  | 0.072 | My_bus/n267      |       SPEF |   5.775 | 0.000 |   4.993 | 
     | My_bus/U560 | A1 ^ -> ZN v | NAND2_X1  | 0.031 | My_bus/n265      |            |   3.447 | 0.065 |   5.058 | 
     | My_bus/U559 |              | INV_X1    | 0.031 | My_bus/n265      |       SPEF |   3.447 | 0.000 |   5.058 | 
     | My_bus/U559 | A v -> ZN ^  | INV_X1    | 0.070 | My_bus/n14       |            |   7.785 | 0.097 |   5.155 | 
     | My_bus/U558 |              | NOR2_X1   | 0.070 | My_bus/n14       |       SPEF |   7.785 | 0.000 |   5.155 | 
     | My_bus/U558 | A2 ^ -> ZN v | NOR2_X1   | 0.080 | YOUR_ADDRBUS[29] |            |  34.786 | 0.129 |   5.284 | 
     | My_bus/U21  |              | INV_X8    | 0.080 | YOUR_ADDRBUS[29] |       SPEF |  34.786 | 0.003 |   5.287 | 
     | My_bus/U21  | A v -> ZN ^  | INV_X8    | 0.123 | My_bus/n96       |            | 115.304 | 0.181 |   5.468 | 
     | My_bus/U206 |              | NOR2_X1   | 0.123 | My_bus/n96       |       SPEF | 115.304 | 0.003 |   5.471 | 
     | My_bus/U206 | A2 ^ -> ZN v | NOR2_X1   | 0.115 | YOUR_ADDRBUS[31] |            |  16.387 | 0.115 |   5.587 | 
     | my_aes      |              | aesbuffer | 0.115 | YOUR_ADDRBUS[31] |       SPEF |  16.387 | 0.003 |   5.590 | 
     +------------------------------------------------------------------------------------------------------------+ 
Path 3: MET Setup Check with Pin my_aes/clk 
Endpoint:   my_aes/addr_in[30] (v) checked with  leading edge of 'CLK'
Beginpoint: EXT_BUSY           (v) triggered by  leading edge of 'CLK'
Path Groups: {CLK}
Analysis View: ensc450_av
Other End Arrival Time          0.000
- Setup                         7.997
+ Phase Shift                  15.000
= Required Time                 7.003
- Arrival Time                  5.595
= Slack Time                    1.408
     Clock Rise Edge                      0.000
     + Input Delay                        0.800
     = Beginpoint Arrival Time            0.800
     +------------------------------------------------------------------------------------------------------------+ 
     |  Instance   |     Arc      |   Cell    |  Slew |       Net        |    Arc     |  Load   | Delay | Arrival | 
     |             |              |           |       |                  | Annotation |         |       |  Time   | 
     |-------------+--------------+-----------+-------+------------------+------------+---------+-------+---------| 
     |             | EXT_BUSY v   |           | 0.002 | EXT_BUSY         |       SPEF |  22.461 |       |   0.800 | 
     | My_bus/U634 |              | AOI22_X1  | 0.004 | EXT_BUSY         |       SPEF |  22.461 | 0.003 |   0.803 | 
     | My_bus/U634 | B1 v -> ZN ^ | AOI22_X1  | 0.092 | My_bus/n312      |            |   2.310 | 0.133 |   0.936 | 
     | My_bus/U633 |              | NOR3_X1   | 0.092 | My_bus/n312      |       SPEF |   2.310 | 0.000 |   0.936 | 
     | My_bus/U633 | A3 ^ -> ZN v | NOR3_X1   | 0.039 | My_bus/n102      |            |   9.664 | 0.085 |   1.021 | 
     | My_bus/U625 |              | AOI211_X1 | 0.039 | My_bus/n102      |       SPEF |   9.664 | 0.000 |   1.022 | 
     | My_bus/U625 | A v -> ZN ^  | AOI211_X1 | 0.266 | My_bus/n10       |            |   6.197 | 0.409 |   1.431 | 
     | My_bus/U624 |              | INV_X1    | 0.266 | My_bus/n10       |       SPEF |   6.197 | 0.000 |   1.431 | 
     | My_bus/U624 | A ^ -> ZN v  | INV_X1    | 0.106 | My_bus/n61       |            |  28.588 | 0.216 |   1.647 | 
     | My_bus/U621 |              | NOR2_X1   | 0.106 | My_bus/n61       |       SPEF |  28.588 | 0.001 |   1.648 | 
     | My_bus/U621 | A2 v -> ZN ^ | NOR2_X1   | 1.078 | My_bus/n101      |            |  61.022 | 1.264 |   2.912 | 
     | My_bus/U620 |              | INV_X1    | 1.078 | My_bus/n101      |       SPEF |  61.022 | 0.002 |   2.914 | 
     | My_bus/U620 | A ^ -> ZN v  | INV_X1    | 0.161 | My_bus/n306      |            |   1.570 | 0.005 |   2.920 | 
     | My_bus/U619 |              | OAI21_X1  | 0.161 | My_bus/n306      |       SPEF |   1.570 | 0.000 |   2.920 | 
     | My_bus/U619 | A v -> ZN ^  | OAI21_X1  | 1.186 | My_bus/n104      |            |  66.483 | 0.674 |   3.594 | 
     | My_bus/U589 |              | AOI22_X1  | 1.186 | My_bus/n104      |       SPEF |  66.483 | 0.010 |   3.603 | 
     | My_bus/U589 | B2 ^ -> ZN v | AOI22_X1  | 0.300 | My_bus/n88       |            |  30.656 | 0.625 |   4.228 | 
     | My_bus/U588 |              | AND4_X1   | 0.301 | My_bus/n88       |       SPEF |  30.656 | 0.006 |   4.233 | 
     | My_bus/U588 | A4 v -> ZN v | AND4_X1   | 0.028 | My_bus/n300      |            |   0.983 | 0.285 |   4.518 | 
     | My_bus/U587 |              | AND2_X1   | 0.028 | My_bus/n300      |       SPEF |   0.983 | 0.000 |   4.518 | 
     | My_bus/U587 | A2 v -> ZN v | AND2_X1   | 0.025 | My_bus/n281      |            |   4.595 | 0.122 |   4.640 | 
     | My_bus/U586 |              | AND4_X1   | 0.025 | My_bus/n281      |       SPEF |   4.595 | 0.000 |   4.640 | 
     | My_bus/U586 | A4 v -> ZN v | AND4_X1   | 0.029 | My_bus/n298      |            |   1.541 | 0.134 |   4.774 | 
     | My_bus/U577 |              | AND4_X1   | 0.029 | My_bus/n298      |       SPEF |   1.541 | 0.000 |   4.774 | 
     | My_bus/U577 | A1 v -> ZN v | AND4_X1   | 0.029 | My_bus/n297      |            |   1.517 | 0.114 |   4.888 | 
     | My_bus/U576 |              | NAND3_X1  | 0.029 | My_bus/n297      |       SPEF |   1.517 | 0.000 |   4.888 | 
     | My_bus/U576 | A3 v -> ZN ^ | NAND3_X1  | 0.072 | My_bus/n267      |            |   5.775 | 0.104 |   4.993 | 
     | My_bus/U560 |              | NAND2_X1  | 0.072 | My_bus/n267      |       SPEF |   5.775 | 0.000 |   4.993 | 
     | My_bus/U560 | A1 ^ -> ZN v | NAND2_X1  | 0.031 | My_bus/n265      |            |   3.447 | 0.065 |   5.058 | 
     | My_bus/U559 |              | INV_X1    | 0.031 | My_bus/n265      |       SPEF |   3.447 | 0.000 |   5.058 | 
     | My_bus/U559 | A v -> ZN ^  | INV_X1    | 0.070 | My_bus/n14       |            |   7.785 | 0.097 |   5.155 | 
     | My_bus/U558 |              | NOR2_X1   | 0.070 | My_bus/n14       |       SPEF |   7.785 | 0.000 |   5.155 | 
     | My_bus/U558 | A2 ^ -> ZN v | NOR2_X1   | 0.080 | YOUR_ADDRBUS[29] |            |  34.786 | 0.129 |   5.284 | 
     | My_bus/U21  |              | INV_X8    | 0.080 | YOUR_ADDRBUS[29] |       SPEF |  34.786 | 0.003 |   5.287 | 
     | My_bus/U21  | A v -> ZN ^  | INV_X8    | 0.123 | My_bus/n96       |            | 115.304 | 0.181 |   5.468 | 
     | My_bus/U207 |              | NOR2_X1   | 0.123 | My_bus/n96       |       SPEF | 115.304 | 0.003 |   5.471 | 
     | My_bus/U207 | A2 ^ -> ZN v | NOR2_X1   | 0.123 | YOUR_ADDRBUS[30] |            |  17.994 | 0.120 |   5.591 | 
     | my_aes      |              | aesbuffer | 0.123 | YOUR_ADDRBUS[30] |       SPEF |  17.994 | 0.004 |   5.595 | 
     +------------------------------------------------------------------------------------------------------------+ 
Path 4: MET Setup Check with Pin my_aes/clk 
Endpoint:   my_aes/addr_in[28] (v) checked with  leading edge of 'CLK'
Beginpoint: EXT_BUSY           (v) triggered by  leading edge of 'CLK'
Path Groups: {CLK}
Analysis View: ensc450_av
Other End Arrival Time          0.000
- Setup                         7.630
+ Phase Shift                  15.000
= Required Time                 7.370
- Arrival Time                  5.593
= Slack Time                    1.776
     Clock Rise Edge                      0.000
     + Input Delay                        0.800
     = Beginpoint Arrival Time            0.800
     +------------------------------------------------------------------------------------------------------------+ 
     |  Instance   |     Arc      |   Cell    |  Slew |       Net        |    Arc     |  Load   | Delay | Arrival | 
     |             |              |           |       |                  | Annotation |         |       |  Time   | 
     |-------------+--------------+-----------+-------+------------------+------------+---------+-------+---------| 
     |             | EXT_BUSY v   |           | 0.002 | EXT_BUSY         |       SPEF |  22.461 |       |   0.800 | 
     | My_bus/U634 |              | AOI22_X1  | 0.004 | EXT_BUSY         |       SPEF |  22.461 | 0.003 |   0.803 | 
     | My_bus/U634 | B1 v -> ZN ^ | AOI22_X1  | 0.092 | My_bus/n312      |            |   2.310 | 0.133 |   0.936 | 
     | My_bus/U633 |              | NOR3_X1   | 0.092 | My_bus/n312      |       SPEF |   2.310 | 0.000 |   0.936 | 
     | My_bus/U633 | A3 ^ -> ZN v | NOR3_X1   | 0.039 | My_bus/n102      |            |   9.664 | 0.085 |   1.021 | 
     | My_bus/U625 |              | AOI211_X1 | 0.039 | My_bus/n102      |       SPEF |   9.664 | 0.000 |   1.022 | 
     | My_bus/U625 | A v -> ZN ^  | AOI211_X1 | 0.266 | My_bus/n10       |            |   6.197 | 0.409 |   1.431 | 
     | My_bus/U624 |              | INV_X1    | 0.266 | My_bus/n10       |       SPEF |   6.197 | 0.000 |   1.431 | 
     | My_bus/U624 | A ^ -> ZN v  | INV_X1    | 0.106 | My_bus/n61       |            |  28.588 | 0.216 |   1.647 | 
     | My_bus/U621 |              | NOR2_X1   | 0.106 | My_bus/n61       |       SPEF |  28.588 | 0.001 |   1.648 | 
     | My_bus/U621 | A2 v -> ZN ^ | NOR2_X1   | 1.078 | My_bus/n101      |            |  61.022 | 1.264 |   2.912 | 
     | My_bus/U620 |              | INV_X1    | 1.078 | My_bus/n101      |       SPEF |  61.022 | 0.002 |   2.914 | 
     | My_bus/U620 | A ^ -> ZN v  | INV_X1    | 0.161 | My_bus/n306      |            |   1.570 | 0.005 |   2.919 | 
     | My_bus/U619 |              | OAI21_X1  | 0.161 | My_bus/n306      |       SPEF |   1.570 | 0.000 |   2.919 | 
     | My_bus/U619 | A v -> ZN ^  | OAI21_X1  | 1.186 | My_bus/n104      |            |  66.483 | 0.674 |   3.594 | 
     | My_bus/U589 |              | AOI22_X1  | 1.186 | My_bus/n104      |       SPEF |  66.483 | 0.010 |   3.603 | 
     | My_bus/U589 | B2 ^ -> ZN v | AOI22_X1  | 0.300 | My_bus/n88       |            |  30.656 | 0.625 |   4.228 | 
     | My_bus/U588 |              | AND4_X1   | 0.301 | My_bus/n88       |       SPEF |  30.656 | 0.006 |   4.233 | 
     | My_bus/U588 | A4 v -> ZN v | AND4_X1   | 0.028 | My_bus/n300      |            |   0.983 | 0.285 |   4.518 | 
     | My_bus/U587 |              | AND2_X1   | 0.028 | My_bus/n300      |       SPEF |   0.983 | 0.000 |   4.518 | 
     | My_bus/U587 | A2 v -> ZN v | AND2_X1   | 0.025 | My_bus/n281      |            |   4.595 | 0.122 |   4.640 | 
     | My_bus/U586 |              | AND4_X1   | 0.025 | My_bus/n281      |       SPEF |   4.595 | 0.000 |   4.640 | 
     | My_bus/U586 | A4 v -> ZN v | AND4_X1   | 0.029 | My_bus/n298      |            |   1.541 | 0.134 |   4.774 | 
     | My_bus/U577 |              | AND4_X1   | 0.029 | My_bus/n298      |       SPEF |   1.541 | 0.000 |   4.774 | 
     | My_bus/U577 | A1 v -> ZN v | AND4_X1   | 0.029 | My_bus/n297      |            |   1.517 | 0.114 |   4.888 | 
     | My_bus/U576 |              | NAND3_X1  | 0.029 | My_bus/n297      |       SPEF |   1.517 | 0.000 |   4.888 | 
     | My_bus/U576 | A3 v -> ZN ^ | NAND3_X1  | 0.072 | My_bus/n267      |            |   5.775 | 0.104 |   4.993 | 
     | My_bus/U560 |              | NAND2_X1  | 0.072 | My_bus/n267      |       SPEF |   5.775 | 0.000 |   4.993 | 
     | My_bus/U560 | A1 ^ -> ZN v | NAND2_X1  | 0.031 | My_bus/n265      |            |   3.447 | 0.065 |   5.058 | 
     | My_bus/U559 |              | INV_X1    | 0.031 | My_bus/n265      |       SPEF |   3.447 | 0.000 |   5.058 | 
     | My_bus/U559 | A v -> ZN ^  | INV_X1    | 0.070 | My_bus/n14       |            |   7.785 | 0.097 |   5.155 | 
     | My_bus/U558 |              | NOR2_X1   | 0.070 | My_bus/n14       |       SPEF |   7.785 | 0.000 |   5.155 | 
     | My_bus/U558 | A2 ^ -> ZN v | NOR2_X1   | 0.080 | YOUR_ADDRBUS[29] |            |  34.786 | 0.129 |   5.284 | 
     | My_bus/U21  |              | INV_X8    | 0.080 | YOUR_ADDRBUS[29] |       SPEF |  34.786 | 0.003 |   5.287 | 
     | My_bus/U21  | A v -> ZN ^  | INV_X8    | 0.123 | My_bus/n96       |            | 115.304 | 0.181 |   5.468 | 
     | My_bus/U209 |              | NOR2_X1   | 0.123 | My_bus/n96       |       SPEF | 115.304 | 0.003 |   5.471 | 
     | My_bus/U209 | A2 ^ -> ZN v | NOR2_X1   | 0.127 | YOUR_ADDRBUS[28] |            |  17.470 | 0.119 |   5.590 | 
     | my_aes      |              | aesbuffer | 0.127 | YOUR_ADDRBUS[28] |       SPEF |  17.470 | 0.003 |   5.593 | 
     +------------------------------------------------------------------------------------------------------------+ 
Path 5: MET Setup Check with Pin my_aes/clk 
Endpoint:   my_aes/addr_in[27] (v) checked with  leading edge of 'CLK'
Beginpoint: EXT_BUSY           (v) triggered by  leading edge of 'CLK'
Path Groups: {CLK}
Analysis View: ensc450_av
Other End Arrival Time          0.000
- Setup                         7.442
+ Phase Shift                  15.000
= Required Time                 7.558
- Arrival Time                  5.588
= Slack Time                    1.971
     Clock Rise Edge                      0.000
     + Input Delay                        0.800
     = Beginpoint Arrival Time            0.800
     +------------------------------------------------------------------------------------------------------------+ 
     |  Instance   |     Arc      |   Cell    |  Slew |       Net        |    Arc     |  Load   | Delay | Arrival | 
     |             |              |           |       |                  | Annotation |         |       |  Time   | 
     |-------------+--------------+-----------+-------+------------------+------------+---------+-------+---------| 
     |             | EXT_BUSY v   |           | 0.002 | EXT_BUSY         |       SPEF |  22.461 |       |   0.800 | 
     | My_bus/U634 |              | AOI22_X1  | 0.004 | EXT_BUSY         |       SPEF |  22.461 | 0.003 |   0.803 | 
     | My_bus/U634 | B1 v -> ZN ^ | AOI22_X1  | 0.092 | My_bus/n312      |            |   2.310 | 0.133 |   0.936 | 
     | My_bus/U633 |              | NOR3_X1   | 0.092 | My_bus/n312      |       SPEF |   2.310 | 0.000 |   0.936 | 
     | My_bus/U633 | A3 ^ -> ZN v | NOR3_X1   | 0.039 | My_bus/n102      |            |   9.664 | 0.085 |   1.021 | 
     | My_bus/U625 |              | AOI211_X1 | 0.039 | My_bus/n102      |       SPEF |   9.664 | 0.000 |   1.022 | 
     | My_bus/U625 | A v -> ZN ^  | AOI211_X1 | 0.266 | My_bus/n10       |            |   6.197 | 0.409 |   1.431 | 
     | My_bus/U624 |              | INV_X1    | 0.266 | My_bus/n10       |       SPEF |   6.197 | 0.000 |   1.431 | 
     | My_bus/U624 | A ^ -> ZN v  | INV_X1    | 0.106 | My_bus/n61       |            |  28.588 | 0.216 |   1.647 | 
     | My_bus/U621 |              | NOR2_X1   | 0.106 | My_bus/n61       |       SPEF |  28.588 | 0.001 |   1.648 | 
     | My_bus/U621 | A2 v -> ZN ^ | NOR2_X1   | 1.078 | My_bus/n101      |            |  61.022 | 1.264 |   2.912 | 
     | My_bus/U620 |              | INV_X1    | 1.078 | My_bus/n101      |       SPEF |  61.022 | 0.002 |   2.914 | 
     | My_bus/U620 | A ^ -> ZN v  | INV_X1    | 0.161 | My_bus/n306      |            |   1.570 | 0.005 |   2.920 | 
     | My_bus/U619 |              | OAI21_X1  | 0.161 | My_bus/n306      |       SPEF |   1.570 | 0.000 |   2.920 | 
     | My_bus/U619 | A v -> ZN ^  | OAI21_X1  | 1.186 | My_bus/n104      |            |  66.483 | 0.674 |   3.594 | 
     | My_bus/U589 |              | AOI22_X1  | 1.186 | My_bus/n104      |       SPEF |  66.483 | 0.010 |   3.603 | 
     | My_bus/U589 | B2 ^ -> ZN v | AOI22_X1  | 0.300 | My_bus/n88       |            |  30.656 | 0.625 |   4.228 | 
     | My_bus/U588 |              | AND4_X1   | 0.301 | My_bus/n88       |       SPEF |  30.656 | 0.006 |   4.233 | 
     | My_bus/U588 | A4 v -> ZN v | AND4_X1   | 0.028 | My_bus/n300      |            |   0.983 | 0.285 |   4.518 | 
     | My_bus/U587 |              | AND2_X1   | 0.028 | My_bus/n300      |       SPEF |   0.983 | 0.000 |   4.518 | 
     | My_bus/U587 | A2 v -> ZN v | AND2_X1   | 0.025 | My_bus/n281      |            |   4.595 | 0.122 |   4.640 | 
     | My_bus/U586 |              | AND4_X1   | 0.025 | My_bus/n281      |       SPEF |   4.595 | 0.000 |   4.640 | 
     | My_bus/U586 | A4 v -> ZN v | AND4_X1   | 0.029 | My_bus/n298      |            |   1.541 | 0.134 |   4.774 | 
     | My_bus/U577 |              | AND4_X1   | 0.029 | My_bus/n298      |       SPEF |   1.541 | 0.000 |   4.774 | 
     | My_bus/U577 | A1 v -> ZN v | AND4_X1   | 0.029 | My_bus/n297      |            |   1.517 | 0.114 |   4.888 | 
     | My_bus/U576 |              | NAND3_X1  | 0.029 | My_bus/n297      |       SPEF |   1.517 | 0.000 |   4.888 | 
     | My_bus/U576 | A3 v -> ZN ^ | NAND3_X1  | 0.072 | My_bus/n267      |            |   5.775 | 0.104 |   4.993 | 
     | My_bus/U560 |              | NAND2_X1  | 0.072 | My_bus/n267      |       SPEF |   5.775 | 0.000 |   4.993 | 
     | My_bus/U560 | A1 ^ -> ZN v | NAND2_X1  | 0.031 | My_bus/n265      |            |   3.447 | 0.065 |   5.058 | 
     | My_bus/U559 |              | INV_X1    | 0.031 | My_bus/n265      |       SPEF |   3.447 | 0.000 |   5.058 | 
     | My_bus/U559 | A v -> ZN ^  | INV_X1    | 0.070 | My_bus/n14       |            |   7.785 | 0.097 |   5.155 | 
     | My_bus/U558 |              | NOR2_X1   | 0.070 | My_bus/n14       |       SPEF |   7.785 | 0.000 |   5.155 | 
     | My_bus/U558 | A2 ^ -> ZN v | NOR2_X1   | 0.080 | YOUR_ADDRBUS[29] |            |  34.786 | 0.129 |   5.284 | 
     | My_bus/U21  |              | INV_X8    | 0.080 | YOUR_ADDRBUS[29] |       SPEF |  34.786 | 0.003 |   5.287 | 
     | My_bus/U21  | A v -> ZN ^  | INV_X8    | 0.123 | My_bus/n96       |            | 115.304 | 0.181 |   5.468 | 
     | My_bus/U210 |              | NOR2_X1   | 0.123 | My_bus/n96       |       SPEF | 115.304 | 0.002 |   5.470 | 
     | My_bus/U210 | A2 ^ -> ZN v | NOR2_X1   | 0.119 | YOUR_ADDRBUS[27] |            |  16.120 | 0.115 |   5.584 | 
     | my_aes      |              | aesbuffer | 0.119 | YOUR_ADDRBUS[27] |       SPEF |  16.120 | 0.003 |   5.588 | 
     +------------------------------------------------------------------------------------------------------------+ 
Path 6: MET Setup Check with Pin my_aes/clk 
Endpoint:   my_aes/addr_in[26] (v) checked with  leading edge of 'CLK'
Beginpoint: EXT_BUSY           (v) triggered by  leading edge of 'CLK'
Path Groups: {CLK}
Analysis View: ensc450_av
Other End Arrival Time          0.000
- Setup                         7.260
+ Phase Shift                  15.000
= Required Time                 7.740
- Arrival Time                  5.588
= Slack Time                    2.151
     Clock Rise Edge                      0.000
     + Input Delay                        0.800
     = Beginpoint Arrival Time            0.800
     +------------------------------------------------------------------------------------------------------------+ 
     |  Instance   |     Arc      |   Cell    |  Slew |       Net        |    Arc     |  Load   | Delay | Arrival | 
     |             |              |           |       |                  | Annotation |         |       |  Time   | 
     |-------------+--------------+-----------+-------+------------------+------------+---------+-------+---------| 
     |             | EXT_BUSY v   |           | 0.002 | EXT_BUSY         |       SPEF |  22.461 |       |   0.800 | 
     | My_bus/U634 |              | AOI22_X1  | 0.004 | EXT_BUSY         |       SPEF |  22.461 | 0.003 |   0.803 | 
     | My_bus/U634 | B1 v -> ZN ^ | AOI22_X1  | 0.092 | My_bus/n312      |            |   2.310 | 0.133 |   0.936 | 
     | My_bus/U633 |              | NOR3_X1   | 0.092 | My_bus/n312      |       SPEF |   2.310 | 0.000 |   0.936 | 
     | My_bus/U633 | A3 ^ -> ZN v | NOR3_X1   | 0.039 | My_bus/n102      |            |   9.664 | 0.085 |   1.021 | 
     | My_bus/U625 |              | AOI211_X1 | 0.039 | My_bus/n102      |       SPEF |   9.664 | 0.000 |   1.022 | 
     | My_bus/U625 | A v -> ZN ^  | AOI211_X1 | 0.266 | My_bus/n10       |            |   6.197 | 0.409 |   1.431 | 
     | My_bus/U624 |              | INV_X1    | 0.266 | My_bus/n10       |       SPEF |   6.197 | 0.000 |   1.431 | 
     | My_bus/U624 | A ^ -> ZN v  | INV_X1    | 0.106 | My_bus/n61       |            |  28.588 | 0.216 |   1.647 | 
     | My_bus/U621 |              | NOR2_X1   | 0.106 | My_bus/n61       |       SPEF |  28.588 | 0.001 |   1.648 | 
     | My_bus/U621 | A2 v -> ZN ^ | NOR2_X1   | 1.078 | My_bus/n101      |            |  61.022 | 1.264 |   2.912 | 
     | My_bus/U620 |              | INV_X1    | 1.078 | My_bus/n101      |       SPEF |  61.022 | 0.002 |   2.914 | 
     | My_bus/U620 | A ^ -> ZN v  | INV_X1    | 0.161 | My_bus/n306      |            |   1.570 | 0.005 |   2.920 | 
     | My_bus/U619 |              | OAI21_X1  | 0.161 | My_bus/n306      |       SPEF |   1.570 | 0.000 |   2.920 | 
     | My_bus/U619 | A v -> ZN ^  | OAI21_X1  | 1.186 | My_bus/n104      |            |  66.483 | 0.674 |   3.594 | 
     | My_bus/U589 |              | AOI22_X1  | 1.186 | My_bus/n104      |       SPEF |  66.483 | 0.010 |   3.603 | 
     | My_bus/U589 | B2 ^ -> ZN v | AOI22_X1  | 0.300 | My_bus/n88       |            |  30.656 | 0.625 |   4.228 | 
     | My_bus/U588 |              | AND4_X1   | 0.301 | My_bus/n88       |       SPEF |  30.656 | 0.006 |   4.233 | 
     | My_bus/U588 | A4 v -> ZN v | AND4_X1   | 0.028 | My_bus/n300      |            |   0.983 | 0.285 |   4.518 | 
     | My_bus/U587 |              | AND2_X1   | 0.028 | My_bus/n300      |       SPEF |   0.983 | 0.000 |   4.518 | 
     | My_bus/U587 | A2 v -> ZN v | AND2_X1   | 0.025 | My_bus/n281      |            |   4.595 | 0.122 |   4.640 | 
     | My_bus/U586 |              | AND4_X1   | 0.025 | My_bus/n281      |       SPEF |   4.595 | 0.000 |   4.640 | 
     | My_bus/U586 | A4 v -> ZN v | AND4_X1   | 0.029 | My_bus/n298      |            |   1.541 | 0.134 |   4.774 | 
     | My_bus/U577 |              | AND4_X1   | 0.029 | My_bus/n298      |       SPEF |   1.541 | 0.000 |   4.774 | 
     | My_bus/U577 | A1 v -> ZN v | AND4_X1   | 0.029 | My_bus/n297      |            |   1.517 | 0.114 |   4.888 | 
     | My_bus/U576 |              | NAND3_X1  | 0.029 | My_bus/n297      |       SPEF |   1.517 | 0.000 |   4.888 | 
     | My_bus/U576 | A3 v -> ZN ^ | NAND3_X1  | 0.072 | My_bus/n267      |            |   5.775 | 0.104 |   4.993 | 
     | My_bus/U560 |              | NAND2_X1  | 0.072 | My_bus/n267      |       SPEF |   5.775 | 0.000 |   4.993 | 
     | My_bus/U560 | A1 ^ -> ZN v | NAND2_X1  | 0.031 | My_bus/n265      |            |   3.447 | 0.065 |   5.058 | 
     | My_bus/U559 |              | INV_X1    | 0.031 | My_bus/n265      |       SPEF |   3.447 | 0.000 |   5.058 | 
     | My_bus/U559 | A v -> ZN ^  | INV_X1    | 0.070 | My_bus/n14       |            |   7.785 | 0.097 |   5.155 | 
     | My_bus/U558 |              | NOR2_X1   | 0.070 | My_bus/n14       |       SPEF |   7.785 | 0.000 |   5.155 | 
     | My_bus/U558 | A2 ^ -> ZN v | NOR2_X1   | 0.080 | YOUR_ADDRBUS[29] |            |  34.786 | 0.129 |   5.284 | 
     | My_bus/U21  |              | INV_X8    | 0.080 | YOUR_ADDRBUS[29] |       SPEF |  34.786 | 0.003 |   5.287 | 
     | My_bus/U21  | A v -> ZN ^  | INV_X8    | 0.123 | My_bus/n96       |            | 115.304 | 0.181 |   5.468 | 
     | My_bus/U211 |              | NOR2_X1   | 0.123 | My_bus/n96       |       SPEF | 115.304 | 0.001 |   5.470 | 
     | My_bus/U211 | A2 ^ -> ZN v | NOR2_X1   | 0.123 | YOUR_ADDRBUS[26] |            |  16.445 | 0.116 |   5.585 | 
     | my_aes      |              | aesbuffer | 0.123 | YOUR_ADDRBUS[26] |       SPEF |  16.445 | 0.003 |   5.588 | 
     +------------------------------------------------------------------------------------------------------------+ 
Path 7: MET Setup Check with Pin my_aes/clk 
Endpoint:   my_aes/addr_in[25] (v) checked with  leading edge of 'CLK'
Beginpoint: EXT_BUSY           (v) triggered by  leading edge of 'CLK'
Path Groups: {CLK}
Analysis View: ensc450_av
Other End Arrival Time          0.000
- Setup                         7.080
+ Phase Shift                  15.000
= Required Time                 7.920
- Arrival Time                  5.589
= Slack Time                    2.330
     Clock Rise Edge                      0.000
     + Input Delay                        0.800
     = Beginpoint Arrival Time            0.800
     +------------------------------------------------------------------------------------------------------------+ 
     |  Instance   |     Arc      |   Cell    |  Slew |       Net        |    Arc     |  Load   | Delay | Arrival | 
     |             |              |           |       |                  | Annotation |         |       |  Time   | 
     |-------------+--------------+-----------+-------+------------------+------------+---------+-------+---------| 
     |             | EXT_BUSY v   |           | 0.002 | EXT_BUSY         |       SPEF |  22.461 |       |   0.800 | 
     | My_bus/U634 |              | AOI22_X1  | 0.004 | EXT_BUSY         |       SPEF |  22.461 | 0.003 |   0.803 | 
     | My_bus/U634 | B1 v -> ZN ^ | AOI22_X1  | 0.092 | My_bus/n312      |            |   2.310 | 0.133 |   0.936 | 
     | My_bus/U633 |              | NOR3_X1   | 0.092 | My_bus/n312      |       SPEF |   2.310 | 0.000 |   0.936 | 
     | My_bus/U633 | A3 ^ -> ZN v | NOR3_X1   | 0.039 | My_bus/n102      |            |   9.664 | 0.085 |   1.021 | 
     | My_bus/U625 |              | AOI211_X1 | 0.039 | My_bus/n102      |       SPEF |   9.664 | 0.000 |   1.022 | 
     | My_bus/U625 | A v -> ZN ^  | AOI211_X1 | 0.266 | My_bus/n10       |            |   6.197 | 0.409 |   1.431 | 
     | My_bus/U624 |              | INV_X1    | 0.266 | My_bus/n10       |       SPEF |   6.197 | 0.000 |   1.431 | 
     | My_bus/U624 | A ^ -> ZN v  | INV_X1    | 0.106 | My_bus/n61       |            |  28.588 | 0.216 |   1.647 | 
     | My_bus/U621 |              | NOR2_X1   | 0.106 | My_bus/n61       |       SPEF |  28.588 | 0.001 |   1.648 | 
     | My_bus/U621 | A2 v -> ZN ^ | NOR2_X1   | 1.078 | My_bus/n101      |            |  61.022 | 1.264 |   2.912 | 
     | My_bus/U620 |              | INV_X1    | 1.078 | My_bus/n101      |       SPEF |  61.022 | 0.002 |   2.914 | 
     | My_bus/U620 | A ^ -> ZN v  | INV_X1    | 0.161 | My_bus/n306      |            |   1.570 | 0.005 |   2.920 | 
     | My_bus/U619 |              | OAI21_X1  | 0.161 | My_bus/n306      |       SPEF |   1.570 | 0.000 |   2.920 | 
     | My_bus/U619 | A v -> ZN ^  | OAI21_X1  | 1.186 | My_bus/n104      |            |  66.483 | 0.674 |   3.594 | 
     | My_bus/U589 |              | AOI22_X1  | 1.186 | My_bus/n104      |       SPEF |  66.483 | 0.010 |   3.603 | 
     | My_bus/U589 | B2 ^ -> ZN v | AOI22_X1  | 0.300 | My_bus/n88       |            |  30.656 | 0.625 |   4.228 | 
     | My_bus/U588 |              | AND4_X1   | 0.301 | My_bus/n88       |       SPEF |  30.656 | 0.006 |   4.233 | 
     | My_bus/U588 | A4 v -> ZN v | AND4_X1   | 0.028 | My_bus/n300      |            |   0.983 | 0.285 |   4.518 | 
     | My_bus/U587 |              | AND2_X1   | 0.028 | My_bus/n300      |       SPEF |   0.983 | 0.000 |   4.518 | 
     | My_bus/U587 | A2 v -> ZN v | AND2_X1   | 0.025 | My_bus/n281      |            |   4.595 | 0.122 |   4.640 | 
     | My_bus/U586 |              | AND4_X1   | 0.025 | My_bus/n281      |       SPEF |   4.595 | 0.000 |   4.640 | 
     | My_bus/U586 | A4 v -> ZN v | AND4_X1   | 0.029 | My_bus/n298      |            |   1.541 | 0.134 |   4.774 | 
     | My_bus/U577 |              | AND4_X1   | 0.029 | My_bus/n298      |       SPEF |   1.541 | 0.000 |   4.774 | 
     | My_bus/U577 | A1 v -> ZN v | AND4_X1   | 0.029 | My_bus/n297      |            |   1.517 | 0.114 |   4.888 | 
     | My_bus/U576 |              | NAND3_X1  | 0.029 | My_bus/n297      |       SPEF |   1.517 | 0.000 |   4.888 | 
     | My_bus/U576 | A3 v -> ZN ^ | NAND3_X1  | 0.072 | My_bus/n267      |            |   5.775 | 0.104 |   4.993 | 
     | My_bus/U560 |              | NAND2_X1  | 0.072 | My_bus/n267      |       SPEF |   5.775 | 0.000 |   4.993 | 
     | My_bus/U560 | A1 ^ -> ZN v | NAND2_X1  | 0.031 | My_bus/n265      |            |   3.447 | 0.065 |   5.058 | 
     | My_bus/U559 |              | INV_X1    | 0.031 | My_bus/n265      |       SPEF |   3.447 | 0.000 |   5.058 | 
     | My_bus/U559 | A v -> ZN ^  | INV_X1    | 0.070 | My_bus/n14       |            |   7.785 | 0.097 |   5.155 | 
     | My_bus/U558 |              | NOR2_X1   | 0.070 | My_bus/n14       |       SPEF |   7.785 | 0.000 |   5.155 | 
     | My_bus/U558 | A2 ^ -> ZN v | NOR2_X1   | 0.080 | YOUR_ADDRBUS[29] |            |  34.786 | 0.129 |   5.284 | 
     | My_bus/U21  |              | INV_X8    | 0.080 | YOUR_ADDRBUS[29] |       SPEF |  34.786 | 0.003 |   5.287 | 
     | My_bus/U21  | A v -> ZN ^  | INV_X8    | 0.123 | My_bus/n96       |            | 115.304 | 0.181 |   5.468 | 
     | My_bus/U212 |              | NOR2_X1   | 0.123 | My_bus/n96       |       SPEF | 115.304 | 0.001 |   5.470 | 
     | My_bus/U212 | A2 ^ -> ZN v | NOR2_X1   | 0.128 | YOUR_ADDRBUS[25] |            |  16.755 | 0.116 |   5.586 | 
     | my_aes      |              | aesbuffer | 0.128 | YOUR_ADDRBUS[25] |       SPEF |  16.755 | 0.003 |   5.589 | 
     +------------------------------------------------------------------------------------------------------------+ 
Path 8: MET Setup Check with Pin my_aes/clk 
Endpoint:   my_aes/addr_in[24] (v) checked with  leading edge of 'CLK'
Beginpoint: EXT_BUSY           (v) triggered by  leading edge of 'CLK'
Path Groups: {CLK}
Analysis View: ensc450_av
Other End Arrival Time          0.000
- Setup                         6.897
+ Phase Shift                  15.000
= Required Time                 8.103
- Arrival Time                  5.589
= Slack Time                    2.514
     Clock Rise Edge                      0.000
     + Input Delay                        0.800
     = Beginpoint Arrival Time            0.800
     +------------------------------------------------------------------------------------------------------------+ 
     |  Instance   |     Arc      |   Cell    |  Slew |       Net        |    Arc     |  Load   | Delay | Arrival | 
     |             |              |           |       |                  | Annotation |         |       |  Time   | 
     |-------------+--------------+-----------+-------+------------------+------------+---------+-------+---------| 
     |             | EXT_BUSY v   |           | 0.002 | EXT_BUSY         |       SPEF |  22.461 |       |   0.800 | 
     | My_bus/U634 |              | AOI22_X1  | 0.004 | EXT_BUSY         |       SPEF |  22.461 | 0.003 |   0.803 | 
     | My_bus/U634 | B1 v -> ZN ^ | AOI22_X1  | 0.092 | My_bus/n312      |            |   2.310 | 0.133 |   0.936 | 
     | My_bus/U633 |              | NOR3_X1   | 0.092 | My_bus/n312      |       SPEF |   2.310 | 0.000 |   0.936 | 
     | My_bus/U633 | A3 ^ -> ZN v | NOR3_X1   | 0.039 | My_bus/n102      |            |   9.664 | 0.085 |   1.021 | 
     | My_bus/U625 |              | AOI211_X1 | 0.039 | My_bus/n102      |       SPEF |   9.664 | 0.000 |   1.022 | 
     | My_bus/U625 | A v -> ZN ^  | AOI211_X1 | 0.266 | My_bus/n10       |            |   6.197 | 0.409 |   1.431 | 
     | My_bus/U624 |              | INV_X1    | 0.266 | My_bus/n10       |       SPEF |   6.197 | 0.000 |   1.431 | 
     | My_bus/U624 | A ^ -> ZN v  | INV_X1    | 0.106 | My_bus/n61       |            |  28.588 | 0.216 |   1.647 | 
     | My_bus/U621 |              | NOR2_X1   | 0.106 | My_bus/n61       |       SPEF |  28.588 | 0.001 |   1.648 | 
     | My_bus/U621 | A2 v -> ZN ^ | NOR2_X1   | 1.078 | My_bus/n101      |            |  61.022 | 1.264 |   2.912 | 
     | My_bus/U620 |              | INV_X1    | 1.078 | My_bus/n101      |       SPEF |  61.022 | 0.002 |   2.914 | 
     | My_bus/U620 | A ^ -> ZN v  | INV_X1    | 0.161 | My_bus/n306      |            |   1.570 | 0.005 |   2.919 | 
     | My_bus/U619 |              | OAI21_X1  | 0.161 | My_bus/n306      |       SPEF |   1.570 | 0.000 |   2.919 | 
     | My_bus/U619 | A v -> ZN ^  | OAI21_X1  | 1.186 | My_bus/n104      |            |  66.483 | 0.674 |   3.594 | 
     | My_bus/U589 |              | AOI22_X1  | 1.186 | My_bus/n104      |       SPEF |  66.483 | 0.010 |   3.603 | 
     | My_bus/U589 | B2 ^ -> ZN v | AOI22_X1  | 0.300 | My_bus/n88       |            |  30.656 | 0.625 |   4.228 | 
     | My_bus/U588 |              | AND4_X1   | 0.301 | My_bus/n88       |       SPEF |  30.656 | 0.006 |   4.233 | 
     | My_bus/U588 | A4 v -> ZN v | AND4_X1   | 0.028 | My_bus/n300      |            |   0.983 | 0.285 |   4.518 | 
     | My_bus/U587 |              | AND2_X1   | 0.028 | My_bus/n300      |       SPEF |   0.983 | 0.000 |   4.518 | 
     | My_bus/U587 | A2 v -> ZN v | AND2_X1   | 0.025 | My_bus/n281      |            |   4.595 | 0.122 |   4.640 | 
     | My_bus/U586 |              | AND4_X1   | 0.025 | My_bus/n281      |       SPEF |   4.595 | 0.000 |   4.640 | 
     | My_bus/U586 | A4 v -> ZN v | AND4_X1   | 0.029 | My_bus/n298      |            |   1.541 | 0.134 |   4.774 | 
     | My_bus/U577 |              | AND4_X1   | 0.029 | My_bus/n298      |       SPEF |   1.541 | 0.000 |   4.774 | 
     | My_bus/U577 | A1 v -> ZN v | AND4_X1   | 0.029 | My_bus/n297      |            |   1.517 | 0.114 |   4.888 | 
     | My_bus/U576 |              | NAND3_X1  | 0.029 | My_bus/n297      |       SPEF |   1.517 | 0.000 |   4.888 | 
     | My_bus/U576 | A3 v -> ZN ^ | NAND3_X1  | 0.072 | My_bus/n267      |            |   5.775 | 0.104 |   4.993 | 
     | My_bus/U560 |              | NAND2_X1  | 0.072 | My_bus/n267      |       SPEF |   5.775 | 0.000 |   4.993 | 
     | My_bus/U560 | A1 ^ -> ZN v | NAND2_X1  | 0.031 | My_bus/n265      |            |   3.447 | 0.065 |   5.058 | 
     | My_bus/U559 |              | INV_X1    | 0.031 | My_bus/n265      |       SPEF |   3.447 | 0.000 |   5.058 | 
     | My_bus/U559 | A v -> ZN ^  | INV_X1    | 0.070 | My_bus/n14       |            |   7.785 | 0.097 |   5.155 | 
     | My_bus/U558 |              | NOR2_X1   | 0.070 | My_bus/n14       |       SPEF |   7.785 | 0.000 |   5.155 | 
     | My_bus/U558 | A2 ^ -> ZN v | NOR2_X1   | 0.080 | YOUR_ADDRBUS[29] |            |  34.786 | 0.129 |   5.284 | 
     | My_bus/U21  |              | INV_X8    | 0.080 | YOUR_ADDRBUS[29] |       SPEF |  34.786 | 0.003 |   5.287 | 
     | My_bus/U21  | A v -> ZN ^  | INV_X8    | 0.123 | My_bus/n96       |            | 115.304 | 0.181 |   5.468 | 
     | My_bus/U213 |              | NOR2_X1   | 0.123 | My_bus/n96       |       SPEF | 115.304 | 0.001 |   5.470 | 
     | My_bus/U213 | A2 ^ -> ZN v | NOR2_X1   | 0.129 | YOUR_ADDRBUS[24] |            |  16.494 | 0.116 |   5.585 | 
     | my_aes      |              | aesbuffer | 0.129 | YOUR_ADDRBUS[24] |       SPEF |  16.494 | 0.003 |   5.589 | 
     +------------------------------------------------------------------------------------------------------------+ 
Path 9: MET Setup Check with Pin my_aes/clk 
Endpoint:   my_aes/addr_in[23] (v) checked with  leading edge of 'CLK'
Beginpoint: EXT_BUSY           (v) triggered by  leading edge of 'CLK'
Path Groups: {CLK}
Analysis View: ensc450_av
Other End Arrival Time          0.000
- Setup                         6.712
+ Phase Shift                  15.000
= Required Time                 8.288
- Arrival Time                  5.589
= Slack Time                    2.699
     Clock Rise Edge                      0.000
     + Input Delay                        0.800
     = Beginpoint Arrival Time            0.800
     +------------------------------------------------------------------------------------------------------------+ 
     |  Instance   |     Arc      |   Cell    |  Slew |       Net        |    Arc     |  Load   | Delay | Arrival | 
     |             |              |           |       |                  | Annotation |         |       |  Time   | 
     |-------------+--------------+-----------+-------+------------------+------------+---------+-------+---------| 
     |             | EXT_BUSY v   |           | 0.002 | EXT_BUSY         |       SPEF |  22.461 |       |   0.800 | 
     | My_bus/U634 |              | AOI22_X1  | 0.004 | EXT_BUSY         |       SPEF |  22.461 | 0.003 |   0.803 | 
     | My_bus/U634 | B1 v -> ZN ^ | AOI22_X1  | 0.092 | My_bus/n312      |            |   2.310 | 0.133 |   0.936 | 
     | My_bus/U633 |              | NOR3_X1   | 0.092 | My_bus/n312      |       SPEF |   2.310 | 0.000 |   0.936 | 
     | My_bus/U633 | A3 ^ -> ZN v | NOR3_X1   | 0.039 | My_bus/n102      |            |   9.664 | 0.085 |   1.021 | 
     | My_bus/U625 |              | AOI211_X1 | 0.039 | My_bus/n102      |       SPEF |   9.664 | 0.000 |   1.022 | 
     | My_bus/U625 | A v -> ZN ^  | AOI211_X1 | 0.266 | My_bus/n10       |            |   6.197 | 0.409 |   1.430 | 
     | My_bus/U624 |              | INV_X1    | 0.266 | My_bus/n10       |       SPEF |   6.197 | 0.000 |   1.431 | 
     | My_bus/U624 | A ^ -> ZN v  | INV_X1    | 0.106 | My_bus/n61       |            |  28.588 | 0.216 |   1.647 | 
     | My_bus/U621 |              | NOR2_X1   | 0.106 | My_bus/n61       |       SPEF |  28.588 | 0.001 |   1.648 | 
     | My_bus/U621 | A2 v -> ZN ^ | NOR2_X1   | 1.078 | My_bus/n101      |            |  61.022 | 1.264 |   2.912 | 
     | My_bus/U620 |              | INV_X1    | 1.078 | My_bus/n101      |       SPEF |  61.022 | 0.002 |   2.914 | 
     | My_bus/U620 | A ^ -> ZN v  | INV_X1    | 0.161 | My_bus/n306      |            |   1.570 | 0.005 |   2.919 | 
     | My_bus/U619 |              | OAI21_X1  | 0.161 | My_bus/n306      |       SPEF |   1.570 | 0.000 |   2.919 | 
     | My_bus/U619 | A v -> ZN ^  | OAI21_X1  | 1.186 | My_bus/n104      |            |  66.483 | 0.674 |   3.594 | 
     | My_bus/U589 |              | AOI22_X1  | 1.186 | My_bus/n104      |       SPEF |  66.483 | 0.010 |   3.603 | 
     | My_bus/U589 | B2 ^ -> ZN v | AOI22_X1  | 0.300 | My_bus/n88       |            |  30.656 | 0.625 |   4.228 | 
     | My_bus/U588 |              | AND4_X1   | 0.301 | My_bus/n88       |       SPEF |  30.656 | 0.006 |   4.233 | 
     | My_bus/U588 | A4 v -> ZN v | AND4_X1   | 0.028 | My_bus/n300      |            |   0.983 | 0.285 |   4.518 | 
     | My_bus/U587 |              | AND2_X1   | 0.028 | My_bus/n300      |       SPEF |   0.983 | 0.000 |   4.518 | 
     | My_bus/U587 | A2 v -> ZN v | AND2_X1   | 0.025 | My_bus/n281      |            |   4.595 | 0.122 |   4.640 | 
     | My_bus/U586 |              | AND4_X1   | 0.025 | My_bus/n281      |       SPEF |   4.595 | 0.000 |   4.640 | 
     | My_bus/U586 | A4 v -> ZN v | AND4_X1   | 0.029 | My_bus/n298      |            |   1.541 | 0.134 |   4.774 | 
     | My_bus/U577 |              | AND4_X1   | 0.029 | My_bus/n298      |       SPEF |   1.541 | 0.000 |   4.774 | 
     | My_bus/U577 | A1 v -> ZN v | AND4_X1   | 0.029 | My_bus/n297      |            |   1.517 | 0.114 |   4.888 | 
     | My_bus/U576 |              | NAND3_X1  | 0.029 | My_bus/n297      |       SPEF |   1.517 | 0.000 |   4.888 | 
     | My_bus/U576 | A3 v -> ZN ^ | NAND3_X1  | 0.072 | My_bus/n267      |            |   5.775 | 0.104 |   4.993 | 
     | My_bus/U560 |              | NAND2_X1  | 0.072 | My_bus/n267      |       SPEF |   5.775 | 0.000 |   4.993 | 
     | My_bus/U560 | A1 ^ -> ZN v | NAND2_X1  | 0.031 | My_bus/n265      |            |   3.447 | 0.065 |   5.058 | 
     | My_bus/U559 |              | INV_X1    | 0.031 | My_bus/n265      |       SPEF |   3.447 | 0.000 |   5.058 | 
     | My_bus/U559 | A v -> ZN ^  | INV_X1    | 0.070 | My_bus/n14       |            |   7.785 | 0.097 |   5.155 | 
     | My_bus/U558 |              | NOR2_X1   | 0.070 | My_bus/n14       |       SPEF |   7.785 | 0.000 |   5.155 | 
     | My_bus/U558 | A2 ^ -> ZN v | NOR2_X1   | 0.080 | YOUR_ADDRBUS[29] |            |  34.786 | 0.129 |   5.284 | 
     | My_bus/U21  |              | INV_X8    | 0.080 | YOUR_ADDRBUS[29] |       SPEF |  34.786 | 0.003 |   5.287 | 
     | My_bus/U21  | A v -> ZN ^  | INV_X8    | 0.123 | My_bus/n96       |            | 115.304 | 0.181 |   5.468 | 
     | My_bus/U214 |              | NOR2_X1   | 0.123 | My_bus/n96       |       SPEF | 115.304 | 0.002 |   5.470 | 
     | My_bus/U214 | A2 ^ -> ZN v | NOR2_X1   | 0.126 | YOUR_ADDRBUS[23] |            |  16.438 | 0.116 |   5.586 | 
     | my_aes      |              | aesbuffer | 0.126 | YOUR_ADDRBUS[23] |       SPEF |  16.438 | 0.003 |   5.589 | 
     +------------------------------------------------------------------------------------------------------------+ 
Path 10: MET Setup Check with Pin my_aes/clk 
Endpoint:   my_aes/addr_in[22] (v) checked with  leading edge of 'CLK'
Beginpoint: EXT_BUSY           (v) triggered by  leading edge of 'CLK'
Path Groups: {CLK}
Analysis View: ensc450_av
Other End Arrival Time          0.000
- Setup                         6.537
+ Phase Shift                  15.000
= Required Time                 8.463
- Arrival Time                  5.587
= Slack Time                    2.877
     Clock Rise Edge                      0.000
     + Input Delay                        0.800
     = Beginpoint Arrival Time            0.800
     +------------------------------------------------------------------------------------------------------------+ 
     |  Instance   |     Arc      |   Cell    |  Slew |       Net        |    Arc     |  Load   | Delay | Arrival | 
     |             |              |           |       |                  | Annotation |         |       |  Time   | 
     |-------------+--------------+-----------+-------+------------------+------------+---------+-------+---------| 
     |             | EXT_BUSY v   |           | 0.002 | EXT_BUSY         |       SPEF |  22.461 |       |   0.800 | 
     | My_bus/U634 |              | AOI22_X1  | 0.004 | EXT_BUSY         |       SPEF |  22.461 | 0.003 |   0.803 | 
     | My_bus/U634 | B1 v -> ZN ^ | AOI22_X1  | 0.092 | My_bus/n312      |            |   2.310 | 0.133 |   0.936 | 
     | My_bus/U633 |              | NOR3_X1   | 0.092 | My_bus/n312      |       SPEF |   2.310 | 0.000 |   0.936 | 
     | My_bus/U633 | A3 ^ -> ZN v | NOR3_X1   | 0.039 | My_bus/n102      |            |   9.664 | 0.085 |   1.021 | 
     | My_bus/U625 |              | AOI211_X1 | 0.039 | My_bus/n102      |       SPEF |   9.664 | 0.000 |   1.022 | 
     | My_bus/U625 | A v -> ZN ^  | AOI211_X1 | 0.266 | My_bus/n10       |            |   6.197 | 0.409 |   1.431 | 
     | My_bus/U624 |              | INV_X1    | 0.266 | My_bus/n10       |       SPEF |   6.197 | 0.000 |   1.431 | 
     | My_bus/U624 | A ^ -> ZN v  | INV_X1    | 0.106 | My_bus/n61       |            |  28.588 | 0.216 |   1.647 | 
     | My_bus/U621 |              | NOR2_X1   | 0.106 | My_bus/n61       |       SPEF |  28.588 | 0.001 |   1.648 | 
     | My_bus/U621 | A2 v -> ZN ^ | NOR2_X1   | 1.078 | My_bus/n101      |            |  61.022 | 1.264 |   2.912 | 
     | My_bus/U620 |              | INV_X1    | 1.078 | My_bus/n101      |       SPEF |  61.022 | 0.002 |   2.914 | 
     | My_bus/U620 | A ^ -> ZN v  | INV_X1    | 0.161 | My_bus/n306      |            |   1.570 | 0.005 |   2.920 | 
     | My_bus/U619 |              | OAI21_X1  | 0.161 | My_bus/n306      |       SPEF |   1.570 | 0.000 |   2.920 | 
     | My_bus/U619 | A v -> ZN ^  | OAI21_X1  | 1.186 | My_bus/n104      |            |  66.483 | 0.674 |   3.594 | 
     | My_bus/U589 |              | AOI22_X1  | 1.186 | My_bus/n104      |       SPEF |  66.483 | 0.010 |   3.603 | 
     | My_bus/U589 | B2 ^ -> ZN v | AOI22_X1  | 0.300 | My_bus/n88       |            |  30.656 | 0.625 |   4.228 | 
     | My_bus/U588 |              | AND4_X1   | 0.301 | My_bus/n88       |       SPEF |  30.656 | 0.006 |   4.233 | 
     | My_bus/U588 | A4 v -> ZN v | AND4_X1   | 0.028 | My_bus/n300      |            |   0.983 | 0.285 |   4.518 | 
     | My_bus/U587 |              | AND2_X1   | 0.028 | My_bus/n300      |       SPEF |   0.983 | 0.000 |   4.518 | 
     | My_bus/U587 | A2 v -> ZN v | AND2_X1   | 0.025 | My_bus/n281      |            |   4.595 | 0.122 |   4.640 | 
     | My_bus/U586 |              | AND4_X1   | 0.025 | My_bus/n281      |       SPEF |   4.595 | 0.000 |   4.640 | 
     | My_bus/U586 | A4 v -> ZN v | AND4_X1   | 0.029 | My_bus/n298      |            |   1.541 | 0.134 |   4.774 | 
     | My_bus/U577 |              | AND4_X1   | 0.029 | My_bus/n298      |       SPEF |   1.541 | 0.000 |   4.774 | 
     | My_bus/U577 | A1 v -> ZN v | AND4_X1   | 0.029 | My_bus/n297      |            |   1.517 | 0.114 |   4.888 | 
     | My_bus/U576 |              | NAND3_X1  | 0.029 | My_bus/n297      |       SPEF |   1.517 | 0.000 |   4.888 | 
     | My_bus/U576 | A3 v -> ZN ^ | NAND3_X1  | 0.072 | My_bus/n267      |            |   5.775 | 0.104 |   4.993 | 
     | My_bus/U560 |              | NAND2_X1  | 0.072 | My_bus/n267      |       SPEF |   5.775 | 0.000 |   4.993 | 
     | My_bus/U560 | A1 ^ -> ZN v | NAND2_X1  | 0.031 | My_bus/n265      |            |   3.447 | 0.065 |   5.058 | 
     | My_bus/U559 |              | INV_X1    | 0.031 | My_bus/n265      |       SPEF |   3.447 | 0.000 |   5.058 | 
     | My_bus/U559 | A v -> ZN ^  | INV_X1    | 0.070 | My_bus/n14       |            |   7.785 | 0.097 |   5.155 | 
     | My_bus/U558 |              | NOR2_X1   | 0.070 | My_bus/n14       |       SPEF |   7.785 | 0.000 |   5.155 | 
     | My_bus/U558 | A2 ^ -> ZN v | NOR2_X1   | 0.080 | YOUR_ADDRBUS[29] |            |  34.786 | 0.129 |   5.284 | 
     | My_bus/U21  |              | INV_X8    | 0.080 | YOUR_ADDRBUS[29] |       SPEF |  34.786 | 0.003 |   5.287 | 
     | My_bus/U21  | A v -> ZN ^  | INV_X8    | 0.123 | My_bus/n96       |            | 115.304 | 0.181 |   5.468 | 
     | My_bus/U215 |              | NOR2_X1   | 0.123 | My_bus/n96       |       SPEF | 115.304 | 0.002 |   5.470 | 
     | My_bus/U215 | A2 ^ -> ZN v | NOR2_X1   | 0.141 | YOUR_ADDRBUS[22] |            |  15.752 | 0.114 |   5.584 | 
     | my_aes      |              | aesbuffer | 0.141 | YOUR_ADDRBUS[22] |       SPEF |  15.752 | 0.003 |   5.587 | 
     +------------------------------------------------------------------------------------------------------------+ 

