###############################################################
#  Generated by:      Cadence Innovus 18.10-p002_1
#  OS:                Linux x86_64(Host ID ensc-esil-01)
#  Generated on:      Tue Apr 20 11:46:24 2021
#  Design:            ensc450
#  Command:           report_timing -net -format {instance arc cell slew net annotation load delay arrival} -max_paths 10 >  results/timing/07-postCtsOpt_setup.rpt
###############################################################
Path 1: MET Setup Check with Pin my_aes/clk 
Endpoint:   my_aes/addr_in[30] (v) checked with  leading edge of 'CLK'
Beginpoint: EXT_BUSY           (^) triggered by  leading edge of 'CLK'
Path Groups: {CLK}
Analysis View: ensc450_av
Other End Arrival Time          0.000
- Setup                         7.979
+ Phase Shift                  15.000
= Required Time                 7.021
- Arrival Time                  4.450
= Slack Time                    2.572
     Clock Rise Edge                      0.000
     + Input Delay                        0.800
     = Beginpoint Arrival Time            0.800
     +-------------------------------------------------------------------------------------------------------------------------+ 
     |       Instance       |     Arc      |   Cell    |  Slew |         Net          |    Arc     |  Load   | Delay | Arrival | 
     |                      |              |           |       |                      | Annotation |         |       |  Time   | 
     |----------------------+--------------+-----------+-------+----------------------+------------+---------+-------+---------| 
     |                      | EXT_BUSY ^   |           | 0.002 | EXT_BUSY             |       SPEF |  25.416 |       |   0.800 | 
     | My_bus/FE_RC_0_0     |              | NAND2_X1  | 0.004 | EXT_BUSY             |       SPEF |  25.416 | 0.004 |   0.804 | 
     | My_bus/FE_RC_0_0     | A1 ^ -> ZN v | NAND2_X1  | 0.049 | My_bus/n312          |            |   2.316 | 0.026 |   0.830 | 
     | My_bus/U633          |              | NOR3_X1   | 0.049 | My_bus/n312          |       SPEF |   2.316 | 0.000 |   0.830 | 
     | My_bus/U633          | A3 v -> ZN ^ | NOR3_X1   | 0.372 | My_bus/n102          |            |  11.339 | 0.507 |   1.338 | 
     | My_bus/U625          |              | AOI211_X1 | 0.372 | My_bus/n102          |       SPEF |  11.339 | 0.000 |   1.338 | 
     | My_bus/U625          | A ^ -> ZN v  | AOI211_X1 | 0.092 | My_bus/n10           |            |   4.126 | 0.127 |   1.466 | 
     | My_bus/U624          |              | INV_X1    | 0.092 | My_bus/n10           |       SPEF |   4.126 | 0.000 |   1.466 | 
     | My_bus/U624          | A v -> ZN ^  | INV_X1    | 0.302 | My_bus/n61           |            |  36.059 | 0.376 |   1.842 | 
     | My_bus/U621          |              | NOR2_X4   | 0.302 | My_bus/n61           |       SPEF |  36.059 | 0.001 |   1.844 | 
     | My_bus/U621          | A2 ^ -> ZN v | NOR2_X4   | 0.094 | My_bus/n101          |            |  57.316 | 0.162 |   2.005 | 
     | My_bus/U620          |              | INV_X1    | 0.094 | My_bus/n101          |       SPEF |  57.316 | 0.002 |   2.007 | 
     | My_bus/U620          | A v -> ZN ^  | INV_X1    | 0.065 | My_bus/n306          |            |   6.465 | 0.127 |   2.134 | 
     | My_bus/U619          |              | OAI21_X4  | 0.065 | My_bus/n306          |       SPEF |   6.465 | 0.000 |   2.134 | 
     | My_bus/U619          | A ^ -> ZN v  | OAI21_X4  | 0.105 | My_bus/n104          |            |  36.678 | 0.101 |   2.236 | 
     | My_bus/FE_OFC42_n104 |              | BUF_X1    | 0.105 | My_bus/n104          |       SPEF |  36.678 | 0.005 |   2.240 | 
     | My_bus/FE_OFC42_n104 | A v -> Z v   | BUF_X1    | 0.058 | My_bus/FE_OFN42_n104 |            |  23.163 | 0.206 |   2.446 | 
     | My_bus/U596          |              | AOI22_X1  | 0.058 | My_bus/FE_OFN42_n104 |       SPEF |  23.163 | 0.001 |   2.447 | 
     | My_bus/U596          | B2 v -> ZN ^ | AOI22_X1  | 0.104 | My_bus/n86           |            |   2.326 | 0.203 |   2.650 | 
     | My_bus/FE_OFC79_n86  |              | BUF_X1    | 0.104 | My_bus/n86           |       SPEF |   2.326 | 0.000 |   2.650 | 
     | My_bus/FE_OFC79_n86  | A ^ -> Z ^   | BUF_X1    | 0.242 | My_bus/FE_OFN79_n86  |            |  28.411 | 0.323 |   2.973 | 
     | My_bus/U593          |              | AND4_X1   | 0.242 | My_bus/FE_OFN79_n86  |       SPEF |  28.411 | 0.005 |   2.978 | 
     | My_bus/U593          | A2 ^ -> ZN ^ | AND4_X1   | 0.035 | My_bus/n299          |            |   1.042 | 0.238 |   3.216 | 
     | My_bus/U587          |              | AND2_X1   | 0.035 | My_bus/n299          |       SPEF |   1.042 | 0.000 |   3.216 | 
     | My_bus/U587          | A1 ^ -> ZN ^ | AND2_X1   | 0.051 | My_bus/n281          |            |   4.932 | 0.123 |   3.340 | 
     | My_bus/U586          |              | AND4_X1   | 0.051 | My_bus/n281          |       SPEF |   4.932 | 0.000 |   3.340 | 
     | My_bus/U586          | A4 ^ -> ZN ^ | AND4_X1   | 0.040 | My_bus/n298          |            |   1.627 | 0.179 |   3.518 | 
     | My_bus/U577          |              | AND4_X1   | 0.040 | My_bus/n298          |       SPEF |   1.627 | 0.000 |   3.518 | 
     | My_bus/U577          | A1 ^ -> ZN ^ | AND4_X1   | 0.040 | My_bus/n297          |            |   1.736 | 0.157 |   3.676 | 
     | My_bus/U576          |              | NAND3_X1  | 0.040 | My_bus/n297          |       SPEF |   1.736 | 0.000 |   3.676 | 
     | My_bus/U576          | A3 ^ -> ZN v | NAND3_X1  | 0.090 | My_bus/n267          |            |   5.404 | 0.089 |   3.765 | 
     | My_bus/U565          |              | NAND2_X1  | 0.090 | My_bus/n267          |       SPEF |   5.404 | 0.000 |   3.765 | 
     | My_bus/U565          | A1 v -> ZN ^ | NAND2_X1  | 0.062 | My_bus/n266          |            |   5.377 | 0.120 |   3.886 | 
     | My_bus/U558          |              | NOR2_X2   | 0.062 | My_bus/n266          |       SPEF |   5.377 | 0.000 |   3.886 | 
     | My_bus/U558          | A1 ^ -> ZN v | NOR2_X2   | 0.045 | YOUR_ADDRBUS[29]     |            |  29.127 | 0.073 |   3.959 | 
     | My_bus/U21           |              | INV_X4    | 0.045 | YOUR_ADDRBUS[29]     |       SPEF |  29.127 | 0.005 |   3.964 | 
     | My_bus/U21           | A v -> ZN ^  | INV_X4    | 0.265 | My_bus/n96           |            | 123.849 | 0.297 |   4.261 | 
     | My_bus/U207          |              | NOR2_X1   | 0.265 | My_bus/n96           |       SPEF | 123.849 | 0.012 |   4.274 | 
     | My_bus/U207          | A2 ^ -> ZN v | NOR2_X1   | 0.091 | YOUR_ADDRBUS[30]     |            |  17.810 | 0.171 |   4.445 | 
     | my_aes               |              | aesbuffer | 0.091 | YOUR_ADDRBUS[30]     |       SPEF |  17.810 | 0.005 |   4.450 | 
     +-------------------------------------------------------------------------------------------------------------------------+ 
Path 2: MET Setup Check with Pin my_aes/clk 
Endpoint:   my_aes/addr_in[31] (v) checked with  leading edge of 'CLK'
Beginpoint: EXT_BUSY           (^) triggered by  leading edge of 'CLK'
Path Groups: {CLK}
Analysis View: ensc450_av
Other End Arrival Time          0.000
- Setup                         8.000
+ Phase Shift                  15.000
= Required Time                 7.000
- Arrival Time                  4.425
= Slack Time                    2.575
     Clock Rise Edge                      0.000
     + Input Delay                        0.800
     = Beginpoint Arrival Time            0.800
     +-------------------------------------------------------------------------------------------------------------------------+ 
     |       Instance       |     Arc      |   Cell    |  Slew |         Net          |    Arc     |  Load   | Delay | Arrival | 
     |                      |              |           |       |                      | Annotation |         |       |  Time   | 
     |----------------------+--------------+-----------+-------+----------------------+------------+---------+-------+---------| 
     |                      | EXT_BUSY ^   |           | 0.002 | EXT_BUSY             |       SPEF |  25.416 |       |   0.800 | 
     | My_bus/FE_RC_0_0     |              | NAND2_X1  | 0.004 | EXT_BUSY             |       SPEF |  25.416 | 0.004 |   0.804 | 
     | My_bus/FE_RC_0_0     | A1 ^ -> ZN v | NAND2_X1  | 0.049 | My_bus/n312          |            |   2.316 | 0.026 |   0.830 | 
     | My_bus/U633          |              | NOR3_X1   | 0.049 | My_bus/n312          |       SPEF |   2.316 | 0.000 |   0.830 | 
     | My_bus/U633          | A3 v -> ZN ^ | NOR3_X1   | 0.372 | My_bus/n102          |            |  11.339 | 0.507 |   1.338 | 
     | My_bus/U625          |              | AOI211_X1 | 0.372 | My_bus/n102          |       SPEF |  11.339 | 0.000 |   1.338 | 
     | My_bus/U625          | A ^ -> ZN v  | AOI211_X1 | 0.092 | My_bus/n10           |            |   4.126 | 0.127 |   1.466 | 
     | My_bus/U624          |              | INV_X1    | 0.092 | My_bus/n10           |       SPEF |   4.126 | 0.000 |   1.466 | 
     | My_bus/U624          | A v -> ZN ^  | INV_X1    | 0.302 | My_bus/n61           |            |  36.059 | 0.376 |   1.842 | 
     | My_bus/U621          |              | NOR2_X4   | 0.302 | My_bus/n61           |       SPEF |  36.059 | 0.001 |   1.844 | 
     | My_bus/U621          | A2 ^ -> ZN v | NOR2_X4   | 0.094 | My_bus/n101          |            |  57.316 | 0.162 |   2.005 | 
     | My_bus/U620          |              | INV_X1    | 0.094 | My_bus/n101          |       SPEF |  57.316 | 0.002 |   2.007 | 
     | My_bus/U620          | A v -> ZN ^  | INV_X1    | 0.065 | My_bus/n306          |            |   6.465 | 0.127 |   2.134 | 
     | My_bus/U619          |              | OAI21_X4  | 0.065 | My_bus/n306          |       SPEF |   6.465 | 0.000 |   2.134 | 
     | My_bus/U619          | A ^ -> ZN v  | OAI21_X4  | 0.105 | My_bus/n104          |            |  36.678 | 0.101 |   2.236 | 
     | My_bus/FE_OFC42_n104 |              | BUF_X1    | 0.105 | My_bus/n104          |       SPEF |  36.678 | 0.005 |   2.240 | 
     | My_bus/FE_OFC42_n104 | A v -> Z v   | BUF_X1    | 0.058 | My_bus/FE_OFN42_n104 |            |  23.163 | 0.206 |   2.446 | 
     | My_bus/U596          |              | AOI22_X1  | 0.058 | My_bus/FE_OFN42_n104 |       SPEF |  23.163 | 0.001 |   2.447 | 
     | My_bus/U596          | B2 v -> ZN ^ | AOI22_X1  | 0.104 | My_bus/n86           |            |   2.326 | 0.203 |   2.650 | 
     | My_bus/FE_OFC79_n86  |              | BUF_X1    | 0.104 | My_bus/n86           |       SPEF |   2.326 | 0.000 |   2.650 | 
     | My_bus/FE_OFC79_n86  | A ^ -> Z ^   | BUF_X1    | 0.242 | My_bus/FE_OFN79_n86  |            |  28.411 | 0.323 |   2.973 | 
     | My_bus/U593          |              | AND4_X1   | 0.242 | My_bus/FE_OFN79_n86  |       SPEF |  28.411 | 0.005 |   2.978 | 
     | My_bus/U593          | A2 ^ -> ZN ^ | AND4_X1   | 0.035 | My_bus/n299          |            |   1.042 | 0.238 |   3.216 | 
     | My_bus/U587          |              | AND2_X1   | 0.035 | My_bus/n299          |       SPEF |   1.042 | 0.000 |   3.216 | 
     | My_bus/U587          | A1 ^ -> ZN ^ | AND2_X1   | 0.051 | My_bus/n281          |            |   4.932 | 0.123 |   3.340 | 
     | My_bus/U586          |              | AND4_X1   | 0.051 | My_bus/n281          |       SPEF |   4.932 | 0.000 |   3.340 | 
     | My_bus/U586          | A4 ^ -> ZN ^ | AND4_X1   | 0.040 | My_bus/n298          |            |   1.627 | 0.179 |   3.518 | 
     | My_bus/U577          |              | AND4_X1   | 0.040 | My_bus/n298          |       SPEF |   1.627 | 0.000 |   3.519 | 
     | My_bus/U577          | A1 ^ -> ZN ^ | AND4_X1   | 0.040 | My_bus/n297          |            |   1.736 | 0.157 |   3.676 | 
     | My_bus/U576          |              | NAND3_X1  | 0.040 | My_bus/n297          |       SPEF |   1.736 | 0.000 |   3.676 | 
     | My_bus/U576          | A3 ^ -> ZN v | NAND3_X1  | 0.090 | My_bus/n267          |            |   5.404 | 0.089 |   3.765 | 
     | My_bus/U565          |              | NAND2_X1  | 0.090 | My_bus/n267          |       SPEF |   5.404 | 0.000 |   3.766 | 
     | My_bus/U565          | A1 v -> ZN ^ | NAND2_X1  | 0.062 | My_bus/n266          |            |   5.377 | 0.120 |   3.886 | 
     | My_bus/U558          |              | NOR2_X2   | 0.062 | My_bus/n266          |       SPEF |   5.377 | 0.000 |   3.886 | 
     | My_bus/U558          | A1 ^ -> ZN v | NOR2_X2   | 0.045 | YOUR_ADDRBUS[29]     |            |  29.127 | 0.073 |   3.959 | 
     | My_bus/U21           |              | INV_X4    | 0.045 | YOUR_ADDRBUS[29]     |       SPEF |  29.127 | 0.005 |   3.964 | 
     | My_bus/U21           | A v -> ZN ^  | INV_X4    | 0.265 | My_bus/n96           |            | 123.849 | 0.297 |   4.261 | 
     | My_bus/U206          |              | NOR2_X1   | 0.265 | My_bus/n96           |       SPEF | 123.849 | 0.012 |   4.274 | 
     | My_bus/U206          | A2 ^ -> ZN v | NOR2_X1   | 0.097 | YOUR_ADDRBUS[31]     |            |  12.904 | 0.149 |   4.422 | 
     | my_aes               |              | aesbuffer | 0.097 | YOUR_ADDRBUS[31]     |       SPEF |  12.904 | 0.003 |   4.425 | 
     +-------------------------------------------------------------------------------------------------------------------------+ 
Path 3: MET Setup Check with Pin my_aes/clk 
Endpoint:   my_aes/addr_in[29] (^) checked with  leading edge of 'CLK'
Beginpoint: EXT_BUSY           (^) triggered by  leading edge of 'CLK'
Path Groups: {CLK}
Analysis View: ensc450_av
Other End Arrival Time          0.000
- Setup                         7.801
+ Phase Shift                  15.000
= Required Time                 7.199
- Arrival Time                  4.295
= Slack Time                    2.903
     Clock Rise Edge                      0.000
     + Input Delay                        0.800
     = Beginpoint Arrival Time            0.800
     +------------------------------------------------------------------------------------------------------------------------+ 
     |       Instance       |     Arc      |   Cell    |  Slew |         Net          |    Arc     |  Load  | Delay | Arrival | 
     |                      |              |           |       |                      | Annotation |        |       |  Time   | 
     |----------------------+--------------+-----------+-------+----------------------+------------+--------+-------+---------| 
     |                      | EXT_BUSY ^   |           | 0.002 | EXT_BUSY             |       SPEF | 25.416 |       |   0.800 | 
     | My_bus/FE_RC_0_0     |              | NAND2_X1  | 0.004 | EXT_BUSY             |       SPEF | 25.416 | 0.004 |   0.804 | 
     | My_bus/FE_RC_0_0     | A1 ^ -> ZN v | NAND2_X1  | 0.049 | My_bus/n312          |            |  2.316 | 0.026 |   0.830 | 
     | My_bus/U633          |              | NOR3_X1   | 0.049 | My_bus/n312          |       SPEF |  2.316 | 0.000 |   0.830 | 
     | My_bus/U633          | A3 v -> ZN ^ | NOR3_X1   | 0.372 | My_bus/n102          |            | 11.339 | 0.507 |   1.338 | 
     | My_bus/U625          |              | AOI211_X1 | 0.372 | My_bus/n102          |       SPEF | 11.339 | 0.000 |   1.338 | 
     | My_bus/U625          | A ^ -> ZN v  | AOI211_X1 | 0.092 | My_bus/n10           |            |  4.126 | 0.127 |   1.466 | 
     | My_bus/U624          |              | INV_X1    | 0.092 | My_bus/n10           |       SPEF |  4.126 | 0.000 |   1.466 | 
     | My_bus/U624          | A v -> ZN ^  | INV_X1    | 0.302 | My_bus/n61           |            | 36.059 | 0.376 |   1.842 | 
     | My_bus/U621          |              | NOR2_X4   | 0.302 | My_bus/n61           |       SPEF | 36.059 | 0.001 |   1.844 | 
     | My_bus/U621          | A2 ^ -> ZN v | NOR2_X4   | 0.094 | My_bus/n101          |            | 57.316 | 0.162 |   2.005 | 
     | My_bus/U620          |              | INV_X1    | 0.094 | My_bus/n101          |       SPEF | 57.316 | 0.002 |   2.007 | 
     | My_bus/U620          | A v -> ZN ^  | INV_X1    | 0.065 | My_bus/n306          |            |  6.465 | 0.127 |   2.134 | 
     | My_bus/U619          |              | OAI21_X4  | 0.065 | My_bus/n306          |       SPEF |  6.465 | 0.000 |   2.134 | 
     | My_bus/U619          | A ^ -> ZN v  | OAI21_X4  | 0.105 | My_bus/n104          |            | 36.678 | 0.101 |   2.236 | 
     | My_bus/FE_OFC42_n104 |              | BUF_X1    | 0.105 | My_bus/n104          |       SPEF | 36.678 | 0.005 |   2.240 | 
     | My_bus/FE_OFC42_n104 | A v -> Z v   | BUF_X1    | 0.058 | My_bus/FE_OFN42_n104 |            | 23.163 | 0.206 |   2.446 | 
     | My_bus/U596          |              | AOI22_X1  | 0.058 | My_bus/FE_OFN42_n104 |       SPEF | 23.163 | 0.001 |   2.447 | 
     | My_bus/U596          | B2 v -> ZN ^ | AOI22_X1  | 0.104 | My_bus/n86           |            |  2.326 | 0.203 |   2.650 | 
     | My_bus/FE_OFC79_n86  |              | BUF_X1    | 0.104 | My_bus/n86           |       SPEF |  2.326 | 0.000 |   2.650 | 
     | My_bus/FE_OFC79_n86  | A ^ -> Z ^   | BUF_X1    | 0.242 | My_bus/FE_OFN79_n86  |            | 28.411 | 0.323 |   2.973 | 
     | My_bus/U593          |              | AND4_X1   | 0.242 | My_bus/FE_OFN79_n86  |       SPEF | 28.411 | 0.005 |   2.978 | 
     | My_bus/U593          | A2 ^ -> ZN ^ | AND4_X1   | 0.035 | My_bus/n299          |            |  1.042 | 0.238 |   3.216 | 
     | My_bus/U587          |              | AND2_X1   | 0.035 | My_bus/n299          |       SPEF |  1.042 | 0.000 |   3.216 | 
     | My_bus/U587          | A1 ^ -> ZN ^ | AND2_X1   | 0.051 | My_bus/n281          |            |  4.932 | 0.123 |   3.340 | 
     | My_bus/U586          |              | AND4_X1   | 0.051 | My_bus/n281          |       SPEF |  4.932 | 0.000 |   3.340 | 
     | My_bus/U586          | A4 ^ -> ZN ^ | AND4_X1   | 0.040 | My_bus/n298          |            |  1.627 | 0.179 |   3.518 | 
     | My_bus/U577          |              | AND4_X1   | 0.040 | My_bus/n298          |       SPEF |  1.627 | 0.000 |   3.518 | 
     | My_bus/U577          | A1 ^ -> ZN ^ | AND4_X1   | 0.040 | My_bus/n297          |            |  1.736 | 0.157 |   3.676 | 
     | My_bus/U576          |              | NAND3_X1  | 0.040 | My_bus/n297          |       SPEF |  1.736 | 0.000 |   3.676 | 
     | My_bus/U576          | A3 ^ -> ZN v | NAND3_X1  | 0.090 | My_bus/n267          |            |  5.404 | 0.089 |   3.765 | 
     | My_bus/U560          |              | NAND2_X1  | 0.090 | My_bus/n267          |       SPEF |  5.404 | 0.000 |   3.765 | 
     | My_bus/U560          | A1 v -> ZN ^ | NAND2_X1  | 0.052 | My_bus/n265          |            |  3.915 | 0.107 |   3.873 | 
     | My_bus/U559          |              | INV_X1    | 0.052 | My_bus/n265          |       SPEF |  3.915 | 0.000 |   3.873 | 
     | My_bus/U559          | A ^ -> ZN v  | INV_X1    | 0.025 | My_bus/n14           |            |  8.928 | 0.056 |   3.929 | 
     | My_bus/U558          |              | NOR2_X2   | 0.025 | My_bus/n14           |       SPEF |  8.928 | 0.000 |   3.930 | 
     | My_bus/U558          | A2 v -> ZN ^ | NOR2_X2   | 0.291 | YOUR_ADDRBUS[29]     |            | 29.756 | 0.357 |   4.286 | 
     | my_aes               |              | aesbuffer | 0.291 | YOUR_ADDRBUS[29]     |       SPEF | 29.756 | 0.009 |   4.295 | 
     +------------------------------------------------------------------------------------------------------------------------+ 
Path 4: MET Setup Check with Pin my_aes/clk 
Endpoint:   my_aes/addr_in[28] (v) checked with  leading edge of 'CLK'
Beginpoint: EXT_BUSY           (^) triggered by  leading edge of 'CLK'
Path Groups: {CLK}
Analysis View: ensc450_av
Other End Arrival Time          0.000
- Setup                         7.611
+ Phase Shift                  15.000
= Required Time                 7.389
- Arrival Time                  4.455
= Slack Time                    2.934
     Clock Rise Edge                      0.000
     + Input Delay                        0.800
     = Beginpoint Arrival Time            0.800
     +-------------------------------------------------------------------------------------------------------------------------+ 
     |       Instance       |     Arc      |   Cell    |  Slew |         Net          |    Arc     |  Load   | Delay | Arrival | 
     |                      |              |           |       |                      | Annotation |         |       |  Time   | 
     |----------------------+--------------+-----------+-------+----------------------+------------+---------+-------+---------| 
     |                      | EXT_BUSY ^   |           | 0.002 | EXT_BUSY             |       SPEF |  25.416 |       |   0.800 | 
     | My_bus/FE_RC_0_0     |              | NAND2_X1  | 0.004 | EXT_BUSY             |       SPEF |  25.416 | 0.004 |   0.804 | 
     | My_bus/FE_RC_0_0     | A1 ^ -> ZN v | NAND2_X1  | 0.049 | My_bus/n312          |            |   2.316 | 0.026 |   0.830 | 
     | My_bus/U633          |              | NOR3_X1   | 0.049 | My_bus/n312          |       SPEF |   2.316 | 0.000 |   0.830 | 
     | My_bus/U633          | A3 v -> ZN ^ | NOR3_X1   | 0.372 | My_bus/n102          |            |  11.339 | 0.507 |   1.338 | 
     | My_bus/U625          |              | AOI211_X1 | 0.372 | My_bus/n102          |       SPEF |  11.339 | 0.000 |   1.338 | 
     | My_bus/U625          | A ^ -> ZN v  | AOI211_X1 | 0.092 | My_bus/n10           |            |   4.126 | 0.127 |   1.466 | 
     | My_bus/U624          |              | INV_X1    | 0.092 | My_bus/n10           |       SPEF |   4.126 | 0.000 |   1.466 | 
     | My_bus/U624          | A v -> ZN ^  | INV_X1    | 0.302 | My_bus/n61           |            |  36.059 | 0.376 |   1.842 | 
     | My_bus/U621          |              | NOR2_X4   | 0.302 | My_bus/n61           |       SPEF |  36.059 | 0.001 |   1.844 | 
     | My_bus/U621          | A2 ^ -> ZN v | NOR2_X4   | 0.094 | My_bus/n101          |            |  57.316 | 0.162 |   2.005 | 
     | My_bus/U620          |              | INV_X1    | 0.094 | My_bus/n101          |       SPEF |  57.316 | 0.002 |   2.007 | 
     | My_bus/U620          | A v -> ZN ^  | INV_X1    | 0.065 | My_bus/n306          |            |   6.465 | 0.127 |   2.134 | 
     | My_bus/U619          |              | OAI21_X4  | 0.065 | My_bus/n306          |       SPEF |   6.465 | 0.000 |   2.134 | 
     | My_bus/U619          | A ^ -> ZN v  | OAI21_X4  | 0.105 | My_bus/n104          |            |  36.678 | 0.101 |   2.236 | 
     | My_bus/FE_OFC42_n104 |              | BUF_X1    | 0.105 | My_bus/n104          |       SPEF |  36.678 | 0.005 |   2.240 | 
     | My_bus/FE_OFC42_n104 | A v -> Z v   | BUF_X1    | 0.058 | My_bus/FE_OFN42_n104 |            |  23.163 | 0.206 |   2.446 | 
     | My_bus/U596          |              | AOI22_X1  | 0.058 | My_bus/FE_OFN42_n104 |       SPEF |  23.163 | 0.001 |   2.447 | 
     | My_bus/U596          | B2 v -> ZN ^ | AOI22_X1  | 0.104 | My_bus/n86           |            |   2.326 | 0.203 |   2.650 | 
     | My_bus/FE_OFC79_n86  |              | BUF_X1    | 0.104 | My_bus/n86           |       SPEF |   2.326 | 0.000 |   2.650 | 
     | My_bus/FE_OFC79_n86  | A ^ -> Z ^   | BUF_X1    | 0.242 | My_bus/FE_OFN79_n86  |            |  28.411 | 0.323 |   2.973 | 
     | My_bus/U593          |              | AND4_X1   | 0.242 | My_bus/FE_OFN79_n86  |       SPEF |  28.411 | 0.005 |   2.978 | 
     | My_bus/U593          | A2 ^ -> ZN ^ | AND4_X1   | 0.035 | My_bus/n299          |            |   1.042 | 0.238 |   3.216 | 
     | My_bus/U587          |              | AND2_X1   | 0.035 | My_bus/n299          |       SPEF |   1.042 | 0.000 |   3.216 | 
     | My_bus/U587          | A1 ^ -> ZN ^ | AND2_X1   | 0.051 | My_bus/n281          |            |   4.932 | 0.123 |   3.340 | 
     | My_bus/U586          |              | AND4_X1   | 0.051 | My_bus/n281          |       SPEF |   4.932 | 0.000 |   3.340 | 
     | My_bus/U586          | A4 ^ -> ZN ^ | AND4_X1   | 0.040 | My_bus/n298          |            |   1.627 | 0.179 |   3.518 | 
     | My_bus/U577          |              | AND4_X1   | 0.040 | My_bus/n298          |       SPEF |   1.627 | 0.000 |   3.518 | 
     | My_bus/U577          | A1 ^ -> ZN ^ | AND4_X1   | 0.040 | My_bus/n297          |            |   1.736 | 0.157 |   3.676 | 
     | My_bus/U576          |              | NAND3_X1  | 0.040 | My_bus/n297          |       SPEF |   1.736 | 0.000 |   3.676 | 
     | My_bus/U576          | A3 ^ -> ZN v | NAND3_X1  | 0.090 | My_bus/n267          |            |   5.404 | 0.089 |   3.765 | 
     | My_bus/U565          |              | NAND2_X1  | 0.090 | My_bus/n267          |       SPEF |   5.404 | 0.000 |   3.765 | 
     | My_bus/U565          | A1 v -> ZN ^ | NAND2_X1  | 0.062 | My_bus/n266          |            |   5.377 | 0.120 |   3.886 | 
     | My_bus/U558          |              | NOR2_X2   | 0.062 | My_bus/n266          |       SPEF |   5.377 | 0.000 |   3.886 | 
     | My_bus/U558          | A1 ^ -> ZN v | NOR2_X2   | 0.045 | YOUR_ADDRBUS[29]     |            |  29.127 | 0.073 |   3.959 | 
     | My_bus/U21           |              | INV_X4    | 0.045 | YOUR_ADDRBUS[29]     |       SPEF |  29.127 | 0.005 |   3.964 | 
     | My_bus/U21           | A v -> ZN ^  | INV_X4    | 0.265 | My_bus/n96           |            | 123.849 | 0.297 |   4.261 | 
     | My_bus/U209          |              | NOR2_X1   | 0.265 | My_bus/n96           |       SPEF | 123.849 | 0.012 |   4.273 | 
     | My_bus/U209          | A2 ^ -> ZN v | NOR2_X1   | 0.093 | YOUR_ADDRBUS[28]     |            |  19.151 | 0.177 |   4.451 | 
     | my_aes               |              | aesbuffer | 0.093 | YOUR_ADDRBUS[28]     |       SPEF |  19.151 | 0.005 |   4.455 | 
     +-------------------------------------------------------------------------------------------------------------------------+ 
Path 5: MET Setup Check with Pin my_aes/clk 
Endpoint:   my_aes/addr_in[27] (v) checked with  leading edge of 'CLK'
Beginpoint: EXT_BUSY           (^) triggered by  leading edge of 'CLK'
Path Groups: {CLK}
Analysis View: ensc450_av
Other End Arrival Time          0.000
- Setup                         7.427
+ Phase Shift                  15.000
= Required Time                 7.573
- Arrival Time                  4.445
= Slack Time                    3.128
     Clock Rise Edge                      0.000
     + Input Delay                        0.800
     = Beginpoint Arrival Time            0.800
     +-------------------------------------------------------------------------------------------------------------------------+ 
     |       Instance       |     Arc      |   Cell    |  Slew |         Net          |    Arc     |  Load   | Delay | Arrival | 
     |                      |              |           |       |                      | Annotation |         |       |  Time   | 
     |----------------------+--------------+-----------+-------+----------------------+------------+---------+-------+---------| 
     |                      | EXT_BUSY ^   |           | 0.002 | EXT_BUSY             |       SPEF |  25.416 |       |   0.800 | 
     | My_bus/FE_RC_0_0     |              | NAND2_X1  | 0.004 | EXT_BUSY             |       SPEF |  25.416 | 0.004 |   0.804 | 
     | My_bus/FE_RC_0_0     | A1 ^ -> ZN v | NAND2_X1  | 0.049 | My_bus/n312          |            |   2.316 | 0.026 |   0.830 | 
     | My_bus/U633          |              | NOR3_X1   | 0.049 | My_bus/n312          |       SPEF |   2.316 | 0.000 |   0.830 | 
     | My_bus/U633          | A3 v -> ZN ^ | NOR3_X1   | 0.372 | My_bus/n102          |            |  11.339 | 0.507 |   1.338 | 
     | My_bus/U625          |              | AOI211_X1 | 0.372 | My_bus/n102          |       SPEF |  11.339 | 0.000 |   1.338 | 
     | My_bus/U625          | A ^ -> ZN v  | AOI211_X1 | 0.092 | My_bus/n10           |            |   4.126 | 0.127 |   1.466 | 
     | My_bus/U624          |              | INV_X1    | 0.092 | My_bus/n10           |       SPEF |   4.126 | 0.000 |   1.466 | 
     | My_bus/U624          | A v -> ZN ^  | INV_X1    | 0.302 | My_bus/n61           |            |  36.059 | 0.376 |   1.842 | 
     | My_bus/U621          |              | NOR2_X4   | 0.302 | My_bus/n61           |       SPEF |  36.059 | 0.001 |   1.844 | 
     | My_bus/U621          | A2 ^ -> ZN v | NOR2_X4   | 0.094 | My_bus/n101          |            |  57.316 | 0.162 |   2.005 | 
     | My_bus/U620          |              | INV_X1    | 0.094 | My_bus/n101          |       SPEF |  57.316 | 0.002 |   2.007 | 
     | My_bus/U620          | A v -> ZN ^  | INV_X1    | 0.065 | My_bus/n306          |            |   6.465 | 0.127 |   2.134 | 
     | My_bus/U619          |              | OAI21_X4  | 0.065 | My_bus/n306          |       SPEF |   6.465 | 0.000 |   2.134 | 
     | My_bus/U619          | A ^ -> ZN v  | OAI21_X4  | 0.105 | My_bus/n104          |            |  36.678 | 0.101 |   2.236 | 
     | My_bus/FE_OFC42_n104 |              | BUF_X1    | 0.105 | My_bus/n104          |       SPEF |  36.678 | 0.005 |   2.240 | 
     | My_bus/FE_OFC42_n104 | A v -> Z v   | BUF_X1    | 0.058 | My_bus/FE_OFN42_n104 |            |  23.163 | 0.206 |   2.446 | 
     | My_bus/U596          |              | AOI22_X1  | 0.058 | My_bus/FE_OFN42_n104 |       SPEF |  23.163 | 0.001 |   2.447 | 
     | My_bus/U596          | B2 v -> ZN ^ | AOI22_X1  | 0.104 | My_bus/n86           |            |   2.326 | 0.203 |   2.650 | 
     | My_bus/FE_OFC79_n86  |              | BUF_X1    | 0.104 | My_bus/n86           |       SPEF |   2.326 | 0.000 |   2.650 | 
     | My_bus/FE_OFC79_n86  | A ^ -> Z ^   | BUF_X1    | 0.242 | My_bus/FE_OFN79_n86  |            |  28.411 | 0.323 |   2.973 | 
     | My_bus/U593          |              | AND4_X1   | 0.242 | My_bus/FE_OFN79_n86  |       SPEF |  28.411 | 0.005 |   2.978 | 
     | My_bus/U593          | A2 ^ -> ZN ^ | AND4_X1   | 0.035 | My_bus/n299          |            |   1.042 | 0.238 |   3.216 | 
     | My_bus/U587          |              | AND2_X1   | 0.035 | My_bus/n299          |       SPEF |   1.042 | 0.000 |   3.216 | 
     | My_bus/U587          | A1 ^ -> ZN ^ | AND2_X1   | 0.051 | My_bus/n281          |            |   4.932 | 0.123 |   3.340 | 
     | My_bus/U586          |              | AND4_X1   | 0.051 | My_bus/n281          |       SPEF |   4.932 | 0.000 |   3.340 | 
     | My_bus/U586          | A4 ^ -> ZN ^ | AND4_X1   | 0.040 | My_bus/n298          |            |   1.627 | 0.179 |   3.518 | 
     | My_bus/U577          |              | AND4_X1   | 0.040 | My_bus/n298          |       SPEF |   1.627 | 0.000 |   3.519 | 
     | My_bus/U577          | A1 ^ -> ZN ^ | AND4_X1   | 0.040 | My_bus/n297          |            |   1.736 | 0.157 |   3.676 | 
     | My_bus/U576          |              | NAND3_X1  | 0.040 | My_bus/n297          |       SPEF |   1.736 | 0.000 |   3.676 | 
     | My_bus/U576          | A3 ^ -> ZN v | NAND3_X1  | 0.090 | My_bus/n267          |            |   5.404 | 0.089 |   3.765 | 
     | My_bus/U565          |              | NAND2_X1  | 0.090 | My_bus/n267          |       SPEF |   5.404 | 0.000 |   3.766 | 
     | My_bus/U565          | A1 v -> ZN ^ | NAND2_X1  | 0.062 | My_bus/n266          |            |   5.377 | 0.120 |   3.886 | 
     | My_bus/U558          |              | NOR2_X2   | 0.062 | My_bus/n266          |       SPEF |   5.377 | 0.000 |   3.886 | 
     | My_bus/U558          | A1 ^ -> ZN v | NOR2_X2   | 0.045 | YOUR_ADDRBUS[29]     |            |  29.127 | 0.073 |   3.959 | 
     | My_bus/U21           |              | INV_X4    | 0.045 | YOUR_ADDRBUS[29]     |       SPEF |  29.127 | 0.005 |   3.964 | 
     | My_bus/U21           | A v -> ZN ^  | INV_X4    | 0.265 | My_bus/n96           |            | 123.849 | 0.297 |   4.261 | 
     | My_bus/U210          |              | NOR2_X1   | 0.265 | My_bus/n96           |       SPEF | 123.849 | 0.004 |   4.265 | 
     | My_bus/U210          | A2 ^ -> ZN v | NOR2_X1   | 0.092 | YOUR_ADDRBUS[27]     |            |  18.613 | 0.176 |   4.441 | 
     | my_aes               |              | aesbuffer | 0.092 | YOUR_ADDRBUS[27]     |       SPEF |  18.613 | 0.004 |   4.445 | 
     +-------------------------------------------------------------------------------------------------------------------------+ 
Path 6: MET Setup Check with Pin my_aes/clk 
Endpoint:   my_aes/addr_in[26] (v) checked with  leading edge of 'CLK'
Beginpoint: EXT_BUSY           (^) triggered by  leading edge of 'CLK'
Path Groups: {CLK}
Analysis View: ensc450_av
Other End Arrival Time          0.000
- Setup                         7.242
+ Phase Shift                  15.000
= Required Time                 7.758
- Arrival Time                  4.440
= Slack Time                    3.318
     Clock Rise Edge                      0.000
     + Input Delay                        0.800
     = Beginpoint Arrival Time            0.800
     +-------------------------------------------------------------------------------------------------------------------------+ 
     |       Instance       |     Arc      |   Cell    |  Slew |         Net          |    Arc     |  Load   | Delay | Arrival | 
     |                      |              |           |       |                      | Annotation |         |       |  Time   | 
     |----------------------+--------------+-----------+-------+----------------------+------------+---------+-------+---------| 
     |                      | EXT_BUSY ^   |           | 0.002 | EXT_BUSY             |       SPEF |  25.416 |       |   0.800 | 
     | My_bus/FE_RC_0_0     |              | NAND2_X1  | 0.004 | EXT_BUSY             |       SPEF |  25.416 | 0.004 |   0.804 | 
     | My_bus/FE_RC_0_0     | A1 ^ -> ZN v | NAND2_X1  | 0.049 | My_bus/n312          |            |   2.316 | 0.026 |   0.830 | 
     | My_bus/U633          |              | NOR3_X1   | 0.049 | My_bus/n312          |       SPEF |   2.316 | 0.000 |   0.830 | 
     | My_bus/U633          | A3 v -> ZN ^ | NOR3_X1   | 0.372 | My_bus/n102          |            |  11.339 | 0.507 |   1.338 | 
     | My_bus/U625          |              | AOI211_X1 | 0.372 | My_bus/n102          |       SPEF |  11.339 | 0.000 |   1.338 | 
     | My_bus/U625          | A ^ -> ZN v  | AOI211_X1 | 0.092 | My_bus/n10           |            |   4.126 | 0.127 |   1.466 | 
     | My_bus/U624          |              | INV_X1    | 0.092 | My_bus/n10           |       SPEF |   4.126 | 0.000 |   1.466 | 
     | My_bus/U624          | A v -> ZN ^  | INV_X1    | 0.302 | My_bus/n61           |            |  36.059 | 0.376 |   1.842 | 
     | My_bus/U621          |              | NOR2_X4   | 0.302 | My_bus/n61           |       SPEF |  36.059 | 0.001 |   1.844 | 
     | My_bus/U621          | A2 ^ -> ZN v | NOR2_X4   | 0.094 | My_bus/n101          |            |  57.316 | 0.162 |   2.005 | 
     | My_bus/U620          |              | INV_X1    | 0.094 | My_bus/n101          |       SPEF |  57.316 | 0.002 |   2.007 | 
     | My_bus/U620          | A v -> ZN ^  | INV_X1    | 0.065 | My_bus/n306          |            |   6.465 | 0.127 |   2.134 | 
     | My_bus/U619          |              | OAI21_X4  | 0.065 | My_bus/n306          |       SPEF |   6.465 | 0.000 |   2.134 | 
     | My_bus/U619          | A ^ -> ZN v  | OAI21_X4  | 0.105 | My_bus/n104          |            |  36.678 | 0.101 |   2.236 | 
     | My_bus/FE_OFC42_n104 |              | BUF_X1    | 0.105 | My_bus/n104          |       SPEF |  36.678 | 0.005 |   2.240 | 
     | My_bus/FE_OFC42_n104 | A v -> Z v   | BUF_X1    | 0.058 | My_bus/FE_OFN42_n104 |            |  23.163 | 0.206 |   2.446 | 
     | My_bus/U596          |              | AOI22_X1  | 0.058 | My_bus/FE_OFN42_n104 |       SPEF |  23.163 | 0.001 |   2.447 | 
     | My_bus/U596          | B2 v -> ZN ^ | AOI22_X1  | 0.104 | My_bus/n86           |            |   2.326 | 0.203 |   2.650 | 
     | My_bus/FE_OFC79_n86  |              | BUF_X1    | 0.104 | My_bus/n86           |       SPEF |   2.326 | 0.000 |   2.650 | 
     | My_bus/FE_OFC79_n86  | A ^ -> Z ^   | BUF_X1    | 0.242 | My_bus/FE_OFN79_n86  |            |  28.411 | 0.323 |   2.973 | 
     | My_bus/U593          |              | AND4_X1   | 0.242 | My_bus/FE_OFN79_n86  |       SPEF |  28.411 | 0.005 |   2.978 | 
     | My_bus/U593          | A2 ^ -> ZN ^ | AND4_X1   | 0.035 | My_bus/n299          |            |   1.042 | 0.238 |   3.216 | 
     | My_bus/U587          |              | AND2_X1   | 0.035 | My_bus/n299          |       SPEF |   1.042 | 0.000 |   3.216 | 
     | My_bus/U587          | A1 ^ -> ZN ^ | AND2_X1   | 0.051 | My_bus/n281          |            |   4.932 | 0.123 |   3.340 | 
     | My_bus/U586          |              | AND4_X1   | 0.051 | My_bus/n281          |       SPEF |   4.932 | 0.000 |   3.340 | 
     | My_bus/U586          | A4 ^ -> ZN ^ | AND4_X1   | 0.040 | My_bus/n298          |            |   1.627 | 0.179 |   3.518 | 
     | My_bus/U577          |              | AND4_X1   | 0.040 | My_bus/n298          |       SPEF |   1.627 | 0.000 |   3.519 | 
     | My_bus/U577          | A1 ^ -> ZN ^ | AND4_X1   | 0.040 | My_bus/n297          |            |   1.736 | 0.157 |   3.676 | 
     | My_bus/U576          |              | NAND3_X1  | 0.040 | My_bus/n297          |       SPEF |   1.736 | 0.000 |   3.676 | 
     | My_bus/U576          | A3 ^ -> ZN v | NAND3_X1  | 0.090 | My_bus/n267          |            |   5.404 | 0.089 |   3.765 | 
     | My_bus/U565          |              | NAND2_X1  | 0.090 | My_bus/n267          |       SPEF |   5.404 | 0.000 |   3.766 | 
     | My_bus/U565          | A1 v -> ZN ^ | NAND2_X1  | 0.062 | My_bus/n266          |            |   5.377 | 0.120 |   3.886 | 
     | My_bus/U558          |              | NOR2_X2   | 0.062 | My_bus/n266          |       SPEF |   5.377 | 0.000 |   3.886 | 
     | My_bus/U558          | A1 ^ -> ZN v | NOR2_X2   | 0.045 | YOUR_ADDRBUS[29]     |            |  29.127 | 0.073 |   3.959 | 
     | My_bus/U21           |              | INV_X4    | 0.045 | YOUR_ADDRBUS[29]     |       SPEF |  29.127 | 0.005 |   3.964 | 
     | My_bus/U21           | A v -> ZN ^  | INV_X4    | 0.265 | My_bus/n96           |            | 123.849 | 0.297 |   4.261 | 
     | My_bus/U211          |              | NOR2_X1   | 0.265 | My_bus/n96           |       SPEF | 123.849 | 0.004 |   4.266 | 
     | My_bus/U211          | A2 ^ -> ZN v | NOR2_X1   | 0.090 | YOUR_ADDRBUS[26]     |            |  17.387 | 0.170 |   4.436 | 
     | my_aes               |              | aesbuffer | 0.090 | YOUR_ADDRBUS[26]     |       SPEF |  17.387 | 0.004 |   4.440 | 
     +-------------------------------------------------------------------------------------------------------------------------+ 
Path 7: MET Setup Check with Pin my_aes/clk 
Endpoint:   my_aes/addr_in[25] (v) checked with  leading edge of 'CLK'
Beginpoint: EXT_BUSY           (^) triggered by  leading edge of 'CLK'
Path Groups: {CLK}
Analysis View: ensc450_av
Other End Arrival Time          0.000
- Setup                         7.055
+ Phase Shift                  15.000
= Required Time                 7.945
- Arrival Time                  4.422
= Slack Time                    3.523
     Clock Rise Edge                      0.000
     + Input Delay                        0.800
     = Beginpoint Arrival Time            0.800
     +-------------------------------------------------------------------------------------------------------------------------+ 
     |       Instance       |     Arc      |   Cell    |  Slew |         Net          |    Arc     |  Load   | Delay | Arrival | 
     |                      |              |           |       |                      | Annotation |         |       |  Time   | 
     |----------------------+--------------+-----------+-------+----------------------+------------+---------+-------+---------| 
     |                      | EXT_BUSY ^   |           | 0.002 | EXT_BUSY             |       SPEF |  25.416 |       |   0.800 | 
     | My_bus/FE_RC_0_0     |              | NAND2_X1  | 0.004 | EXT_BUSY             |       SPEF |  25.416 | 0.004 |   0.804 | 
     | My_bus/FE_RC_0_0     | A1 ^ -> ZN v | NAND2_X1  | 0.049 | My_bus/n312          |            |   2.316 | 0.026 |   0.830 | 
     | My_bus/U633          |              | NOR3_X1   | 0.049 | My_bus/n312          |       SPEF |   2.316 | 0.000 |   0.830 | 
     | My_bus/U633          | A3 v -> ZN ^ | NOR3_X1   | 0.372 | My_bus/n102          |            |  11.339 | 0.507 |   1.338 | 
     | My_bus/U625          |              | AOI211_X1 | 0.372 | My_bus/n102          |       SPEF |  11.339 | 0.000 |   1.338 | 
     | My_bus/U625          | A ^ -> ZN v  | AOI211_X1 | 0.092 | My_bus/n10           |            |   4.126 | 0.127 |   1.466 | 
     | My_bus/U624          |              | INV_X1    | 0.092 | My_bus/n10           |       SPEF |   4.126 | 0.000 |   1.466 | 
     | My_bus/U624          | A v -> ZN ^  | INV_X1    | 0.302 | My_bus/n61           |            |  36.059 | 0.376 |   1.842 | 
     | My_bus/U621          |              | NOR2_X4   | 0.302 | My_bus/n61           |       SPEF |  36.059 | 0.001 |   1.844 | 
     | My_bus/U621          | A2 ^ -> ZN v | NOR2_X4   | 0.094 | My_bus/n101          |            |  57.316 | 0.162 |   2.005 | 
     | My_bus/U620          |              | INV_X1    | 0.094 | My_bus/n101          |       SPEF |  57.316 | 0.002 |   2.007 | 
     | My_bus/U620          | A v -> ZN ^  | INV_X1    | 0.065 | My_bus/n306          |            |   6.465 | 0.127 |   2.134 | 
     | My_bus/U619          |              | OAI21_X4  | 0.065 | My_bus/n306          |       SPEF |   6.465 | 0.000 |   2.134 | 
     | My_bus/U619          | A ^ -> ZN v  | OAI21_X4  | 0.105 | My_bus/n104          |            |  36.678 | 0.101 |   2.236 | 
     | My_bus/FE_OFC42_n104 |              | BUF_X1    | 0.105 | My_bus/n104          |       SPEF |  36.678 | 0.005 |   2.240 | 
     | My_bus/FE_OFC42_n104 | A v -> Z v   | BUF_X1    | 0.058 | My_bus/FE_OFN42_n104 |            |  23.163 | 0.206 |   2.446 | 
     | My_bus/U596          |              | AOI22_X1  | 0.058 | My_bus/FE_OFN42_n104 |       SPEF |  23.163 | 0.001 |   2.447 | 
     | My_bus/U596          | B2 v -> ZN ^ | AOI22_X1  | 0.104 | My_bus/n86           |            |   2.326 | 0.203 |   2.650 | 
     | My_bus/FE_OFC79_n86  |              | BUF_X1    | 0.104 | My_bus/n86           |       SPEF |   2.326 | 0.000 |   2.650 | 
     | My_bus/FE_OFC79_n86  | A ^ -> Z ^   | BUF_X1    | 0.242 | My_bus/FE_OFN79_n86  |            |  28.411 | 0.323 |   2.973 | 
     | My_bus/U593          |              | AND4_X1   | 0.242 | My_bus/FE_OFN79_n86  |       SPEF |  28.411 | 0.005 |   2.978 | 
     | My_bus/U593          | A2 ^ -> ZN ^ | AND4_X1   | 0.035 | My_bus/n299          |            |   1.042 | 0.238 |   3.216 | 
     | My_bus/U587          |              | AND2_X1   | 0.035 | My_bus/n299          |       SPEF |   1.042 | 0.000 |   3.216 | 
     | My_bus/U587          | A1 ^ -> ZN ^ | AND2_X1   | 0.051 | My_bus/n281          |            |   4.932 | 0.123 |   3.340 | 
     | My_bus/U586          |              | AND4_X1   | 0.051 | My_bus/n281          |       SPEF |   4.932 | 0.000 |   3.340 | 
     | My_bus/U586          | A4 ^ -> ZN ^ | AND4_X1   | 0.040 | My_bus/n298          |            |   1.627 | 0.179 |   3.518 | 
     | My_bus/U577          |              | AND4_X1   | 0.040 | My_bus/n298          |       SPEF |   1.627 | 0.000 |   3.518 | 
     | My_bus/U577          | A1 ^ -> ZN ^ | AND4_X1   | 0.040 | My_bus/n297          |            |   1.736 | 0.157 |   3.676 | 
     | My_bus/U576          |              | NAND3_X1  | 0.040 | My_bus/n297          |       SPEF |   1.736 | 0.000 |   3.676 | 
     | My_bus/U576          | A3 ^ -> ZN v | NAND3_X1  | 0.090 | My_bus/n267          |            |   5.404 | 0.089 |   3.765 | 
     | My_bus/U565          |              | NAND2_X1  | 0.090 | My_bus/n267          |       SPEF |   5.404 | 0.000 |   3.765 | 
     | My_bus/U565          | A1 v -> ZN ^ | NAND2_X1  | 0.062 | My_bus/n266          |            |   5.377 | 0.120 |   3.886 | 
     | My_bus/U558          |              | NOR2_X2   | 0.062 | My_bus/n266          |       SPEF |   5.377 | 0.000 |   3.886 | 
     | My_bus/U558          | A1 ^ -> ZN v | NOR2_X2   | 0.045 | YOUR_ADDRBUS[29]     |            |  29.127 | 0.073 |   3.959 | 
     | My_bus/U21           |              | INV_X4    | 0.045 | YOUR_ADDRBUS[29]     |       SPEF |  29.127 | 0.005 |   3.964 | 
     | My_bus/U21           | A v -> ZN ^  | INV_X4    | 0.265 | My_bus/n96           |            | 123.849 | 0.297 |   4.261 | 
     | My_bus/U212          |              | NOR2_X1   | 0.265 | My_bus/n96           |       SPEF | 123.849 | 0.005 |   4.266 | 
     | My_bus/U212          | A2 ^ -> ZN v | NOR2_X1   | 0.083 | YOUR_ADDRBUS[25]     |            |  13.744 | 0.154 |   4.421 | 
     | my_aes               |              | aesbuffer | 0.083 | YOUR_ADDRBUS[25]     |       SPEF |  13.744 | 0.002 |   4.422 | 
     +-------------------------------------------------------------------------------------------------------------------------+ 
Path 8: MET Setup Check with Pin my_aes/clk 
Endpoint:   my_aes/addr_in[24] (v) checked with  leading edge of 'CLK'
Beginpoint: EXT_BUSY           (^) triggered by  leading edge of 'CLK'
Path Groups: {CLK}
Analysis View: ensc450_av
Other End Arrival Time          0.000
- Setup                         6.876
+ Phase Shift                  15.000
= Required Time                 8.124
- Arrival Time                  4.444
= Slack Time                    3.680
     Clock Rise Edge                      0.000
     + Input Delay                        0.800
     = Beginpoint Arrival Time            0.800
     +-------------------------------------------------------------------------------------------------------------------------+ 
     |       Instance       |     Arc      |   Cell    |  Slew |         Net          |    Arc     |  Load   | Delay | Arrival | 
     |                      |              |           |       |                      | Annotation |         |       |  Time   | 
     |----------------------+--------------+-----------+-------+----------------------+------------+---------+-------+---------| 
     |                      | EXT_BUSY ^   |           | 0.002 | EXT_BUSY             |       SPEF |  25.416 |       |   0.800 | 
     | My_bus/FE_RC_0_0     |              | NAND2_X1  | 0.004 | EXT_BUSY             |       SPEF |  25.416 | 0.004 |   0.804 | 
     | My_bus/FE_RC_0_0     | A1 ^ -> ZN v | NAND2_X1  | 0.049 | My_bus/n312          |            |   2.316 | 0.026 |   0.830 | 
     | My_bus/U633          |              | NOR3_X1   | 0.049 | My_bus/n312          |       SPEF |   2.316 | 0.000 |   0.830 | 
     | My_bus/U633          | A3 v -> ZN ^ | NOR3_X1   | 0.372 | My_bus/n102          |            |  11.339 | 0.507 |   1.338 | 
     | My_bus/U625          |              | AOI211_X1 | 0.372 | My_bus/n102          |       SPEF |  11.339 | 0.000 |   1.338 | 
     | My_bus/U625          | A ^ -> ZN v  | AOI211_X1 | 0.092 | My_bus/n10           |            |   4.126 | 0.127 |   1.466 | 
     | My_bus/U624          |              | INV_X1    | 0.092 | My_bus/n10           |       SPEF |   4.126 | 0.000 |   1.466 | 
     | My_bus/U624          | A v -> ZN ^  | INV_X1    | 0.302 | My_bus/n61           |            |  36.059 | 0.376 |   1.842 | 
     | My_bus/U621          |              | NOR2_X4   | 0.302 | My_bus/n61           |       SPEF |  36.059 | 0.001 |   1.844 | 
     | My_bus/U621          | A2 ^ -> ZN v | NOR2_X4   | 0.094 | My_bus/n101          |            |  57.316 | 0.162 |   2.005 | 
     | My_bus/U620          |              | INV_X1    | 0.094 | My_bus/n101          |       SPEF |  57.316 | 0.002 |   2.007 | 
     | My_bus/U620          | A v -> ZN ^  | INV_X1    | 0.065 | My_bus/n306          |            |   6.465 | 0.127 |   2.134 | 
     | My_bus/U619          |              | OAI21_X4  | 0.065 | My_bus/n306          |       SPEF |   6.465 | 0.000 |   2.134 | 
     | My_bus/U619          | A ^ -> ZN v  | OAI21_X4  | 0.105 | My_bus/n104          |            |  36.678 | 0.101 |   2.236 | 
     | My_bus/FE_OFC42_n104 |              | BUF_X1    | 0.105 | My_bus/n104          |       SPEF |  36.678 | 0.005 |   2.240 | 
     | My_bus/FE_OFC42_n104 | A v -> Z v   | BUF_X1    | 0.058 | My_bus/FE_OFN42_n104 |            |  23.163 | 0.206 |   2.446 | 
     | My_bus/U596          |              | AOI22_X1  | 0.058 | My_bus/FE_OFN42_n104 |       SPEF |  23.163 | 0.001 |   2.447 | 
     | My_bus/U596          | B2 v -> ZN ^ | AOI22_X1  | 0.104 | My_bus/n86           |            |   2.326 | 0.203 |   2.650 | 
     | My_bus/FE_OFC79_n86  |              | BUF_X1    | 0.104 | My_bus/n86           |       SPEF |   2.326 | 0.000 |   2.650 | 
     | My_bus/FE_OFC79_n86  | A ^ -> Z ^   | BUF_X1    | 0.242 | My_bus/FE_OFN79_n86  |            |  28.411 | 0.323 |   2.973 | 
     | My_bus/U593          |              | AND4_X1   | 0.242 | My_bus/FE_OFN79_n86  |       SPEF |  28.411 | 0.005 |   2.978 | 
     | My_bus/U593          | A2 ^ -> ZN ^ | AND4_X1   | 0.035 | My_bus/n299          |            |   1.042 | 0.238 |   3.216 | 
     | My_bus/U587          |              | AND2_X1   | 0.035 | My_bus/n299          |       SPEF |   1.042 | 0.000 |   3.216 | 
     | My_bus/U587          | A1 ^ -> ZN ^ | AND2_X1   | 0.051 | My_bus/n281          |            |   4.932 | 0.123 |   3.340 | 
     | My_bus/U586          |              | AND4_X1   | 0.051 | My_bus/n281          |       SPEF |   4.932 | 0.000 |   3.340 | 
     | My_bus/U586          | A4 ^ -> ZN ^ | AND4_X1   | 0.040 | My_bus/n298          |            |   1.627 | 0.179 |   3.518 | 
     | My_bus/U577          |              | AND4_X1   | 0.040 | My_bus/n298          |       SPEF |   1.627 | 0.000 |   3.519 | 
     | My_bus/U577          | A1 ^ -> ZN ^ | AND4_X1   | 0.040 | My_bus/n297          |            |   1.736 | 0.157 |   3.676 | 
     | My_bus/U576          |              | NAND3_X1  | 0.040 | My_bus/n297          |       SPEF |   1.736 | 0.000 |   3.676 | 
     | My_bus/U576          | A3 ^ -> ZN v | NAND3_X1  | 0.090 | My_bus/n267          |            |   5.404 | 0.089 |   3.765 | 
     | My_bus/U565          |              | NAND2_X1  | 0.090 | My_bus/n267          |       SPEF |   5.404 | 0.000 |   3.766 | 
     | My_bus/U565          | A1 v -> ZN ^ | NAND2_X1  | 0.062 | My_bus/n266          |            |   5.377 | 0.120 |   3.886 | 
     | My_bus/U558          |              | NOR2_X2   | 0.062 | My_bus/n266          |       SPEF |   5.377 | 0.000 |   3.886 | 
     | My_bus/U558          | A1 ^ -> ZN v | NOR2_X2   | 0.045 | YOUR_ADDRBUS[29]     |            |  29.127 | 0.073 |   3.959 | 
     | My_bus/U21           |              | INV_X4    | 0.045 | YOUR_ADDRBUS[29]     |       SPEF |  29.127 | 0.005 |   3.964 | 
     | My_bus/U21           | A v -> ZN ^  | INV_X4    | 0.265 | My_bus/n96           |            | 123.849 | 0.297 |   4.261 | 
     | My_bus/U213          |              | NOR2_X1   | 0.265 | My_bus/n96           |       SPEF | 123.849 | 0.005 |   4.266 | 
     | My_bus/U213          | A2 ^ -> ZN v | NOR2_X1   | 0.091 | YOUR_ADDRBUS[24]     |            |  18.243 | 0.174 |   4.440 | 
     | my_aes               |              | aesbuffer | 0.091 | YOUR_ADDRBUS[24]     |       SPEF |  18.243 | 0.004 |   4.444 | 
     +-------------------------------------------------------------------------------------------------------------------------+ 
Path 9: MET Setup Check with Pin my_aes/clk 
Endpoint:   my_aes/addr_in[23] (v) checked with  leading edge of 'CLK'
Beginpoint: EXT_BUSY           (^) triggered by  leading edge of 'CLK'
Path Groups: {CLK}
Analysis View: ensc450_av
Other End Arrival Time          0.000
- Setup                         6.695
+ Phase Shift                  15.000
= Required Time                 8.305
- Arrival Time                  4.459
= Slack Time                    3.846
     Clock Rise Edge                      0.000
     + Input Delay                        0.800
     = Beginpoint Arrival Time            0.800
     +-------------------------------------------------------------------------------------------------------------------------+ 
     |       Instance       |     Arc      |   Cell    |  Slew |         Net          |    Arc     |  Load   | Delay | Arrival | 
     |                      |              |           |       |                      | Annotation |         |       |  Time   | 
     |----------------------+--------------+-----------+-------+----------------------+------------+---------+-------+---------| 
     |                      | EXT_BUSY ^   |           | 0.002 | EXT_BUSY             |       SPEF |  25.416 |       |   0.800 | 
     | My_bus/FE_RC_0_0     |              | NAND2_X1  | 0.004 | EXT_BUSY             |       SPEF |  25.416 | 0.004 |   0.804 | 
     | My_bus/FE_RC_0_0     | A1 ^ -> ZN v | NAND2_X1  | 0.049 | My_bus/n312          |            |   2.316 | 0.026 |   0.830 | 
     | My_bus/U633          |              | NOR3_X1   | 0.049 | My_bus/n312          |       SPEF |   2.316 | 0.000 |   0.830 | 
     | My_bus/U633          | A3 v -> ZN ^ | NOR3_X1   | 0.372 | My_bus/n102          |            |  11.339 | 0.507 |   1.338 | 
     | My_bus/U625          |              | AOI211_X1 | 0.372 | My_bus/n102          |       SPEF |  11.339 | 0.000 |   1.338 | 
     | My_bus/U625          | A ^ -> ZN v  | AOI211_X1 | 0.092 | My_bus/n10           |            |   4.126 | 0.127 |   1.466 | 
     | My_bus/U624          |              | INV_X1    | 0.092 | My_bus/n10           |       SPEF |   4.126 | 0.000 |   1.466 | 
     | My_bus/U624          | A v -> ZN ^  | INV_X1    | 0.302 | My_bus/n61           |            |  36.059 | 0.376 |   1.842 | 
     | My_bus/U621          |              | NOR2_X4   | 0.302 | My_bus/n61           |       SPEF |  36.059 | 0.001 |   1.844 | 
     | My_bus/U621          | A2 ^ -> ZN v | NOR2_X4   | 0.094 | My_bus/n101          |            |  57.316 | 0.162 |   2.005 | 
     | My_bus/U620          |              | INV_X1    | 0.094 | My_bus/n101          |       SPEF |  57.316 | 0.002 |   2.007 | 
     | My_bus/U620          | A v -> ZN ^  | INV_X1    | 0.065 | My_bus/n306          |            |   6.465 | 0.127 |   2.134 | 
     | My_bus/U619          |              | OAI21_X4  | 0.065 | My_bus/n306          |       SPEF |   6.465 | 0.000 |   2.134 | 
     | My_bus/U619          | A ^ -> ZN v  | OAI21_X4  | 0.105 | My_bus/n104          |            |  36.678 | 0.101 |   2.236 | 
     | My_bus/FE_OFC42_n104 |              | BUF_X1    | 0.105 | My_bus/n104          |       SPEF |  36.678 | 0.005 |   2.240 | 
     | My_bus/FE_OFC42_n104 | A v -> Z v   | BUF_X1    | 0.058 | My_bus/FE_OFN42_n104 |            |  23.163 | 0.206 |   2.446 | 
     | My_bus/U596          |              | AOI22_X1  | 0.058 | My_bus/FE_OFN42_n104 |       SPEF |  23.163 | 0.001 |   2.447 | 
     | My_bus/U596          | B2 v -> ZN ^ | AOI22_X1  | 0.104 | My_bus/n86           |            |   2.326 | 0.203 |   2.650 | 
     | My_bus/FE_OFC79_n86  |              | BUF_X1    | 0.104 | My_bus/n86           |       SPEF |   2.326 | 0.000 |   2.650 | 
     | My_bus/FE_OFC79_n86  | A ^ -> Z ^   | BUF_X1    | 0.242 | My_bus/FE_OFN79_n86  |            |  28.411 | 0.323 |   2.973 | 
     | My_bus/U593          |              | AND4_X1   | 0.242 | My_bus/FE_OFN79_n86  |       SPEF |  28.411 | 0.005 |   2.978 | 
     | My_bus/U593          | A2 ^ -> ZN ^ | AND4_X1   | 0.035 | My_bus/n299          |            |   1.042 | 0.238 |   3.216 | 
     | My_bus/U587          |              | AND2_X1   | 0.035 | My_bus/n299          |       SPEF |   1.042 | 0.000 |   3.216 | 
     | My_bus/U587          | A1 ^ -> ZN ^ | AND2_X1   | 0.051 | My_bus/n281          |            |   4.932 | 0.123 |   3.340 | 
     | My_bus/U586          |              | AND4_X1   | 0.051 | My_bus/n281          |       SPEF |   4.932 | 0.000 |   3.340 | 
     | My_bus/U586          | A4 ^ -> ZN ^ | AND4_X1   | 0.040 | My_bus/n298          |            |   1.627 | 0.179 |   3.518 | 
     | My_bus/U577          |              | AND4_X1   | 0.040 | My_bus/n298          |       SPEF |   1.627 | 0.000 |   3.519 | 
     | My_bus/U577          | A1 ^ -> ZN ^ | AND4_X1   | 0.040 | My_bus/n297          |            |   1.736 | 0.157 |   3.676 | 
     | My_bus/U576          |              | NAND3_X1  | 0.040 | My_bus/n297          |       SPEF |   1.736 | 0.000 |   3.676 | 
     | My_bus/U576          | A3 ^ -> ZN v | NAND3_X1  | 0.090 | My_bus/n267          |            |   5.404 | 0.089 |   3.765 | 
     | My_bus/U565          |              | NAND2_X1  | 0.090 | My_bus/n267          |       SPEF |   5.404 | 0.000 |   3.766 | 
     | My_bus/U565          | A1 v -> ZN ^ | NAND2_X1  | 0.062 | My_bus/n266          |            |   5.377 | 0.120 |   3.886 | 
     | My_bus/U558          |              | NOR2_X2   | 0.062 | My_bus/n266          |       SPEF |   5.377 | 0.000 |   3.886 | 
     | My_bus/U558          | A1 ^ -> ZN v | NOR2_X2   | 0.045 | YOUR_ADDRBUS[29]     |            |  29.127 | 0.073 |   3.959 | 
     | My_bus/U21           |              | INV_X4    | 0.045 | YOUR_ADDRBUS[29]     |       SPEF |  29.127 | 0.005 |   3.964 | 
     | My_bus/U21           | A v -> ZN ^  | INV_X4    | 0.265 | My_bus/n96           |            | 123.849 | 0.297 |   4.261 | 
     | My_bus/U214          |              | NOR2_X1   | 0.265 | My_bus/n96           |       SPEF | 123.849 | 0.006 |   4.267 | 
     | My_bus/U214          | A2 ^ -> ZN v | NOR2_X1   | 0.096 | YOUR_ADDRBUS[23]     |            |  20.895 | 0.187 |   4.454 | 
     | my_aes               |              | aesbuffer | 0.096 | YOUR_ADDRBUS[23]     |       SPEF |  20.895 | 0.005 |   4.459 | 
     +-------------------------------------------------------------------------------------------------------------------------+ 
Path 10: MET Setup Check with Pin my_aes/clk 
Endpoint:   my_aes/addr_in[22] (v) checked with  leading edge of 'CLK'
Beginpoint: EXT_BUSY           (^) triggered by  leading edge of 'CLK'
Path Groups: {CLK}
Analysis View: ensc450_av
Other End Arrival Time          0.000
- Setup                         6.507
+ Phase Shift                  15.000
= Required Time                 8.493
- Arrival Time                  4.440
= Slack Time                    4.053
     Clock Rise Edge                      0.000
     + Input Delay                        0.800
     = Beginpoint Arrival Time            0.800
     +-------------------------------------------------------------------------------------------------------------------------+ 
     |       Instance       |     Arc      |   Cell    |  Slew |         Net          |    Arc     |  Load   | Delay | Arrival | 
     |                      |              |           |       |                      | Annotation |         |       |  Time   | 
     |----------------------+--------------+-----------+-------+----------------------+------------+---------+-------+---------| 
     |                      | EXT_BUSY ^   |           | 0.002 | EXT_BUSY             |       SPEF |  25.416 |       |   0.800 | 
     | My_bus/FE_RC_0_0     |              | NAND2_X1  | 0.004 | EXT_BUSY             |       SPEF |  25.416 | 0.004 |   0.804 | 
     | My_bus/FE_RC_0_0     | A1 ^ -> ZN v | NAND2_X1  | 0.049 | My_bus/n312          |            |   2.316 | 0.026 |   0.830 | 
     | My_bus/U633          |              | NOR3_X1   | 0.049 | My_bus/n312          |       SPEF |   2.316 | 0.000 |   0.830 | 
     | My_bus/U633          | A3 v -> ZN ^ | NOR3_X1   | 0.372 | My_bus/n102          |            |  11.339 | 0.507 |   1.338 | 
     | My_bus/U625          |              | AOI211_X1 | 0.372 | My_bus/n102          |       SPEF |  11.339 | 0.000 |   1.338 | 
     | My_bus/U625          | A ^ -> ZN v  | AOI211_X1 | 0.092 | My_bus/n10           |            |   4.126 | 0.127 |   1.466 | 
     | My_bus/U624          |              | INV_X1    | 0.092 | My_bus/n10           |       SPEF |   4.126 | 0.000 |   1.466 | 
     | My_bus/U624          | A v -> ZN ^  | INV_X1    | 0.302 | My_bus/n61           |            |  36.059 | 0.376 |   1.842 | 
     | My_bus/U621          |              | NOR2_X4   | 0.302 | My_bus/n61           |       SPEF |  36.059 | 0.001 |   1.844 | 
     | My_bus/U621          | A2 ^ -> ZN v | NOR2_X4   | 0.094 | My_bus/n101          |            |  57.316 | 0.162 |   2.005 | 
     | My_bus/U620          |              | INV_X1    | 0.094 | My_bus/n101          |       SPEF |  57.316 | 0.002 |   2.007 | 
     | My_bus/U620          | A v -> ZN ^  | INV_X1    | 0.065 | My_bus/n306          |            |   6.465 | 0.127 |   2.134 | 
     | My_bus/U619          |              | OAI21_X4  | 0.065 | My_bus/n306          |       SPEF |   6.465 | 0.000 |   2.134 | 
     | My_bus/U619          | A ^ -> ZN v  | OAI21_X4  | 0.105 | My_bus/n104          |            |  36.678 | 0.101 |   2.236 | 
     | My_bus/FE_OFC42_n104 |              | BUF_X1    | 0.105 | My_bus/n104          |       SPEF |  36.678 | 0.005 |   2.240 | 
     | My_bus/FE_OFC42_n104 | A v -> Z v   | BUF_X1    | 0.058 | My_bus/FE_OFN42_n104 |            |  23.163 | 0.206 |   2.446 | 
     | My_bus/U596          |              | AOI22_X1  | 0.058 | My_bus/FE_OFN42_n104 |       SPEF |  23.163 | 0.001 |   2.447 | 
     | My_bus/U596          | B2 v -> ZN ^ | AOI22_X1  | 0.104 | My_bus/n86           |            |   2.326 | 0.203 |   2.650 | 
     | My_bus/FE_OFC79_n86  |              | BUF_X1    | 0.104 | My_bus/n86           |       SPEF |   2.326 | 0.000 |   2.650 | 
     | My_bus/FE_OFC79_n86  | A ^ -> Z ^   | BUF_X1    | 0.242 | My_bus/FE_OFN79_n86  |            |  28.411 | 0.323 |   2.973 | 
     | My_bus/U593          |              | AND4_X1   | 0.242 | My_bus/FE_OFN79_n86  |       SPEF |  28.411 | 0.005 |   2.978 | 
     | My_bus/U593          | A2 ^ -> ZN ^ | AND4_X1   | 0.035 | My_bus/n299          |            |   1.042 | 0.238 |   3.216 | 
     | My_bus/U587          |              | AND2_X1   | 0.035 | My_bus/n299          |       SPEF |   1.042 | 0.000 |   3.216 | 
     | My_bus/U587          | A1 ^ -> ZN ^ | AND2_X1   | 0.051 | My_bus/n281          |            |   4.932 | 0.123 |   3.340 | 
     | My_bus/U586          |              | AND4_X1   | 0.051 | My_bus/n281          |       SPEF |   4.932 | 0.000 |   3.340 | 
     | My_bus/U586          | A4 ^ -> ZN ^ | AND4_X1   | 0.040 | My_bus/n298          |            |   1.627 | 0.179 |   3.518 | 
     | My_bus/U577          |              | AND4_X1   | 0.040 | My_bus/n298          |       SPEF |   1.627 | 0.000 |   3.519 | 
     | My_bus/U577          | A1 ^ -> ZN ^ | AND4_X1   | 0.040 | My_bus/n297          |            |   1.736 | 0.157 |   3.676 | 
     | My_bus/U576          |              | NAND3_X1  | 0.040 | My_bus/n297          |       SPEF |   1.736 | 0.000 |   3.676 | 
     | My_bus/U576          | A3 ^ -> ZN v | NAND3_X1  | 0.090 | My_bus/n267          |            |   5.404 | 0.089 |   3.765 | 
     | My_bus/U565          |              | NAND2_X1  | 0.090 | My_bus/n267          |       SPEF |   5.404 | 0.000 |   3.766 | 
     | My_bus/U565          | A1 v -> ZN ^ | NAND2_X1  | 0.062 | My_bus/n266          |            |   5.377 | 0.120 |   3.886 | 
     | My_bus/U558          |              | NOR2_X2   | 0.062 | My_bus/n266          |       SPEF |   5.377 | 0.000 |   3.886 | 
     | My_bus/U558          | A1 ^ -> ZN v | NOR2_X2   | 0.045 | YOUR_ADDRBUS[29]     |            |  29.127 | 0.073 |   3.959 | 
     | My_bus/U21           |              | INV_X4    | 0.045 | YOUR_ADDRBUS[29]     |       SPEF |  29.127 | 0.005 |   3.964 | 
     | My_bus/U21           | A v -> ZN ^  | INV_X4    | 0.265 | My_bus/n96           |            | 123.849 | 0.297 |   4.261 | 
     | My_bus/U215          |              | NOR2_X1   | 0.265 | My_bus/n96           |       SPEF | 123.849 | 0.006 |   4.268 | 
     | My_bus/U215          | A2 ^ -> ZN v | NOR2_X1   | 0.089 | YOUR_ADDRBUS[22]     |            |  16.948 | 0.168 |   4.436 | 
     | my_aes               |              | aesbuffer | 0.089 | YOUR_ADDRBUS[22]     |       SPEF |  16.948 | 0.004 |   4.440 | 
     +-------------------------------------------------------------------------------------------------------------------------+ 

