###############################################################
#  Generated by:      Cadence Innovus 18.10-p002_1
#  OS:                Linux x86_64(Host ID ensc-esil-01)
#  Generated on:      Tue Apr 20 11:46:42 2021
#  Design:            ensc450
#  Command:           report_timing -net -format {instance arc cell slew net annotation load delay arrival} -max_paths 10 > results/timing/08-route.setup.rpt
###############################################################
Path 1: MET Setup Check with Pin my_aes/clk 
Endpoint:   my_aes/addr_in[31] (v) checked with  leading edge of 'CLK'
Beginpoint: EXT_BUSY           (^) triggered by  leading edge of 'CLK'
Path Groups: {CLK}
Analysis View: ensc450_av
Other End Arrival Time          0.000
- Setup                         8.003
+ Phase Shift                  15.000
= Required Time                 6.997
- Arrival Time                  4.332
= Slack Time                    2.664
     Clock Rise Edge                      0.000
     + Input Delay                        0.800
     = Beginpoint Arrival Time            0.800
     +-------------------------------------------------------------------------------------------------------------------------+ 
     |       Instance       |     Arc      |   Cell    |  Slew |         Net          |    Arc     |  Load   | Delay | Arrival | 
     |                      |              |           |       |                      | Annotation |         |       |  Time   | 
     |----------------------+--------------+-----------+-------+----------------------+------------+---------+-------+---------| 
     |                      | EXT_BUSY ^   |           | 0.002 | EXT_BUSY             |       SPEF |  17.181 |       |   0.800 | 
     | My_bus/FE_RC_0_0     |              | NAND2_X1  | 0.005 | EXT_BUSY             |       SPEF |  17.181 | 0.005 |   0.805 | 
     | My_bus/FE_RC_0_0     | A1 ^ -> ZN v | NAND2_X1  | 0.047 | My_bus/n312          |            |   2.098 | 0.025 |   0.830 | 
     | My_bus/U633          |              | NOR3_X1   | 0.047 | My_bus/n312          |       SPEF |   2.098 | 0.000 |   0.830 | 
     | My_bus/U633          | A3 v -> ZN ^ | NOR3_X1   | 0.347 | My_bus/n102          |            |  10.414 | 0.478 |   1.308 | 
     | My_bus/U625          |              | AOI211_X1 | 0.347 | My_bus/n102          |       SPEF |  10.414 | 0.000 |   1.308 | 
     | My_bus/U625          | A ^ -> ZN v  | AOI211_X1 | 0.089 | My_bus/n10           |            |   4.823 | 0.130 |   1.439 | 
     | My_bus/U624          |              | INV_X1    | 0.089 | My_bus/n10           |       SPEF |   4.823 | 0.000 |   1.439 | 
     | My_bus/U624          | A v -> ZN ^  | INV_X1    | 0.284 | My_bus/n61           |            |  33.978 | 0.355 |   1.794 | 
     | My_bus/U621          |              | NOR2_X4   | 0.284 | My_bus/n61           |       SPEF |  33.978 | 0.002 |   1.795 | 
     | My_bus/U621          | A2 ^ -> ZN v | NOR2_X4   | 0.091 | My_bus/n101          |            |  56.835 | 0.156 |   1.952 | 
     | My_bus/U620          |              | INV_X1    | 0.091 | My_bus/n101          |       SPEF |  56.835 | 0.003 |   1.954 | 
     | My_bus/U620          | A v -> ZN ^  | INV_X1    | 0.063 | My_bus/n306          |            |   6.239 | 0.123 |   2.077 | 
     | My_bus/U619          |              | OAI21_X4  | 0.063 | My_bus/n306          |       SPEF |   6.239 | 0.000 |   2.077 | 
     | My_bus/U619          | A ^ -> ZN v  | OAI21_X4  | 0.105 | My_bus/n104          |            |  39.255 | 0.103 |   2.180 | 
     | My_bus/FE_OFC42_n104 |              | BUF_X1    | 0.106 | My_bus/n104          |       SPEF |  39.255 | 0.006 |   2.186 | 
     | My_bus/FE_OFC42_n104 | A v -> Z v   | BUF_X1    | 0.056 | My_bus/FE_OFN42_n104 |            |  22.019 | 0.203 |   2.389 | 
     | My_bus/U589          |              | AOI22_X1  | 0.056 | My_bus/FE_OFN42_n104 |       SPEF |  22.019 | 0.002 |   2.391 | 
     | My_bus/U589          | B2 v -> ZN ^ | AOI22_X1  | 0.092 | My_bus/n88           |            |   1.668 | 0.188 |   2.579 | 
     | My_bus/FE_OFC76_n88  |              | BUF_X1    | 0.092 | My_bus/n88           |       SPEF |   1.668 | 0.000 |   2.579 | 
     | My_bus/FE_OFC76_n88  | A ^ -> Z ^   | BUF_X1    | 0.269 | My_bus/FE_OFN76_n88  |            |  31.719 | 0.346 |   2.925 | 
     | My_bus/U588          |              | AND4_X1   | 0.269 | My_bus/FE_OFN76_n88  |       SPEF |  31.719 | 0.007 |   2.932 | 
     | My_bus/U588          | A4 ^ -> ZN ^ | AND4_X1   | 0.036 | My_bus/n300          |            |   1.198 | 0.229 |   3.161 | 
     | My_bus/U587          |              | AND2_X1   | 0.036 | My_bus/n300          |       SPEF |   1.198 | 0.000 |   3.161 | 
     | My_bus/U587          | A2 ^ -> ZN ^ | AND2_X1   | 0.051 | My_bus/n281          |            |   4.863 | 0.125 |   3.286 | 
     | My_bus/U586          |              | AND4_X1   | 0.051 | My_bus/n281          |       SPEF |   4.863 | 0.000 |   3.287 | 
     | My_bus/U586          | A4 ^ -> ZN ^ | AND4_X1   | 0.038 | My_bus/n298          |            |   1.492 | 0.177 |   3.463 | 
     | My_bus/U577          |              | AND4_X1   | 0.038 | My_bus/n298          |       SPEF |   1.492 | 0.000 |   3.463 | 
     | My_bus/U577          | A1 ^ -> ZN ^ | AND4_X1   | 0.038 | My_bus/n297          |            |   1.612 | 0.155 |   3.618 | 
     | My_bus/U576          |              | NAND3_X1  | 0.038 | My_bus/n297          |       SPEF |   1.612 | 0.000 |   3.618 | 
     | My_bus/U576          | A3 ^ -> ZN v | NAND3_X1  | 0.093 | My_bus/n267          |            |   5.480 | 0.090 |   3.708 | 
     | My_bus/U565          |              | NAND2_X1  | 0.093 | My_bus/n267          |       SPEF |   5.480 | 0.000 |   3.708 | 
     | My_bus/U565          | A1 v -> ZN ^ | NAND2_X1  | 0.061 | My_bus/n266          |            |   5.257 | 0.121 |   3.829 | 
     | My_bus/U558          |              | NOR2_X2   | 0.061 | My_bus/n266          |       SPEF |   5.257 | 0.000 |   3.829 | 
     | My_bus/U558          | A1 ^ -> ZN v | NOR2_X2   | 0.038 | YOUR_ADDRBUS[29]     |            |  21.127 | 0.065 |   3.894 | 
     | My_bus/U21           |              | INV_X4    | 0.038 | YOUR_ADDRBUS[29]     |       SPEF |  21.127 | 0.002 |   3.896 | 
     | My_bus/U21           | A v -> ZN ^  | INV_X4    | 0.258 | My_bus/n96           |            | 122.058 | 0.295 |   4.191 | 
     | My_bus/U206          |              | NOR2_X1   | 0.258 | My_bus/n96           |       SPEF | 122.058 | 0.003 |   4.194 | 
     | My_bus/U206          | A2 ^ -> ZN v | NOR2_X1   | 0.103 | YOUR_ADDRBUS[31]     |            |  11.036 | 0.136 |   4.330 | 
     | my_aes               |              | aesbuffer | 0.103 | YOUR_ADDRBUS[31]     |       SPEF |  11.036 | 0.002 |   4.332 | 
     +-------------------------------------------------------------------------------------------------------------------------+ 
Path 2: MET Setup Check with Pin my_aes/clk 
Endpoint:   my_aes/addr_in[30] (v) checked with  leading edge of 'CLK'
Beginpoint: EXT_BUSY           (^) triggered by  leading edge of 'CLK'
Path Groups: {CLK}
Analysis View: ensc450_av
Other End Arrival Time          0.000
- Setup                         7.972
+ Phase Shift                  15.000
= Required Time                 7.028
- Arrival Time                  4.338
= Slack Time                    2.691
     Clock Rise Edge                      0.000
     + Input Delay                        0.800
     = Beginpoint Arrival Time            0.800
     +-------------------------------------------------------------------------------------------------------------------------+ 
     |       Instance       |     Arc      |   Cell    |  Slew |         Net          |    Arc     |  Load   | Delay | Arrival | 
     |                      |              |           |       |                      | Annotation |         |       |  Time   | 
     |----------------------+--------------+-----------+-------+----------------------+------------+---------+-------+---------| 
     |                      | EXT_BUSY ^   |           | 0.002 | EXT_BUSY             |       SPEF |  17.181 |       |   0.800 | 
     | My_bus/FE_RC_0_0     |              | NAND2_X1  | 0.005 | EXT_BUSY             |       SPEF |  17.181 | 0.005 |   0.805 | 
     | My_bus/FE_RC_0_0     | A1 ^ -> ZN v | NAND2_X1  | 0.047 | My_bus/n312          |            |   2.098 | 0.025 |   0.830 | 
     | My_bus/U633          |              | NOR3_X1   | 0.047 | My_bus/n312          |       SPEF |   2.098 | 0.000 |   0.830 | 
     | My_bus/U633          | A3 v -> ZN ^ | NOR3_X1   | 0.347 | My_bus/n102          |            |  10.414 | 0.478 |   1.308 | 
     | My_bus/U625          |              | AOI211_X1 | 0.347 | My_bus/n102          |       SPEF |  10.414 | 0.000 |   1.308 | 
     | My_bus/U625          | A ^ -> ZN v  | AOI211_X1 | 0.089 | My_bus/n10           |            |   4.823 | 0.130 |   1.439 | 
     | My_bus/U624          |              | INV_X1    | 0.089 | My_bus/n10           |       SPEF |   4.823 | 0.000 |   1.439 | 
     | My_bus/U624          | A v -> ZN ^  | INV_X1    | 0.284 | My_bus/n61           |            |  33.978 | 0.355 |   1.794 | 
     | My_bus/U621          |              | NOR2_X4   | 0.284 | My_bus/n61           |       SPEF |  33.978 | 0.002 |   1.795 | 
     | My_bus/U621          | A2 ^ -> ZN v | NOR2_X4   | 0.091 | My_bus/n101          |            |  56.835 | 0.156 |   1.952 | 
     | My_bus/U620          |              | INV_X1    | 0.091 | My_bus/n101          |       SPEF |  56.835 | 0.003 |   1.954 | 
     | My_bus/U620          | A v -> ZN ^  | INV_X1    | 0.063 | My_bus/n306          |            |   6.239 | 0.123 |   2.077 | 
     | My_bus/U619          |              | OAI21_X4  | 0.063 | My_bus/n306          |       SPEF |   6.239 | 0.000 |   2.077 | 
     | My_bus/U619          | A ^ -> ZN v  | OAI21_X4  | 0.105 | My_bus/n104          |            |  39.255 | 0.103 |   2.180 | 
     | My_bus/FE_OFC42_n104 |              | BUF_X1    | 0.106 | My_bus/n104          |       SPEF |  39.255 | 0.006 |   2.186 | 
     | My_bus/FE_OFC42_n104 | A v -> Z v   | BUF_X1    | 0.056 | My_bus/FE_OFN42_n104 |            |  22.019 | 0.203 |   2.389 | 
     | My_bus/U589          |              | AOI22_X1  | 0.056 | My_bus/FE_OFN42_n104 |       SPEF |  22.019 | 0.002 |   2.391 | 
     | My_bus/U589          | B2 v -> ZN ^ | AOI22_X1  | 0.092 | My_bus/n88           |            |   1.668 | 0.188 |   2.579 | 
     | My_bus/FE_OFC76_n88  |              | BUF_X1    | 0.092 | My_bus/n88           |       SPEF |   1.668 | 0.000 |   2.579 | 
     | My_bus/FE_OFC76_n88  | A ^ -> Z ^   | BUF_X1    | 0.269 | My_bus/FE_OFN76_n88  |            |  31.719 | 0.346 |   2.925 | 
     | My_bus/U588          |              | AND4_X1   | 0.269 | My_bus/FE_OFN76_n88  |       SPEF |  31.719 | 0.007 |   2.932 | 
     | My_bus/U588          | A4 ^ -> ZN ^ | AND4_X1   | 0.036 | My_bus/n300          |            |   1.198 | 0.229 |   3.161 | 
     | My_bus/U587          |              | AND2_X1   | 0.036 | My_bus/n300          |       SPEF |   1.198 | 0.000 |   3.161 | 
     | My_bus/U587          | A2 ^ -> ZN ^ | AND2_X1   | 0.051 | My_bus/n281          |            |   4.863 | 0.125 |   3.286 | 
     | My_bus/U586          |              | AND4_X1   | 0.051 | My_bus/n281          |       SPEF |   4.863 | 0.000 |   3.287 | 
     | My_bus/U586          | A4 ^ -> ZN ^ | AND4_X1   | 0.038 | My_bus/n298          |            |   1.492 | 0.177 |   3.463 | 
     | My_bus/U577          |              | AND4_X1   | 0.038 | My_bus/n298          |       SPEF |   1.492 | 0.000 |   3.463 | 
     | My_bus/U577          | A1 ^ -> ZN ^ | AND4_X1   | 0.038 | My_bus/n297          |            |   1.612 | 0.155 |   3.618 | 
     | My_bus/U576          |              | NAND3_X1  | 0.038 | My_bus/n297          |       SPEF |   1.612 | 0.000 |   3.618 | 
     | My_bus/U576          | A3 ^ -> ZN v | NAND3_X1  | 0.093 | My_bus/n267          |            |   5.480 | 0.090 |   3.708 | 
     | My_bus/U565          |              | NAND2_X1  | 0.093 | My_bus/n267          |       SPEF |   5.480 | 0.000 |   3.708 | 
     | My_bus/U565          | A1 v -> ZN ^ | NAND2_X1  | 0.061 | My_bus/n266          |            |   5.257 | 0.121 |   3.829 | 
     | My_bus/U558          |              | NOR2_X2   | 0.061 | My_bus/n266          |       SPEF |   5.257 | 0.000 |   3.829 | 
     | My_bus/U558          | A1 ^ -> ZN v | NOR2_X2   | 0.038 | YOUR_ADDRBUS[29]     |            |  21.127 | 0.065 |   3.894 | 
     | My_bus/U21           |              | INV_X4    | 0.038 | YOUR_ADDRBUS[29]     |       SPEF |  21.127 | 0.002 |   3.896 | 
     | My_bus/U21           | A v -> ZN ^  | INV_X4    | 0.258 | My_bus/n96           |            | 122.058 | 0.295 |   4.191 | 
     | My_bus/U207          |              | NOR2_X1   | 0.258 | My_bus/n96           |       SPEF | 122.058 | 0.003 |   4.194 | 
     | My_bus/U207          | A2 ^ -> ZN v | NOR2_X1   | 0.079 | YOUR_ADDRBUS[30]     |            |  11.909 | 0.141 |   4.335 | 
     | my_aes               |              | aesbuffer | 0.079 | YOUR_ADDRBUS[30]     |       SPEF |  11.909 | 0.003 |   4.338 | 
     +-------------------------------------------------------------------------------------------------------------------------+ 
Path 3: MET Setup Check with Pin my_aes/clk 
Endpoint:   my_aes/addr_in[29] (^) checked with  leading edge of 'CLK'
Beginpoint: EXT_BUSY           (^) triggered by  leading edge of 'CLK'
Path Groups: {CLK}
Analysis View: ensc450_av
Other End Arrival Time          0.000
- Setup                         7.799
+ Phase Shift                  15.000
= Required Time                 7.201
- Arrival Time                  4.164
= Slack Time                    3.037
     Clock Rise Edge                      0.000
     + Input Delay                        0.800
     = Beginpoint Arrival Time            0.800
     +------------------------------------------------------------------------------------------------------------------------+ 
     |       Instance       |     Arc      |   Cell    |  Slew |         Net          |    Arc     |  Load  | Delay | Arrival | 
     |                      |              |           |       |                      | Annotation |        |       |  Time   | 
     |----------------------+--------------+-----------+-------+----------------------+------------+--------+-------+---------| 
     |                      | EXT_BUSY ^   |           | 0.002 | EXT_BUSY             |       SPEF | 17.181 |       |   0.800 | 
     | My_bus/FE_RC_0_0     |              | NAND2_X1  | 0.005 | EXT_BUSY             |       SPEF | 17.181 | 0.005 |   0.805 | 
     | My_bus/FE_RC_0_0     | A1 ^ -> ZN v | NAND2_X1  | 0.047 | My_bus/n312          |            |  2.098 | 0.025 |   0.830 | 
     | My_bus/U633          |              | NOR3_X1   | 0.047 | My_bus/n312          |       SPEF |  2.098 | 0.000 |   0.830 | 
     | My_bus/U633          | A3 v -> ZN ^ | NOR3_X1   | 0.347 | My_bus/n102          |            | 10.414 | 0.478 |   1.308 | 
     | My_bus/U625          |              | AOI211_X1 | 0.347 | My_bus/n102          |       SPEF | 10.414 | 0.000 |   1.308 | 
     | My_bus/U625          | A ^ -> ZN v  | AOI211_X1 | 0.089 | My_bus/n10           |            |  4.823 | 0.130 |   1.439 | 
     | My_bus/U624          |              | INV_X1    | 0.089 | My_bus/n10           |       SPEF |  4.823 | 0.000 |   1.439 | 
     | My_bus/U624          | A v -> ZN ^  | INV_X1    | 0.284 | My_bus/n61           |            | 33.978 | 0.355 |   1.794 | 
     | My_bus/U621          |              | NOR2_X4   | 0.284 | My_bus/n61           |       SPEF | 33.978 | 0.002 |   1.795 | 
     | My_bus/U621          | A2 ^ -> ZN v | NOR2_X4   | 0.091 | My_bus/n101          |            | 56.835 | 0.156 |   1.952 | 
     | My_bus/U620          |              | INV_X1    | 0.091 | My_bus/n101          |       SPEF | 56.835 | 0.003 |   1.954 | 
     | My_bus/U620          | A v -> ZN ^  | INV_X1    | 0.063 | My_bus/n306          |            |  6.239 | 0.123 |   2.077 | 
     | My_bus/U619          |              | OAI21_X4  | 0.063 | My_bus/n306          |       SPEF |  6.239 | 0.000 |   2.077 | 
     | My_bus/U619          | A ^ -> ZN v  | OAI21_X4  | 0.105 | My_bus/n104          |            | 39.255 | 0.103 |   2.180 | 
     | My_bus/FE_OFC42_n104 |              | BUF_X1    | 0.106 | My_bus/n104          |       SPEF | 39.255 | 0.006 |   2.186 | 
     | My_bus/FE_OFC42_n104 | A v -> Z v   | BUF_X1    | 0.056 | My_bus/FE_OFN42_n104 |            | 22.019 | 0.203 |   2.389 | 
     | My_bus/U589          |              | AOI22_X1  | 0.056 | My_bus/FE_OFN42_n104 |       SPEF | 22.019 | 0.002 |   2.391 | 
     | My_bus/U589          | B2 v -> ZN ^ | AOI22_X1  | 0.092 | My_bus/n88           |            |  1.668 | 0.188 |   2.579 | 
     | My_bus/FE_OFC76_n88  |              | BUF_X1    | 0.092 | My_bus/n88           |       SPEF |  1.668 | 0.000 |   2.579 | 
     | My_bus/FE_OFC76_n88  | A ^ -> Z ^   | BUF_X1    | 0.269 | My_bus/FE_OFN76_n88  |            | 31.719 | 0.346 |   2.925 | 
     | My_bus/U588          |              | AND4_X1   | 0.269 | My_bus/FE_OFN76_n88  |       SPEF | 31.719 | 0.007 |   2.932 | 
     | My_bus/U588          | A4 ^ -> ZN ^ | AND4_X1   | 0.036 | My_bus/n300          |            |  1.198 | 0.229 |   3.161 | 
     | My_bus/U587          |              | AND2_X1   | 0.036 | My_bus/n300          |       SPEF |  1.198 | 0.000 |   3.161 | 
     | My_bus/U587          | A2 ^ -> ZN ^ | AND2_X1   | 0.051 | My_bus/n281          |            |  4.863 | 0.125 |   3.286 | 
     | My_bus/U586          |              | AND4_X1   | 0.051 | My_bus/n281          |       SPEF |  4.863 | 0.000 |   3.287 | 
     | My_bus/U586          | A4 ^ -> ZN ^ | AND4_X1   | 0.038 | My_bus/n298          |            |  1.492 | 0.177 |   3.463 | 
     | My_bus/U577          |              | AND4_X1   | 0.038 | My_bus/n298          |       SPEF |  1.492 | 0.000 |   3.463 | 
     | My_bus/U577          | A1 ^ -> ZN ^ | AND4_X1   | 0.038 | My_bus/n297          |            |  1.612 | 0.155 |   3.618 | 
     | My_bus/U576          |              | NAND3_X1  | 0.038 | My_bus/n297          |       SPEF |  1.612 | 0.000 |   3.618 | 
     | My_bus/U576          | A3 ^ -> ZN v | NAND3_X1  | 0.093 | My_bus/n267          |            |  5.480 | 0.090 |   3.708 | 
     | My_bus/U560          |              | NAND2_X1  | 0.093 | My_bus/n267          |       SPEF |  5.480 | 0.000 |   3.708 | 
     | My_bus/U560          | A1 v -> ZN ^ | NAND2_X1  | 0.054 | My_bus/n265          |            |  3.984 | 0.110 |   3.818 | 
     | My_bus/U559          |              | INV_X1    | 0.054 | My_bus/n265          |       SPEF |  3.984 | 0.000 |   3.818 | 
     | My_bus/U559          | A ^ -> ZN v  | INV_X1    | 0.025 | My_bus/n14           |            |  8.763 | 0.056 |   3.874 | 
     | My_bus/U558          |              | NOR2_X2   | 0.025 | My_bus/n14           |       SPEF |  8.763 | 0.000 |   3.874 | 
     | My_bus/U558          | A2 v -> ZN ^ | NOR2_X2   | 0.222 | YOUR_ADDRBUS[29]     |            | 21.755 | 0.285 |   4.159 | 
     | my_aes               |              | aesbuffer | 0.222 | YOUR_ADDRBUS[29]     |       SPEF | 21.755 | 0.005 |   4.164 | 
     +------------------------------------------------------------------------------------------------------------------------+ 
Path 4: MET Setup Check with Pin my_aes/clk 
Endpoint:   my_aes/addr_in[28] (v) checked with  leading edge of 'CLK'
Beginpoint: EXT_BUSY           (^) triggered by  leading edge of 'CLK'
Path Groups: {CLK}
Analysis View: ensc450_av
Other End Arrival Time          0.000
- Setup                         7.603
+ Phase Shift                  15.000
= Required Time                 7.397
- Arrival Time                  4.341
= Slack Time                    3.055
     Clock Rise Edge                      0.000
     + Input Delay                        0.800
     = Beginpoint Arrival Time            0.800
     +-------------------------------------------------------------------------------------------------------------------------+ 
     |       Instance       |     Arc      |   Cell    |  Slew |         Net          |    Arc     |  Load   | Delay | Arrival | 
     |                      |              |           |       |                      | Annotation |         |       |  Time   | 
     |----------------------+--------------+-----------+-------+----------------------+------------+---------+-------+---------| 
     |                      | EXT_BUSY ^   |           | 0.002 | EXT_BUSY             |       SPEF |  17.181 |       |   0.800 | 
     | My_bus/FE_RC_0_0     |              | NAND2_X1  | 0.005 | EXT_BUSY             |       SPEF |  17.181 | 0.005 |   0.805 | 
     | My_bus/FE_RC_0_0     | A1 ^ -> ZN v | NAND2_X1  | 0.047 | My_bus/n312          |            |   2.098 | 0.025 |   0.830 | 
     | My_bus/U633          |              | NOR3_X1   | 0.047 | My_bus/n312          |       SPEF |   2.098 | 0.000 |   0.830 | 
     | My_bus/U633          | A3 v -> ZN ^ | NOR3_X1   | 0.347 | My_bus/n102          |            |  10.414 | 0.478 |   1.308 | 
     | My_bus/U625          |              | AOI211_X1 | 0.347 | My_bus/n102          |       SPEF |  10.414 | 0.000 |   1.308 | 
     | My_bus/U625          | A ^ -> ZN v  | AOI211_X1 | 0.089 | My_bus/n10           |            |   4.823 | 0.130 |   1.439 | 
     | My_bus/U624          |              | INV_X1    | 0.089 | My_bus/n10           |       SPEF |   4.823 | 0.000 |   1.439 | 
     | My_bus/U624          | A v -> ZN ^  | INV_X1    | 0.284 | My_bus/n61           |            |  33.978 | 0.355 |   1.794 | 
     | My_bus/U621          |              | NOR2_X4   | 0.284 | My_bus/n61           |       SPEF |  33.978 | 0.002 |   1.795 | 
     | My_bus/U621          | A2 ^ -> ZN v | NOR2_X4   | 0.091 | My_bus/n101          |            |  56.835 | 0.156 |   1.952 | 
     | My_bus/U620          |              | INV_X1    | 0.091 | My_bus/n101          |       SPEF |  56.835 | 0.003 |   1.954 | 
     | My_bus/U620          | A v -> ZN ^  | INV_X1    | 0.063 | My_bus/n306          |            |   6.239 | 0.123 |   2.077 | 
     | My_bus/U619          |              | OAI21_X4  | 0.063 | My_bus/n306          |       SPEF |   6.239 | 0.000 |   2.077 | 
     | My_bus/U619          | A ^ -> ZN v  | OAI21_X4  | 0.105 | My_bus/n104          |            |  39.255 | 0.103 |   2.180 | 
     | My_bus/FE_OFC42_n104 |              | BUF_X1    | 0.106 | My_bus/n104          |       SPEF |  39.255 | 0.006 |   2.186 | 
     | My_bus/FE_OFC42_n104 | A v -> Z v   | BUF_X1    | 0.056 | My_bus/FE_OFN42_n104 |            |  22.019 | 0.203 |   2.389 | 
     | My_bus/U589          |              | AOI22_X1  | 0.056 | My_bus/FE_OFN42_n104 |       SPEF |  22.019 | 0.002 |   2.391 | 
     | My_bus/U589          | B2 v -> ZN ^ | AOI22_X1  | 0.092 | My_bus/n88           |            |   1.668 | 0.188 |   2.579 | 
     | My_bus/FE_OFC76_n88  |              | BUF_X1    | 0.092 | My_bus/n88           |       SPEF |   1.668 | 0.000 |   2.579 | 
     | My_bus/FE_OFC76_n88  | A ^ -> Z ^   | BUF_X1    | 0.269 | My_bus/FE_OFN76_n88  |            |  31.719 | 0.346 |   2.925 | 
     | My_bus/U588          |              | AND4_X1   | 0.269 | My_bus/FE_OFN76_n88  |       SPEF |  31.719 | 0.007 |   2.932 | 
     | My_bus/U588          | A4 ^ -> ZN ^ | AND4_X1   | 0.036 | My_bus/n300          |            |   1.198 | 0.229 |   3.161 | 
     | My_bus/U587          |              | AND2_X1   | 0.036 | My_bus/n300          |       SPEF |   1.198 | 0.000 |   3.161 | 
     | My_bus/U587          | A2 ^ -> ZN ^ | AND2_X1   | 0.051 | My_bus/n281          |            |   4.863 | 0.125 |   3.286 | 
     | My_bus/U586          |              | AND4_X1   | 0.051 | My_bus/n281          |       SPEF |   4.863 | 0.000 |   3.287 | 
     | My_bus/U586          | A4 ^ -> ZN ^ | AND4_X1   | 0.038 | My_bus/n298          |            |   1.492 | 0.177 |   3.463 | 
     | My_bus/U577          |              | AND4_X1   | 0.038 | My_bus/n298          |       SPEF |   1.492 | 0.000 |   3.463 | 
     | My_bus/U577          | A1 ^ -> ZN ^ | AND4_X1   | 0.038 | My_bus/n297          |            |   1.612 | 0.155 |   3.618 | 
     | My_bus/U576          |              | NAND3_X1  | 0.038 | My_bus/n297          |       SPEF |   1.612 | 0.000 |   3.618 | 
     | My_bus/U576          | A3 ^ -> ZN v | NAND3_X1  | 0.093 | My_bus/n267          |            |   5.480 | 0.090 |   3.708 | 
     | My_bus/U565          |              | NAND2_X1  | 0.093 | My_bus/n267          |       SPEF |   5.480 | 0.000 |   3.708 | 
     | My_bus/U565          | A1 v -> ZN ^ | NAND2_X1  | 0.061 | My_bus/n266          |            |   5.257 | 0.121 |   3.829 | 
     | My_bus/U558          |              | NOR2_X2   | 0.061 | My_bus/n266          |       SPEF |   5.257 | 0.000 |   3.829 | 
     | My_bus/U558          | A1 ^ -> ZN v | NOR2_X2   | 0.038 | YOUR_ADDRBUS[29]     |            |  21.127 | 0.065 |   3.894 | 
     | My_bus/U21           |              | INV_X4    | 0.038 | YOUR_ADDRBUS[29]     |       SPEF |  21.127 | 0.002 |   3.896 | 
     | My_bus/U21           | A v -> ZN ^  | INV_X4    | 0.258 | My_bus/n96           |            | 122.058 | 0.295 |   4.191 | 
     | My_bus/U209          |              | NOR2_X1   | 0.258 | My_bus/n96           |       SPEF | 122.058 | 0.003 |   4.194 | 
     | My_bus/U209          | A2 ^ -> ZN v | NOR2_X1   | 0.080 | YOUR_ADDRBUS[28]     |            |  12.562 | 0.145 |   4.339 | 
     | my_aes               |              | aesbuffer | 0.080 | YOUR_ADDRBUS[28]     |       SPEF |  12.562 | 0.002 |   4.341 | 
     +-------------------------------------------------------------------------------------------------------------------------+ 
Path 5: MET Setup Check with Pin my_aes/clk 
Endpoint:   my_aes/addr_in[27] (v) checked with  leading edge of 'CLK'
Beginpoint: EXT_BUSY           (^) triggered by  leading edge of 'CLK'
Path Groups: {CLK}
Analysis View: ensc450_av
Other End Arrival Time          0.000
- Setup                         7.419
+ Phase Shift                  15.000
= Required Time                 7.581
- Arrival Time                  4.334
= Slack Time                    3.247
     Clock Rise Edge                      0.000
     + Input Delay                        0.800
     = Beginpoint Arrival Time            0.800
     +-------------------------------------------------------------------------------------------------------------------------+ 
     |       Instance       |     Arc      |   Cell    |  Slew |         Net          |    Arc     |  Load   | Delay | Arrival | 
     |                      |              |           |       |                      | Annotation |         |       |  Time   | 
     |----------------------+--------------+-----------+-------+----------------------+------------+---------+-------+---------| 
     |                      | EXT_BUSY ^   |           | 0.002 | EXT_BUSY             |       SPEF |  17.181 |       |   0.800 | 
     | My_bus/FE_RC_0_0     |              | NAND2_X1  | 0.005 | EXT_BUSY             |       SPEF |  17.181 | 0.005 |   0.805 | 
     | My_bus/FE_RC_0_0     | A1 ^ -> ZN v | NAND2_X1  | 0.047 | My_bus/n312          |            |   2.098 | 0.025 |   0.830 | 
     | My_bus/U633          |              | NOR3_X1   | 0.047 | My_bus/n312          |       SPEF |   2.098 | 0.000 |   0.830 | 
     | My_bus/U633          | A3 v -> ZN ^ | NOR3_X1   | 0.347 | My_bus/n102          |            |  10.414 | 0.478 |   1.308 | 
     | My_bus/U625          |              | AOI211_X1 | 0.347 | My_bus/n102          |       SPEF |  10.414 | 0.000 |   1.308 | 
     | My_bus/U625          | A ^ -> ZN v  | AOI211_X1 | 0.089 | My_bus/n10           |            |   4.823 | 0.130 |   1.439 | 
     | My_bus/U624          |              | INV_X1    | 0.089 | My_bus/n10           |       SPEF |   4.823 | 0.000 |   1.439 | 
     | My_bus/U624          | A v -> ZN ^  | INV_X1    | 0.284 | My_bus/n61           |            |  33.978 | 0.355 |   1.794 | 
     | My_bus/U621          |              | NOR2_X4   | 0.284 | My_bus/n61           |       SPEF |  33.978 | 0.002 |   1.795 | 
     | My_bus/U621          | A2 ^ -> ZN v | NOR2_X4   | 0.091 | My_bus/n101          |            |  56.835 | 0.156 |   1.952 | 
     | My_bus/U620          |              | INV_X1    | 0.091 | My_bus/n101          |       SPEF |  56.835 | 0.003 |   1.954 | 
     | My_bus/U620          | A v -> ZN ^  | INV_X1    | 0.063 | My_bus/n306          |            |   6.239 | 0.123 |   2.077 | 
     | My_bus/U619          |              | OAI21_X4  | 0.063 | My_bus/n306          |       SPEF |   6.239 | 0.000 |   2.077 | 
     | My_bus/U619          | A ^ -> ZN v  | OAI21_X4  | 0.105 | My_bus/n104          |            |  39.255 | 0.103 |   2.180 | 
     | My_bus/FE_OFC42_n104 |              | BUF_X1    | 0.106 | My_bus/n104          |       SPEF |  39.255 | 0.006 |   2.186 | 
     | My_bus/FE_OFC42_n104 | A v -> Z v   | BUF_X1    | 0.056 | My_bus/FE_OFN42_n104 |            |  22.019 | 0.203 |   2.389 | 
     | My_bus/U589          |              | AOI22_X1  | 0.056 | My_bus/FE_OFN42_n104 |       SPEF |  22.019 | 0.002 |   2.391 | 
     | My_bus/U589          | B2 v -> ZN ^ | AOI22_X1  | 0.092 | My_bus/n88           |            |   1.668 | 0.188 |   2.579 | 
     | My_bus/FE_OFC76_n88  |              | BUF_X1    | 0.092 | My_bus/n88           |       SPEF |   1.668 | 0.000 |   2.579 | 
     | My_bus/FE_OFC76_n88  | A ^ -> Z ^   | BUF_X1    | 0.269 | My_bus/FE_OFN76_n88  |            |  31.719 | 0.346 |   2.925 | 
     | My_bus/U588          |              | AND4_X1   | 0.269 | My_bus/FE_OFN76_n88  |       SPEF |  31.719 | 0.007 |   2.932 | 
     | My_bus/U588          | A4 ^ -> ZN ^ | AND4_X1   | 0.036 | My_bus/n300          |            |   1.198 | 0.229 |   3.161 | 
     | My_bus/U587          |              | AND2_X1   | 0.036 | My_bus/n300          |       SPEF |   1.198 | 0.000 |   3.161 | 
     | My_bus/U587          | A2 ^ -> ZN ^ | AND2_X1   | 0.051 | My_bus/n281          |            |   4.863 | 0.125 |   3.286 | 
     | My_bus/U586          |              | AND4_X1   | 0.051 | My_bus/n281          |       SPEF |   4.863 | 0.000 |   3.287 | 
     | My_bus/U586          | A4 ^ -> ZN ^ | AND4_X1   | 0.038 | My_bus/n298          |            |   1.492 | 0.177 |   3.463 | 
     | My_bus/U577          |              | AND4_X1   | 0.038 | My_bus/n298          |       SPEF |   1.492 | 0.000 |   3.463 | 
     | My_bus/U577          | A1 ^ -> ZN ^ | AND4_X1   | 0.038 | My_bus/n297          |            |   1.612 | 0.155 |   3.618 | 
     | My_bus/U576          |              | NAND3_X1  | 0.038 | My_bus/n297          |       SPEF |   1.612 | 0.000 |   3.618 | 
     | My_bus/U576          | A3 ^ -> ZN v | NAND3_X1  | 0.093 | My_bus/n267          |            |   5.480 | 0.090 |   3.708 | 
     | My_bus/U565          |              | NAND2_X1  | 0.093 | My_bus/n267          |       SPEF |   5.480 | 0.000 |   3.708 | 
     | My_bus/U565          | A1 v -> ZN ^ | NAND2_X1  | 0.061 | My_bus/n266          |            |   5.257 | 0.121 |   3.829 | 
     | My_bus/U558          |              | NOR2_X2   | 0.061 | My_bus/n266          |       SPEF |   5.257 | 0.000 |   3.829 | 
     | My_bus/U558          | A1 ^ -> ZN v | NOR2_X2   | 0.038 | YOUR_ADDRBUS[29]     |            |  21.127 | 0.065 |   3.894 | 
     | My_bus/U21           |              | INV_X4    | 0.038 | YOUR_ADDRBUS[29]     |       SPEF |  21.127 | 0.002 |   3.896 | 
     | My_bus/U21           | A v -> ZN ^  | INV_X4    | 0.258 | My_bus/n96           |            | 122.058 | 0.295 |   4.191 | 
     | My_bus/U210          |              | NOR2_X1   | 0.258 | My_bus/n96           |       SPEF | 122.058 | 0.002 |   4.193 | 
     | My_bus/U210          | A2 ^ -> ZN v | NOR2_X1   | 0.078 | YOUR_ADDRBUS[27]     |            |  11.429 | 0.138 |   4.330 | 
     | my_aes               |              | aesbuffer | 0.078 | YOUR_ADDRBUS[27]     |       SPEF |  11.429 | 0.004 |   4.334 | 
     +-------------------------------------------------------------------------------------------------------------------------+ 
Path 6: MET Setup Check with Pin my_aes/clk 
Endpoint:   my_aes/addr_in[26] (v) checked with  leading edge of 'CLK'
Beginpoint: EXT_BUSY           (^) triggered by  leading edge of 'CLK'
Path Groups: {CLK}
Analysis View: ensc450_av
Other End Arrival Time          0.000
- Setup                         7.235
+ Phase Shift                  15.000
= Required Time                 7.765
- Arrival Time                  4.335
= Slack Time                    3.430
     Clock Rise Edge                      0.000
     + Input Delay                        0.800
     = Beginpoint Arrival Time            0.800
     +-------------------------------------------------------------------------------------------------------------------------+ 
     |       Instance       |     Arc      |   Cell    |  Slew |         Net          |    Arc     |  Load   | Delay | Arrival | 
     |                      |              |           |       |                      | Annotation |         |       |  Time   | 
     |----------------------+--------------+-----------+-------+----------------------+------------+---------+-------+---------| 
     |                      | EXT_BUSY ^   |           | 0.002 | EXT_BUSY             |       SPEF |  17.181 |       |   0.800 | 
     | My_bus/FE_RC_0_0     |              | NAND2_X1  | 0.005 | EXT_BUSY             |       SPEF |  17.181 | 0.005 |   0.805 | 
     | My_bus/FE_RC_0_0     | A1 ^ -> ZN v | NAND2_X1  | 0.047 | My_bus/n312          |            |   2.098 | 0.025 |   0.830 | 
     | My_bus/U633          |              | NOR3_X1   | 0.047 | My_bus/n312          |       SPEF |   2.098 | 0.000 |   0.830 | 
     | My_bus/U633          | A3 v -> ZN ^ | NOR3_X1   | 0.347 | My_bus/n102          |            |  10.414 | 0.478 |   1.308 | 
     | My_bus/U625          |              | AOI211_X1 | 0.347 | My_bus/n102          |       SPEF |  10.414 | 0.000 |   1.308 | 
     | My_bus/U625          | A ^ -> ZN v  | AOI211_X1 | 0.089 | My_bus/n10           |            |   4.823 | 0.130 |   1.439 | 
     | My_bus/U624          |              | INV_X1    | 0.089 | My_bus/n10           |       SPEF |   4.823 | 0.000 |   1.439 | 
     | My_bus/U624          | A v -> ZN ^  | INV_X1    | 0.284 | My_bus/n61           |            |  33.978 | 0.355 |   1.794 | 
     | My_bus/U621          |              | NOR2_X4   | 0.284 | My_bus/n61           |       SPEF |  33.978 | 0.002 |   1.795 | 
     | My_bus/U621          | A2 ^ -> ZN v | NOR2_X4   | 0.091 | My_bus/n101          |            |  56.835 | 0.156 |   1.952 | 
     | My_bus/U620          |              | INV_X1    | 0.091 | My_bus/n101          |       SPEF |  56.835 | 0.003 |   1.954 | 
     | My_bus/U620          | A v -> ZN ^  | INV_X1    | 0.063 | My_bus/n306          |            |   6.239 | 0.123 |   2.077 | 
     | My_bus/U619          |              | OAI21_X4  | 0.063 | My_bus/n306          |       SPEF |   6.239 | 0.000 |   2.077 | 
     | My_bus/U619          | A ^ -> ZN v  | OAI21_X4  | 0.105 | My_bus/n104          |            |  39.255 | 0.103 |   2.180 | 
     | My_bus/FE_OFC42_n104 |              | BUF_X1    | 0.106 | My_bus/n104          |       SPEF |  39.255 | 0.006 |   2.186 | 
     | My_bus/FE_OFC42_n104 | A v -> Z v   | BUF_X1    | 0.056 | My_bus/FE_OFN42_n104 |            |  22.019 | 0.203 |   2.389 | 
     | My_bus/U589          |              | AOI22_X1  | 0.056 | My_bus/FE_OFN42_n104 |       SPEF |  22.019 | 0.002 |   2.391 | 
     | My_bus/U589          | B2 v -> ZN ^ | AOI22_X1  | 0.092 | My_bus/n88           |            |   1.668 | 0.188 |   2.579 | 
     | My_bus/FE_OFC76_n88  |              | BUF_X1    | 0.092 | My_bus/n88           |       SPEF |   1.668 | 0.000 |   2.579 | 
     | My_bus/FE_OFC76_n88  | A ^ -> Z ^   | BUF_X1    | 0.269 | My_bus/FE_OFN76_n88  |            |  31.719 | 0.346 |   2.925 | 
     | My_bus/U588          |              | AND4_X1   | 0.269 | My_bus/FE_OFN76_n88  |       SPEF |  31.719 | 0.007 |   2.932 | 
     | My_bus/U588          | A4 ^ -> ZN ^ | AND4_X1   | 0.036 | My_bus/n300          |            |   1.198 | 0.229 |   3.161 | 
     | My_bus/U587          |              | AND2_X1   | 0.036 | My_bus/n300          |       SPEF |   1.198 | 0.000 |   3.161 | 
     | My_bus/U587          | A2 ^ -> ZN ^ | AND2_X1   | 0.051 | My_bus/n281          |            |   4.863 | 0.125 |   3.286 | 
     | My_bus/U586          |              | AND4_X1   | 0.051 | My_bus/n281          |       SPEF |   4.863 | 0.000 |   3.287 | 
     | My_bus/U586          | A4 ^ -> ZN ^ | AND4_X1   | 0.038 | My_bus/n298          |            |   1.492 | 0.177 |   3.463 | 
     | My_bus/U577          |              | AND4_X1   | 0.038 | My_bus/n298          |       SPEF |   1.492 | 0.000 |   3.463 | 
     | My_bus/U577          | A1 ^ -> ZN ^ | AND4_X1   | 0.038 | My_bus/n297          |            |   1.612 | 0.155 |   3.618 | 
     | My_bus/U576          |              | NAND3_X1  | 0.038 | My_bus/n297          |       SPEF |   1.612 | 0.000 |   3.618 | 
     | My_bus/U576          | A3 ^ -> ZN v | NAND3_X1  | 0.093 | My_bus/n267          |            |   5.480 | 0.090 |   3.708 | 
     | My_bus/U565          |              | NAND2_X1  | 0.093 | My_bus/n267          |       SPEF |   5.480 | 0.000 |   3.708 | 
     | My_bus/U565          | A1 v -> ZN ^ | NAND2_X1  | 0.061 | My_bus/n266          |            |   5.257 | 0.121 |   3.829 | 
     | My_bus/U558          |              | NOR2_X2   | 0.061 | My_bus/n266          |       SPEF |   5.257 | 0.000 |   3.829 | 
     | My_bus/U558          | A1 ^ -> ZN v | NOR2_X2   | 0.038 | YOUR_ADDRBUS[29]     |            |  21.127 | 0.065 |   3.894 | 
     | My_bus/U21           |              | INV_X4    | 0.038 | YOUR_ADDRBUS[29]     |       SPEF |  21.127 | 0.002 |   3.896 | 
     | My_bus/U21           | A v -> ZN ^  | INV_X4    | 0.258 | My_bus/n96           |            | 122.058 | 0.295 |   4.191 | 
     | My_bus/U211          |              | NOR2_X1   | 0.258 | My_bus/n96           |       SPEF | 122.058 | 0.002 |   4.193 | 
     | My_bus/U211          | A2 ^ -> ZN v | NOR2_X1   | 0.078 | YOUR_ADDRBUS[26]     |            |  11.572 | 0.139 |   4.332 | 
     | my_aes               |              | aesbuffer | 0.078 | YOUR_ADDRBUS[26]     |       SPEF |  11.572 | 0.003 |   4.335 | 
     +-------------------------------------------------------------------------------------------------------------------------+ 
Path 7: MET Setup Check with Pin my_aes/clk 
Endpoint:   my_aes/addr_in[25] (v) checked with  leading edge of 'CLK'
Beginpoint: EXT_BUSY           (^) triggered by  leading edge of 'CLK'
Path Groups: {CLK}
Analysis View: ensc450_av
Other End Arrival Time          0.000
- Setup                         7.052
+ Phase Shift                  15.000
= Required Time                 7.948
- Arrival Time                  4.334
= Slack Time                    3.614
     Clock Rise Edge                      0.000
     + Input Delay                        0.800
     = Beginpoint Arrival Time            0.800
     +-------------------------------------------------------------------------------------------------------------------------+ 
     |       Instance       |     Arc      |   Cell    |  Slew |         Net          |    Arc     |  Load   | Delay | Arrival | 
     |                      |              |           |       |                      | Annotation |         |       |  Time   | 
     |----------------------+--------------+-----------+-------+----------------------+------------+---------+-------+---------| 
     |                      | EXT_BUSY ^   |           | 0.002 | EXT_BUSY             |       SPEF |  17.181 |       |   0.800 | 
     | My_bus/FE_RC_0_0     |              | NAND2_X1  | 0.005 | EXT_BUSY             |       SPEF |  17.181 | 0.005 |   0.805 | 
     | My_bus/FE_RC_0_0     | A1 ^ -> ZN v | NAND2_X1  | 0.047 | My_bus/n312          |            |   2.098 | 0.025 |   0.830 | 
     | My_bus/U633          |              | NOR3_X1   | 0.047 | My_bus/n312          |       SPEF |   2.098 | 0.000 |   0.830 | 
     | My_bus/U633          | A3 v -> ZN ^ | NOR3_X1   | 0.347 | My_bus/n102          |            |  10.414 | 0.478 |   1.308 | 
     | My_bus/U625          |              | AOI211_X1 | 0.347 | My_bus/n102          |       SPEF |  10.414 | 0.000 |   1.308 | 
     | My_bus/U625          | A ^ -> ZN v  | AOI211_X1 | 0.089 | My_bus/n10           |            |   4.823 | 0.130 |   1.439 | 
     | My_bus/U624          |              | INV_X1    | 0.089 | My_bus/n10           |       SPEF |   4.823 | 0.000 |   1.439 | 
     | My_bus/U624          | A v -> ZN ^  | INV_X1    | 0.284 | My_bus/n61           |            |  33.978 | 0.355 |   1.794 | 
     | My_bus/U621          |              | NOR2_X4   | 0.284 | My_bus/n61           |       SPEF |  33.978 | 0.002 |   1.795 | 
     | My_bus/U621          | A2 ^ -> ZN v | NOR2_X4   | 0.091 | My_bus/n101          |            |  56.835 | 0.156 |   1.952 | 
     | My_bus/U620          |              | INV_X1    | 0.091 | My_bus/n101          |       SPEF |  56.835 | 0.003 |   1.954 | 
     | My_bus/U620          | A v -> ZN ^  | INV_X1    | 0.063 | My_bus/n306          |            |   6.239 | 0.123 |   2.077 | 
     | My_bus/U619          |              | OAI21_X4  | 0.063 | My_bus/n306          |       SPEF |   6.239 | 0.000 |   2.077 | 
     | My_bus/U619          | A ^ -> ZN v  | OAI21_X4  | 0.105 | My_bus/n104          |            |  39.255 | 0.103 |   2.180 | 
     | My_bus/FE_OFC42_n104 |              | BUF_X1    | 0.106 | My_bus/n104          |       SPEF |  39.255 | 0.006 |   2.186 | 
     | My_bus/FE_OFC42_n104 | A v -> Z v   | BUF_X1    | 0.056 | My_bus/FE_OFN42_n104 |            |  22.019 | 0.203 |   2.389 | 
     | My_bus/U589          |              | AOI22_X1  | 0.056 | My_bus/FE_OFN42_n104 |       SPEF |  22.019 | 0.002 |   2.391 | 
     | My_bus/U589          | B2 v -> ZN ^ | AOI22_X1  | 0.092 | My_bus/n88           |            |   1.668 | 0.188 |   2.579 | 
     | My_bus/FE_OFC76_n88  |              | BUF_X1    | 0.092 | My_bus/n88           |       SPEF |   1.668 | 0.000 |   2.579 | 
     | My_bus/FE_OFC76_n88  | A ^ -> Z ^   | BUF_X1    | 0.269 | My_bus/FE_OFN76_n88  |            |  31.719 | 0.346 |   2.925 | 
     | My_bus/U588          |              | AND4_X1   | 0.269 | My_bus/FE_OFN76_n88  |       SPEF |  31.719 | 0.007 |   2.932 | 
     | My_bus/U588          | A4 ^ -> ZN ^ | AND4_X1   | 0.036 | My_bus/n300          |            |   1.198 | 0.229 |   3.161 | 
     | My_bus/U587          |              | AND2_X1   | 0.036 | My_bus/n300          |       SPEF |   1.198 | 0.000 |   3.161 | 
     | My_bus/U587          | A2 ^ -> ZN ^ | AND2_X1   | 0.051 | My_bus/n281          |            |   4.863 | 0.125 |   3.286 | 
     | My_bus/U586          |              | AND4_X1   | 0.051 | My_bus/n281          |       SPEF |   4.863 | 0.000 |   3.287 | 
     | My_bus/U586          | A4 ^ -> ZN ^ | AND4_X1   | 0.038 | My_bus/n298          |            |   1.492 | 0.177 |   3.463 | 
     | My_bus/U577          |              | AND4_X1   | 0.038 | My_bus/n298          |       SPEF |   1.492 | 0.000 |   3.463 | 
     | My_bus/U577          | A1 ^ -> ZN ^ | AND4_X1   | 0.038 | My_bus/n297          |            |   1.612 | 0.155 |   3.618 | 
     | My_bus/U576          |              | NAND3_X1  | 0.038 | My_bus/n297          |       SPEF |   1.612 | 0.000 |   3.618 | 
     | My_bus/U576          | A3 ^ -> ZN v | NAND3_X1  | 0.093 | My_bus/n267          |            |   5.480 | 0.090 |   3.708 | 
     | My_bus/U565          |              | NAND2_X1  | 0.093 | My_bus/n267          |       SPEF |   5.480 | 0.000 |   3.708 | 
     | My_bus/U565          | A1 v -> ZN ^ | NAND2_X1  | 0.061 | My_bus/n266          |            |   5.257 | 0.121 |   3.829 | 
     | My_bus/U558          |              | NOR2_X2   | 0.061 | My_bus/n266          |       SPEF |   5.257 | 0.000 |   3.829 | 
     | My_bus/U558          | A1 ^ -> ZN v | NOR2_X2   | 0.038 | YOUR_ADDRBUS[29]     |            |  21.127 | 0.065 |   3.894 | 
     | My_bus/U21           |              | INV_X4    | 0.038 | YOUR_ADDRBUS[29]     |       SPEF |  21.127 | 0.002 |   3.896 | 
     | My_bus/U21           | A v -> ZN ^  | INV_X4    | 0.258 | My_bus/n96           |            | 122.058 | 0.295 |   4.191 | 
     | My_bus/U212          |              | NOR2_X1   | 0.258 | My_bus/n96           |       SPEF | 122.058 | 0.002 |   4.193 | 
     | My_bus/U212          | A2 ^ -> ZN v | NOR2_X1   | 0.078 | YOUR_ADDRBUS[25]     |            |  11.411 | 0.138 |   4.331 | 
     | my_aes               |              | aesbuffer | 0.078 | YOUR_ADDRBUS[25]     |       SPEF |  11.411 | 0.003 |   4.334 | 
     +-------------------------------------------------------------------------------------------------------------------------+ 
Path 8: MET Setup Check with Pin my_aes/clk 
Endpoint:   my_aes/addr_in[24] (v) checked with  leading edge of 'CLK'
Beginpoint: EXT_BUSY           (^) triggered by  leading edge of 'CLK'
Path Groups: {CLK}
Analysis View: ensc450_av
Other End Arrival Time          0.000
- Setup                         6.869
+ Phase Shift                  15.000
= Required Time                 8.131
- Arrival Time                  4.337
= Slack Time                    3.795
     Clock Rise Edge                      0.000
     + Input Delay                        0.800
     = Beginpoint Arrival Time            0.800
     +-------------------------------------------------------------------------------------------------------------------------+ 
     |       Instance       |     Arc      |   Cell    |  Slew |         Net          |    Arc     |  Load   | Delay | Arrival | 
     |                      |              |           |       |                      | Annotation |         |       |  Time   | 
     |----------------------+--------------+-----------+-------+----------------------+------------+---------+-------+---------| 
     |                      | EXT_BUSY ^   |           | 0.002 | EXT_BUSY             |       SPEF |  17.181 |       |   0.800 | 
     | My_bus/FE_RC_0_0     |              | NAND2_X1  | 0.005 | EXT_BUSY             |       SPEF |  17.181 | 0.005 |   0.805 | 
     | My_bus/FE_RC_0_0     | A1 ^ -> ZN v | NAND2_X1  | 0.047 | My_bus/n312          |            |   2.098 | 0.025 |   0.830 | 
     | My_bus/U633          |              | NOR3_X1   | 0.047 | My_bus/n312          |       SPEF |   2.098 | 0.000 |   0.830 | 
     | My_bus/U633          | A3 v -> ZN ^ | NOR3_X1   | 0.347 | My_bus/n102          |            |  10.414 | 0.478 |   1.308 | 
     | My_bus/U625          |              | AOI211_X1 | 0.347 | My_bus/n102          |       SPEF |  10.414 | 0.000 |   1.308 | 
     | My_bus/U625          | A ^ -> ZN v  | AOI211_X1 | 0.089 | My_bus/n10           |            |   4.823 | 0.130 |   1.439 | 
     | My_bus/U624          |              | INV_X1    | 0.089 | My_bus/n10           |       SPEF |   4.823 | 0.000 |   1.439 | 
     | My_bus/U624          | A v -> ZN ^  | INV_X1    | 0.284 | My_bus/n61           |            |  33.978 | 0.355 |   1.794 | 
     | My_bus/U621          |              | NOR2_X4   | 0.284 | My_bus/n61           |       SPEF |  33.978 | 0.002 |   1.795 | 
     | My_bus/U621          | A2 ^ -> ZN v | NOR2_X4   | 0.091 | My_bus/n101          |            |  56.835 | 0.156 |   1.952 | 
     | My_bus/U620          |              | INV_X1    | 0.091 | My_bus/n101          |       SPEF |  56.835 | 0.003 |   1.954 | 
     | My_bus/U620          | A v -> ZN ^  | INV_X1    | 0.063 | My_bus/n306          |            |   6.239 | 0.123 |   2.077 | 
     | My_bus/U619          |              | OAI21_X4  | 0.063 | My_bus/n306          |       SPEF |   6.239 | 0.000 |   2.077 | 
     | My_bus/U619          | A ^ -> ZN v  | OAI21_X4  | 0.105 | My_bus/n104          |            |  39.255 | 0.103 |   2.180 | 
     | My_bus/FE_OFC42_n104 |              | BUF_X1    | 0.106 | My_bus/n104          |       SPEF |  39.255 | 0.006 |   2.186 | 
     | My_bus/FE_OFC42_n104 | A v -> Z v   | BUF_X1    | 0.056 | My_bus/FE_OFN42_n104 |            |  22.019 | 0.203 |   2.389 | 
     | My_bus/U589          |              | AOI22_X1  | 0.056 | My_bus/FE_OFN42_n104 |       SPEF |  22.019 | 0.002 |   2.391 | 
     | My_bus/U589          | B2 v -> ZN ^ | AOI22_X1  | 0.092 | My_bus/n88           |            |   1.668 | 0.188 |   2.579 | 
     | My_bus/FE_OFC76_n88  |              | BUF_X1    | 0.092 | My_bus/n88           |       SPEF |   1.668 | 0.000 |   2.579 | 
     | My_bus/FE_OFC76_n88  | A ^ -> Z ^   | BUF_X1    | 0.269 | My_bus/FE_OFN76_n88  |            |  31.719 | 0.346 |   2.925 | 
     | My_bus/U588          |              | AND4_X1   | 0.269 | My_bus/FE_OFN76_n88  |       SPEF |  31.719 | 0.007 |   2.932 | 
     | My_bus/U588          | A4 ^ -> ZN ^ | AND4_X1   | 0.036 | My_bus/n300          |            |   1.198 | 0.229 |   3.161 | 
     | My_bus/U587          |              | AND2_X1   | 0.036 | My_bus/n300          |       SPEF |   1.198 | 0.000 |   3.161 | 
     | My_bus/U587          | A2 ^ -> ZN ^ | AND2_X1   | 0.051 | My_bus/n281          |            |   4.863 | 0.125 |   3.286 | 
     | My_bus/U586          |              | AND4_X1   | 0.051 | My_bus/n281          |       SPEF |   4.863 | 0.000 |   3.287 | 
     | My_bus/U586          | A4 ^ -> ZN ^ | AND4_X1   | 0.038 | My_bus/n298          |            |   1.492 | 0.177 |   3.463 | 
     | My_bus/U577          |              | AND4_X1   | 0.038 | My_bus/n298          |       SPEF |   1.492 | 0.000 |   3.463 | 
     | My_bus/U577          | A1 ^ -> ZN ^ | AND4_X1   | 0.038 | My_bus/n297          |            |   1.612 | 0.155 |   3.618 | 
     | My_bus/U576          |              | NAND3_X1  | 0.038 | My_bus/n297          |       SPEF |   1.612 | 0.000 |   3.618 | 
     | My_bus/U576          | A3 ^ -> ZN v | NAND3_X1  | 0.093 | My_bus/n267          |            |   5.480 | 0.090 |   3.708 | 
     | My_bus/U565          |              | NAND2_X1  | 0.093 | My_bus/n267          |       SPEF |   5.480 | 0.000 |   3.708 | 
     | My_bus/U565          | A1 v -> ZN ^ | NAND2_X1  | 0.061 | My_bus/n266          |            |   5.257 | 0.121 |   3.829 | 
     | My_bus/U558          |              | NOR2_X2   | 0.061 | My_bus/n266          |       SPEF |   5.257 | 0.000 |   3.829 | 
     | My_bus/U558          | A1 ^ -> ZN v | NOR2_X2   | 0.038 | YOUR_ADDRBUS[29]     |            |  21.127 | 0.065 |   3.894 | 
     | My_bus/U21           |              | INV_X4    | 0.038 | YOUR_ADDRBUS[29]     |       SPEF |  21.127 | 0.002 |   3.896 | 
     | My_bus/U21           | A v -> ZN ^  | INV_X4    | 0.258 | My_bus/n96           |            | 122.058 | 0.295 |   4.191 | 
     | My_bus/U213          |              | NOR2_X1   | 0.258 | My_bus/n96           |       SPEF | 122.058 | 0.002 |   4.193 | 
     | My_bus/U213          | A2 ^ -> ZN v | NOR2_X1   | 0.079 | YOUR_ADDRBUS[24]     |            |  11.720 | 0.139 |   4.332 | 
     | my_aes               |              | aesbuffer | 0.079 | YOUR_ADDRBUS[24]     |       SPEF |  11.720 | 0.004 |   4.337 | 
     +-------------------------------------------------------------------------------------------------------------------------+ 
Path 9: MET Setup Check with Pin my_aes/clk 
Endpoint:   my_aes/addr_in[23] (v) checked with  leading edge of 'CLK'
Beginpoint: EXT_BUSY           (^) triggered by  leading edge of 'CLK'
Path Groups: {CLK}
Analysis View: ensc450_av
Other End Arrival Time          0.000
- Setup                         6.685
+ Phase Shift                  15.000
= Required Time                 8.315
- Arrival Time                  4.335
= Slack Time                    3.980
     Clock Rise Edge                      0.000
     + Input Delay                        0.800
     = Beginpoint Arrival Time            0.800
     +-------------------------------------------------------------------------------------------------------------------------+ 
     |       Instance       |     Arc      |   Cell    |  Slew |         Net          |    Arc     |  Load   | Delay | Arrival | 
     |                      |              |           |       |                      | Annotation |         |       |  Time   | 
     |----------------------+--------------+-----------+-------+----------------------+------------+---------+-------+---------| 
     |                      | EXT_BUSY ^   |           | 0.002 | EXT_BUSY             |       SPEF |  17.181 |       |   0.800 | 
     | My_bus/FE_RC_0_0     |              | NAND2_X1  | 0.005 | EXT_BUSY             |       SPEF |  17.181 | 0.005 |   0.805 | 
     | My_bus/FE_RC_0_0     | A1 ^ -> ZN v | NAND2_X1  | 0.047 | My_bus/n312          |            |   2.098 | 0.025 |   0.830 | 
     | My_bus/U633          |              | NOR3_X1   | 0.047 | My_bus/n312          |       SPEF |   2.098 | 0.000 |   0.830 | 
     | My_bus/U633          | A3 v -> ZN ^ | NOR3_X1   | 0.347 | My_bus/n102          |            |  10.414 | 0.478 |   1.308 | 
     | My_bus/U625          |              | AOI211_X1 | 0.347 | My_bus/n102          |       SPEF |  10.414 | 0.000 |   1.308 | 
     | My_bus/U625          | A ^ -> ZN v  | AOI211_X1 | 0.089 | My_bus/n10           |            |   4.823 | 0.130 |   1.439 | 
     | My_bus/U624          |              | INV_X1    | 0.089 | My_bus/n10           |       SPEF |   4.823 | 0.000 |   1.439 | 
     | My_bus/U624          | A v -> ZN ^  | INV_X1    | 0.284 | My_bus/n61           |            |  33.978 | 0.355 |   1.794 | 
     | My_bus/U621          |              | NOR2_X4   | 0.284 | My_bus/n61           |       SPEF |  33.978 | 0.002 |   1.795 | 
     | My_bus/U621          | A2 ^ -> ZN v | NOR2_X4   | 0.091 | My_bus/n101          |            |  56.835 | 0.156 |   1.952 | 
     | My_bus/U620          |              | INV_X1    | 0.091 | My_bus/n101          |       SPEF |  56.835 | 0.003 |   1.954 | 
     | My_bus/U620          | A v -> ZN ^  | INV_X1    | 0.063 | My_bus/n306          |            |   6.239 | 0.123 |   2.077 | 
     | My_bus/U619          |              | OAI21_X4  | 0.063 | My_bus/n306          |       SPEF |   6.239 | 0.000 |   2.077 | 
     | My_bus/U619          | A ^ -> ZN v  | OAI21_X4  | 0.105 | My_bus/n104          |            |  39.255 | 0.103 |   2.180 | 
     | My_bus/FE_OFC42_n104 |              | BUF_X1    | 0.106 | My_bus/n104          |       SPEF |  39.255 | 0.006 |   2.186 | 
     | My_bus/FE_OFC42_n104 | A v -> Z v   | BUF_X1    | 0.056 | My_bus/FE_OFN42_n104 |            |  22.019 | 0.203 |   2.389 | 
     | My_bus/U589          |              | AOI22_X1  | 0.056 | My_bus/FE_OFN42_n104 |       SPEF |  22.019 | 0.002 |   2.391 | 
     | My_bus/U589          | B2 v -> ZN ^ | AOI22_X1  | 0.092 | My_bus/n88           |            |   1.668 | 0.188 |   2.579 | 
     | My_bus/FE_OFC76_n88  |              | BUF_X1    | 0.092 | My_bus/n88           |       SPEF |   1.668 | 0.000 |   2.579 | 
     | My_bus/FE_OFC76_n88  | A ^ -> Z ^   | BUF_X1    | 0.269 | My_bus/FE_OFN76_n88  |            |  31.719 | 0.346 |   2.925 | 
     | My_bus/U588          |              | AND4_X1   | 0.269 | My_bus/FE_OFN76_n88  |       SPEF |  31.719 | 0.007 |   2.932 | 
     | My_bus/U588          | A4 ^ -> ZN ^ | AND4_X1   | 0.036 | My_bus/n300          |            |   1.198 | 0.229 |   3.161 | 
     | My_bus/U587          |              | AND2_X1   | 0.036 | My_bus/n300          |       SPEF |   1.198 | 0.000 |   3.161 | 
     | My_bus/U587          | A2 ^ -> ZN ^ | AND2_X1   | 0.051 | My_bus/n281          |            |   4.863 | 0.125 |   3.286 | 
     | My_bus/U586          |              | AND4_X1   | 0.051 | My_bus/n281          |       SPEF |   4.863 | 0.000 |   3.287 | 
     | My_bus/U586          | A4 ^ -> ZN ^ | AND4_X1   | 0.038 | My_bus/n298          |            |   1.492 | 0.177 |   3.463 | 
     | My_bus/U577          |              | AND4_X1   | 0.038 | My_bus/n298          |       SPEF |   1.492 | 0.000 |   3.463 | 
     | My_bus/U577          | A1 ^ -> ZN ^ | AND4_X1   | 0.038 | My_bus/n297          |            |   1.612 | 0.155 |   3.618 | 
     | My_bus/U576          |              | NAND3_X1  | 0.038 | My_bus/n297          |       SPEF |   1.612 | 0.000 |   3.618 | 
     | My_bus/U576          | A3 ^ -> ZN v | NAND3_X1  | 0.093 | My_bus/n267          |            |   5.480 | 0.090 |   3.708 | 
     | My_bus/U565          |              | NAND2_X1  | 0.093 | My_bus/n267          |       SPEF |   5.480 | 0.000 |   3.708 | 
     | My_bus/U565          | A1 v -> ZN ^ | NAND2_X1  | 0.061 | My_bus/n266          |            |   5.257 | 0.121 |   3.829 | 
     | My_bus/U558          |              | NOR2_X2   | 0.061 | My_bus/n266          |       SPEF |   5.257 | 0.000 |   3.829 | 
     | My_bus/U558          | A1 ^ -> ZN v | NOR2_X2   | 0.038 | YOUR_ADDRBUS[29]     |            |  21.127 | 0.065 |   3.894 | 
     | My_bus/U21           |              | INV_X4    | 0.038 | YOUR_ADDRBUS[29]     |       SPEF |  21.127 | 0.002 |   3.896 | 
     | My_bus/U21           | A v -> ZN ^  | INV_X4    | 0.258 | My_bus/n96           |            | 122.058 | 0.295 |   4.191 | 
     | My_bus/U214          |              | NOR2_X1   | 0.258 | My_bus/n96           |       SPEF | 122.058 | 0.002 |   4.193 | 
     | My_bus/U214          | A2 ^ -> ZN v | NOR2_X1   | 0.078 | YOUR_ADDRBUS[23]     |            |  11.501 | 0.139 |   4.332 | 
     | my_aes               |              | aesbuffer | 0.078 | YOUR_ADDRBUS[23]     |       SPEF |  11.501 | 0.003 |   4.335 | 
     +-------------------------------------------------------------------------------------------------------------------------+ 
Path 10: MET Setup Check with Pin my_aes/clk 
Endpoint:   my_aes/addr_in[22] (v) checked with  leading edge of 'CLK'
Beginpoint: EXT_BUSY           (^) triggered by  leading edge of 'CLK'
Path Groups: {CLK}
Analysis View: ensc450_av
Other End Arrival Time          0.000
- Setup                         6.502
+ Phase Shift                  15.000
= Required Time                 8.498
- Arrival Time                  4.339
= Slack Time                    4.159
     Clock Rise Edge                      0.000
     + Input Delay                        0.800
     = Beginpoint Arrival Time            0.800
     +-------------------------------------------------------------------------------------------------------------------------+ 
     |       Instance       |     Arc      |   Cell    |  Slew |         Net          |    Arc     |  Load   | Delay | Arrival | 
     |                      |              |           |       |                      | Annotation |         |       |  Time   | 
     |----------------------+--------------+-----------+-------+----------------------+------------+---------+-------+---------| 
     |                      | EXT_BUSY ^   |           | 0.002 | EXT_BUSY             |       SPEF |  17.181 |       |   0.800 | 
     | My_bus/FE_RC_0_0     |              | NAND2_X1  | 0.005 | EXT_BUSY             |       SPEF |  17.181 | 0.005 |   0.805 | 
     | My_bus/FE_RC_0_0     | A1 ^ -> ZN v | NAND2_X1  | 0.047 | My_bus/n312          |            |   2.098 | 0.025 |   0.830 | 
     | My_bus/U633          |              | NOR3_X1   | 0.047 | My_bus/n312          |       SPEF |   2.098 | 0.000 |   0.830 | 
     | My_bus/U633          | A3 v -> ZN ^ | NOR3_X1   | 0.347 | My_bus/n102          |            |  10.414 | 0.478 |   1.308 | 
     | My_bus/U625          |              | AOI211_X1 | 0.347 | My_bus/n102          |       SPEF |  10.414 | 0.000 |   1.308 | 
     | My_bus/U625          | A ^ -> ZN v  | AOI211_X1 | 0.089 | My_bus/n10           |            |   4.823 | 0.130 |   1.439 | 
     | My_bus/U624          |              | INV_X1    | 0.089 | My_bus/n10           |       SPEF |   4.823 | 0.000 |   1.439 | 
     | My_bus/U624          | A v -> ZN ^  | INV_X1    | 0.284 | My_bus/n61           |            |  33.978 | 0.355 |   1.794 | 
     | My_bus/U621          |              | NOR2_X4   | 0.284 | My_bus/n61           |       SPEF |  33.978 | 0.002 |   1.795 | 
     | My_bus/U621          | A2 ^ -> ZN v | NOR2_X4   | 0.091 | My_bus/n101          |            |  56.835 | 0.156 |   1.952 | 
     | My_bus/U620          |              | INV_X1    | 0.091 | My_bus/n101          |       SPEF |  56.835 | 0.003 |   1.954 | 
     | My_bus/U620          | A v -> ZN ^  | INV_X1    | 0.063 | My_bus/n306          |            |   6.239 | 0.123 |   2.077 | 
     | My_bus/U619          |              | OAI21_X4  | 0.063 | My_bus/n306          |       SPEF |   6.239 | 0.000 |   2.077 | 
     | My_bus/U619          | A ^ -> ZN v  | OAI21_X4  | 0.105 | My_bus/n104          |            |  39.255 | 0.103 |   2.180 | 
     | My_bus/FE_OFC42_n104 |              | BUF_X1    | 0.106 | My_bus/n104          |       SPEF |  39.255 | 0.006 |   2.186 | 
     | My_bus/FE_OFC42_n104 | A v -> Z v   | BUF_X1    | 0.056 | My_bus/FE_OFN42_n104 |            |  22.019 | 0.203 |   2.389 | 
     | My_bus/U589          |              | AOI22_X1  | 0.056 | My_bus/FE_OFN42_n104 |       SPEF |  22.019 | 0.002 |   2.391 | 
     | My_bus/U589          | B2 v -> ZN ^ | AOI22_X1  | 0.092 | My_bus/n88           |            |   1.668 | 0.188 |   2.579 | 
     | My_bus/FE_OFC76_n88  |              | BUF_X1    | 0.092 | My_bus/n88           |       SPEF |   1.668 | 0.000 |   2.579 | 
     | My_bus/FE_OFC76_n88  | A ^ -> Z ^   | BUF_X1    | 0.269 | My_bus/FE_OFN76_n88  |            |  31.719 | 0.346 |   2.925 | 
     | My_bus/U588          |              | AND4_X1   | 0.269 | My_bus/FE_OFN76_n88  |       SPEF |  31.719 | 0.007 |   2.932 | 
     | My_bus/U588          | A4 ^ -> ZN ^ | AND4_X1   | 0.036 | My_bus/n300          |            |   1.198 | 0.229 |   3.161 | 
     | My_bus/U587          |              | AND2_X1   | 0.036 | My_bus/n300          |       SPEF |   1.198 | 0.000 |   3.161 | 
     | My_bus/U587          | A2 ^ -> ZN ^ | AND2_X1   | 0.051 | My_bus/n281          |            |   4.863 | 0.125 |   3.286 | 
     | My_bus/U586          |              | AND4_X1   | 0.051 | My_bus/n281          |       SPEF |   4.863 | 0.000 |   3.287 | 
     | My_bus/U586          | A4 ^ -> ZN ^ | AND4_X1   | 0.038 | My_bus/n298          |            |   1.492 | 0.177 |   3.463 | 
     | My_bus/U577          |              | AND4_X1   | 0.038 | My_bus/n298          |       SPEF |   1.492 | 0.000 |   3.463 | 
     | My_bus/U577          | A1 ^ -> ZN ^ | AND4_X1   | 0.038 | My_bus/n297          |            |   1.612 | 0.155 |   3.618 | 
     | My_bus/U576          |              | NAND3_X1  | 0.038 | My_bus/n297          |       SPEF |   1.612 | 0.000 |   3.618 | 
     | My_bus/U576          | A3 ^ -> ZN v | NAND3_X1  | 0.093 | My_bus/n267          |            |   5.480 | 0.090 |   3.708 | 
     | My_bus/U565          |              | NAND2_X1  | 0.093 | My_bus/n267          |       SPEF |   5.480 | 0.000 |   3.708 | 
     | My_bus/U565          | A1 v -> ZN ^ | NAND2_X1  | 0.061 | My_bus/n266          |            |   5.257 | 0.121 |   3.829 | 
     | My_bus/U558          |              | NOR2_X2   | 0.061 | My_bus/n266          |       SPEF |   5.257 | 0.000 |   3.829 | 
     | My_bus/U558          | A1 ^ -> ZN v | NOR2_X2   | 0.038 | YOUR_ADDRBUS[29]     |            |  21.127 | 0.065 |   3.894 | 
     | My_bus/U21           |              | INV_X4    | 0.038 | YOUR_ADDRBUS[29]     |       SPEF |  21.127 | 0.002 |   3.896 | 
     | My_bus/U21           | A v -> ZN ^  | INV_X4    | 0.258 | My_bus/n96           |            | 122.058 | 0.295 |   4.191 | 
     | My_bus/U215          |              | NOR2_X1   | 0.258 | My_bus/n96           |       SPEF | 122.058 | 0.003 |   4.194 | 
     | My_bus/U215          | A2 ^ -> ZN v | NOR2_X1   | 0.079 | YOUR_ADDRBUS[22]     |            |  12.205 | 0.143 |   4.336 | 
     | my_aes               |              | aesbuffer | 0.079 | YOUR_ADDRBUS[22]     |       SPEF |  12.205 | 0.003 |   4.339 | 
     +-------------------------------------------------------------------------------------------------------------------------+ 

