###############################################################
#  Generated by:      Cadence Innovus 18.10-p002_1
#  OS:                Linux x86_64(Host ID ensc-esil-01)
#  Generated on:      Tue Apr 20 11:46:03 2021
#  Design:            ensc450
#  Command:           summaryReport -outfile results/summary/06-cts.rpt
###############################################################


==============================
General Design Information
==============================
Design Status: Routed  
Design Name: ensc450  
# Instances: 3042  
# Hard Macros: 2  
    ------------------------------
    Macro Cells in Netlist
    ------------------------------
              Macro Name   Instance Count  Area (um^2)  Area Percentage in Core  
               aesbuffer                1        28202.118           22.372%  
                    SRAM                1        14884.000           11.807%  
# Std Cells: 3040  
    ------------------------------
    Standard Cells in Netlist
    ------------------------------
               Cell Type   Instance Count  Area (um^2)  
                 AND2_X1                7           7.4480  
                 AND2_X2               10          13.3000  
                 AND2_X4                2           4.7880  
                 AND3_X1                1           1.3300  
                 AND3_X2                3           4.7880  
                 AND4_X1               15          23.9400  
                 AND4_X2                1           1.8620  
               AOI211_X1                5           6.6500  
                AOI21_X1                6           6.3840  
               AOI221_X1                1           1.5960  
               AOI222_X1               32          68.0960  
                AOI22_X1              419         557.2700  
                  DFF_X1              407        1840.4540  
                   FA_X1               62         263.8720  
                   HA_X1              120         319.2000  
                  INV_X1              219         116.5080  
                  INV_X2              318         253.7640  
                  INV_X4                2           2.6600  
                  INV_X8                1           2.3940  
                 MUX2_X1                3           5.5860  
                NAND2_X1               85          67.8300  
                NAND2_X2              175         232.7500  
                NAND2_X4                2           4.7880  
                NAND3_X1               23          24.4720  
                NAND3_X2                2           3.7240  
                NAND4_X1               22          29.2600  
                 NOR2_X1              321         256.1580  
                 NOR2_X4                1           2.3940  
                 NOR3_X1               14          14.8960  
                 NOR4_X1               48          63.8400  
               OAI211_X1               32          42.5600  
                OAI21_X1              199         211.7360  
               OAI221_X1              101         161.1960  
                OAI22_X1              205         272.6500  
                  OR2_X1                9           9.5760  
                XNOR2_X1                1           1.5960  
                XNOR2_X2              162         430.9200  
                 XOR2_X1                4           6.3840  
# Pads: 0  
# Net: 3782  
# Special Net: 2  
# IO Pins: 
    ------------------------------
    Issued IO Information
    ------------------------------
    # Unplaced IO Pin  0  
    # Floating IO  0  
    # IO Connected to Non-IO Inst  
        ------------------------------
        IO Connected to Non-IO Inst
        ------------------------------
                     IO Name      Non-IO Inst Name  
             EXT_WDATABUS[0]           My_bus/U293  
             EXT_WDATABUS[1]           My_bus/U271  
             EXT_WDATABUS[2]           My_bus/U249  
             EXT_WDATABUS[3]           My_bus/U243  
             EXT_WDATABUS[4]           My_bus/U241  
             EXT_WDATABUS[5]           My_bus/U239  
             EXT_WDATABUS[6]           My_bus/U237  
             EXT_WDATABUS[7]           My_bus/U235  
             EXT_WDATABUS[8]           My_bus/U233  
             EXT_WDATABUS[9]           My_bus/U231  
            EXT_WDATABUS[10]           My_bus/U291  
            EXT_WDATABUS[11]           My_bus/U289  
            EXT_WDATABUS[12]           My_bus/U287  
            EXT_WDATABUS[13]           My_bus/U285  
            EXT_WDATABUS[14]           My_bus/U283  
            EXT_WDATABUS[15]           My_bus/U281  
            EXT_WDATABUS[16]           My_bus/U279  
            EXT_WDATABUS[17]           My_bus/U277  
            EXT_WDATABUS[18]           My_bus/U275  
            EXT_WDATABUS[19]           My_bus/U273  
            EXT_WDATABUS[20]           My_bus/U269  
            EXT_WDATABUS[21]           My_bus/U267  
            EXT_WDATABUS[22]           My_bus/U265  
            EXT_WDATABUS[23]           My_bus/U263  
            EXT_WDATABUS[24]           My_bus/U261  
            EXT_WDATABUS[25]           My_bus/U259  
            EXT_WDATABUS[26]           My_bus/U257  
            EXT_WDATABUS[27]           My_bus/U255  
            EXT_WDATABUS[28]           My_bus/U253  
            EXT_WDATABUS[29]           My_bus/U251  
            EXT_WDATABUS[30]           My_bus/U247  
            EXT_WDATABUS[31]           My_bus/U245  
             EXT_RDATABUS[0]           My_bus/U522  
             EXT_RDATABUS[1]           My_bus/U478  
             EXT_RDATABUS[2]           My_bus/U434  
             EXT_RDATABUS[3]           My_bus/U422  
             EXT_RDATABUS[4]           My_bus/U418  
             EXT_RDATABUS[5]           My_bus/U414  
             EXT_RDATABUS[6]           My_bus/U410  
             EXT_RDATABUS[7]           My_bus/U406  
             EXT_RDATABUS[8]           My_bus/U402  
             EXT_RDATABUS[9]           My_bus/U398  
            EXT_RDATABUS[10]           My_bus/U518  
            EXT_RDATABUS[11]           My_bus/U514  
            EXT_RDATABUS[12]           My_bus/U510  
            EXT_RDATABUS[13]           My_bus/U506  
            EXT_RDATABUS[14]           My_bus/U502  
            EXT_RDATABUS[15]           My_bus/U498  
            EXT_RDATABUS[16]           My_bus/U494  
            EXT_RDATABUS[17]           My_bus/U490  
            EXT_RDATABUS[18]           My_bus/U486  
            EXT_RDATABUS[19]           My_bus/U482  
            EXT_RDATABUS[20]           My_bus/U474  
            EXT_RDATABUS[21]           My_bus/U470  
            EXT_RDATABUS[22]           My_bus/U466  
            EXT_RDATABUS[23]           My_bus/U462  
            EXT_RDATABUS[24]           My_bus/U458  
            EXT_RDATABUS[25]           My_bus/U454  
            EXT_RDATABUS[26]           My_bus/U450  
            EXT_RDATABUS[27]           My_bus/U446  
            EXT_RDATABUS[28]           My_bus/U442  
            EXT_RDATABUS[29]           My_bus/U438  
            EXT_RDATABUS[30]           My_bus/U430  
            EXT_RDATABUS[31]           My_bus/U426  
              EXT_ADDRBUS[0]           My_bus/U331  
              EXT_ADDRBUS[1]           My_bus/U320  
              EXT_ADDRBUS[2]           My_bus/U308  
              EXT_ADDRBUS[3]           My_bus/U305  
              EXT_ADDRBUS[4]           My_bus/U574  
              EXT_ADDRBUS[5]           My_bus/U572  
              EXT_ADDRBUS[6]           My_bus/U573  
              EXT_ADDRBUS[7]           My_bus/U571  
              EXT_ADDRBUS[8]           My_bus/U598  
              EXT_ADDRBUS[9]           My_bus/U599  
             EXT_ADDRBUS[10]           My_bus/U600  
             EXT_ADDRBUS[11]           My_bus/U578  
             EXT_ADDRBUS[12]           My_bus/U594  
             EXT_ADDRBUS[13]           My_bus/U589  
             EXT_ADDRBUS[14]           My_bus/U597  
             EXT_ADDRBUS[15]           My_bus/U596  
             EXT_ADDRBUS[16]           My_bus/U595  
             EXT_ADDRBUS[17]           My_bus/U592  
             EXT_ADDRBUS[18]           My_bus/U591  
             EXT_ADDRBUS[19]           My_bus/U590  
             EXT_ADDRBUS[20]           My_bus/U603  
             EXT_ADDRBUS[21]           My_bus/U607  
             EXT_ADDRBUS[22]           My_bus/U605  
             EXT_ADDRBUS[23]           My_bus/U609  
             EXT_ADDRBUS[24]           My_bus/U618  
             EXT_ADDRBUS[25]           My_bus/U616  
             EXT_ADDRBUS[26]           My_bus/U614  
             EXT_ADDRBUS[27]           My_bus/U612  
             EXT_ADDRBUS[28]           My_bus/U584  
             EXT_ADDRBUS[29]           My_bus/U585  
             EXT_ADDRBUS[30]           My_bus/U583  
             EXT_ADDRBUS[31]           My_bus/U581  
                      EXT_MW           My_bus/U628  
                      EXT_MR           My_bus/U625  
                    EXT_BUSY           My_bus/U634  
                  EXT_NREADY           My_bus/U537  
                      resetn                my_aes  
                         clk                my_Mem  102  102  
# Pins: 
    ------------------------------
    Correctness of Pin Connectivity for All Instances
    ------------------------------
    # Floating Terms  
        ------------------------------
        Floating Terms
        ------------------------------
          Floating Term Name             Term Type         Instance Name         Instance Type  
                  bit_wen[0]  TieLo                Input                my_Mem                        
                  bit_wen[1]  TieLo                Input                my_Mem                        
                  bit_wen[2]  TieLo                Input                my_Mem                        
                  bit_wen[3]  TieLo                Input                my_Mem                        
                  bit_wen[4]  TieLo                Input                my_Mem                        
                  bit_wen[5]  TieLo                Input                my_Mem                        
                  bit_wen[6]  TieLo                Input                my_Mem                        
                  bit_wen[7]  TieLo                Input                my_Mem                        
                  bit_wen[8]  TieLo                Input                my_Mem                        
                  bit_wen[9]  TieLo                Input                my_Mem                        
                 bit_wen[10]  TieLo                Input                my_Mem                        
                 bit_wen[11]  TieLo                Input                my_Mem                        
                 bit_wen[12]  TieLo                Input                my_Mem                        
                 bit_wen[13]  TieLo                Input                my_Mem                        
                 bit_wen[14]  TieLo                Input                my_Mem                        
                 bit_wen[15]  TieLo                Input                my_Mem                        
                 bit_wen[16]  TieLo                Input                my_Mem                        
                 bit_wen[17]  TieLo                Input                my_Mem                        
                 bit_wen[18]  TieLo                Input                my_Mem                        
                 bit_wen[19]  TieLo                Input                my_Mem                        
                 bit_wen[20]  TieLo                Input                my_Mem                        
                 bit_wen[21]  TieLo                Input                my_Mem                        
                 bit_wen[22]  TieLo                Input                my_Mem                        
                 bit_wen[23]  TieLo                Input                my_Mem                        
                 bit_wen[24]  TieLo                Input                my_Mem                        
                 bit_wen[25]  TieLo                Input                my_Mem                        
                 bit_wen[26]  TieLo                Input                my_Mem                        
                 bit_wen[27]  TieLo                Input                my_Mem                        
                 bit_wen[28]  TieLo                Input                my_Mem                        
                 bit_wen[29]  TieLo                Input                my_Mem                        
                 bit_wen[30]  TieLo                Input                my_Mem                        
                 bit_wen[31]  TieLo                Input                my_Mem                        32  
    # Output Term Marked Tie Hi/Lo  0  
    # Output Term Shorted to PG Net  0  11414  
# PG Pins: 
    ------------------------------
    Correctness of PG Pin Connectivity for All Instances
    ------------------------------
    # Instances that No Net Defined for Any PG Pin  0  
    # Floating PG Terms  0  
    # PG Pins Connect to Non-PG Net  0  
    # Power Pins Connect Ground Net  0  
    # Ground Pins Connect Power Net  0  6082  
Average Pins Per Net(Signal): 3.018  

==============================
General Library Information
==============================
# Routing Layers: 10  
# Masterslice Layers: 2  
# Pin Layers: 
    General Caution:
        1) Library have metal1 and metal2 pins, you should setPlaceMode -prerouteAsObs {1 2 3}                                 to ensure these pins are accessible after placement

    ------------------------------
    Pin Layers
    ------------------------------
    metal2  
    metal1  2  
# Layers: 
    ------------------------------
    Layer OVERLAP Information
    ------------------------------
    Type  Overlap  
    ------------------------------
    Layer OVERLAP InformationLayer metal10 Information
    ------------------------------
    Type  Routing  
    Wire Pitch X  1.600 um  
    Wire Pitch Y  1.600 um  
    Offset X  0.095 um  
    Offset Y  0.070 um  
    Wire Width  0.800 um  
    Spacing  0.800 um  
    ------------------------------
    Layer OVERLAP InformationLayer metal10 InformationLayer via9 Information
    ------------------------------
    Type  Cut  
    Wire Width  0.800 um  
    Vias  
        ------------------------------
        Via list in layer via9
        ------------------------------
                Vias in via9  Default  
                      via9_0      Yes  For complete list click here  
    Multiple Orientation Vias  CAUTION: There is only one default via in this layer  
    ------------------------------
    Layer OVERLAP InformationLayer metal10 InformationLayer via9 InformationLayer metal9 Information
    ------------------------------
    Type  Routing  
    Wire Pitch X  1.600 um  
    Wire Pitch Y  1.600 um  
    Offset X  0.095 um  
    Offset Y  0.070 um  
    Wire Width  0.800 um  
    Spacing  0.800 um  
    ------------------------------
    Layer OVERLAP InformationLayer metal10 InformationLayer via9 InformationLayer metal9 InformationLayer via8 Information
    ------------------------------
    Type  Cut  
    Wire Width  0.400 um  
    Vias  
        ------------------------------
        Via list in layer via8
        ------------------------------
                Vias in via8  Default  
                      via8_0      Yes  For complete list click here  
    Multiple Orientation Vias  CAUTION: There is only one default via in this layer  
    ------------------------------
    Layer OVERLAP InformationLayer metal10 InformationLayer via9 InformationLayer metal9 InformationLayer via8 InformationLayer metal8 Information
    ------------------------------
    Type  Routing  
    Wire Pitch X  0.800 um  
    Wire Pitch Y  0.800 um  
    Offset X  0.095 um  
    Offset Y  0.070 um  
    Wire Width  0.400 um  
    Spacing  0.400 um  
    ------------------------------
    Layer OVERLAP InformationLayer metal10 InformationLayer via9 InformationLayer metal9 InformationLayer via8 InformationLayer metal8 InformationLayer via7 Information
    ------------------------------
    Type  Cut  
    Wire Width  0.400 um  
    Vias  
        ------------------------------
        Via list in layer via7
        ------------------------------
                Vias in via7  Default  
                      via7_0      Yes  For complete list click here  
    Multiple Orientation Vias  CAUTION: There is only one default via in this layer  
    ------------------------------
    Layer OVERLAP InformationLayer metal10 InformationLayer via9 InformationLayer metal9 InformationLayer via8 InformationLayer metal8 InformationLayer via7 InformationLayer metal7 Information
    ------------------------------
    Type  Routing  
    Wire Pitch X  0.800 um  
    Wire Pitch Y  0.800 um  
    Offset X  0.095 um  
    Offset Y  0.070 um  
    Wire Width  0.400 um  
    Spacing  0.400 um  
    ------------------------------
    Layer OVERLAP InformationLayer metal10 InformationLayer via9 InformationLayer metal9 InformationLayer via8 InformationLayer metal8 InformationLayer via7 InformationLayer metal7 InformationLayer via6 Information
    ------------------------------
    Type  Cut  
    Wire Width  0.140 um  
    Vias  
        ------------------------------
        Via list in layer via6
        ------------------------------
                Vias in via6  Default  
                      via6_0      Yes  For complete list click here  
    Multiple Orientation Vias  CAUTION: There is only one default via in this layer  
    ------------------------------
    Layer OVERLAP InformationLayer metal10 InformationLayer via9 InformationLayer metal9 InformationLayer via8 InformationLayer metal8 InformationLayer via7 InformationLayer metal7 InformationLayer via6 InformationLayer metal6 Information
    ------------------------------
    Type  Routing  
    Wire Pitch X  0.280 um  
    Wire Pitch Y  0.280 um  
    Offset X  0.095 um  
    Offset Y  0.070 um  
    Wire Width  0.140 um  
    Spacing  0.140 um  
    ------------------------------
    Layer OVERLAP InformationLayer metal10 InformationLayer via9 InformationLayer metal9 InformationLayer via8 InformationLayer metal8 InformationLayer via7 InformationLayer metal7 InformationLayer via6 InformationLayer metal6 InformationLayer via5 Information
    ------------------------------
    Type  Cut  
    Wire Width  0.140 um  
    Vias  
        ------------------------------
        Via list in layer via5
        ------------------------------
                Vias in via5  Default  
                      via5_0      Yes  For complete list click here  
    Multiple Orientation Vias  CAUTION: There is only one default via in this layer  
    ------------------------------
    Layer OVERLAP InformationLayer metal10 InformationLayer via9 InformationLayer metal9 InformationLayer via8 InformationLayer metal8 InformationLayer via7 InformationLayer metal7 InformationLayer via6 InformationLayer metal6 InformationLayer via5 InformationLayer metal5 Information
    ------------------------------
    Type  Routing  
    Wire Pitch X  0.280 um  
    Wire Pitch Y  0.280 um  
    Offset X  0.095 um  
    Offset Y  0.070 um  
    Wire Width  0.140 um  
    Spacing  0.140 um  
    ------------------------------
    Layer OVERLAP InformationLayer metal10 InformationLayer via9 InformationLayer metal9 InformationLayer via8 InformationLayer metal8 InformationLayer via7 InformationLayer metal7 InformationLayer via6 InformationLayer metal6 InformationLayer via5 InformationLayer metal5 InformationLayer via4 Information
    ------------------------------
    Type  Cut  
    Wire Width  0.140 um  
    Vias  
        ------------------------------
        Via list in layer via4
        ------------------------------
                Vias in via4  Default  
                      via4_0      Yes  For complete list click here  
    Multiple Orientation Vias  CAUTION: There is only one default via in this layer  
    ------------------------------
    Layer OVERLAP InformationLayer metal10 InformationLayer via9 InformationLayer metal9 InformationLayer via8 InformationLayer metal8 InformationLayer via7 InformationLayer metal7 InformationLayer via6 InformationLayer metal6 InformationLayer via5 InformationLayer metal5 InformationLayer via4 InformationLayer metal4 Information
    ------------------------------
    Type  Routing  
    Wire Pitch X  0.280 um  
    Wire Pitch Y  0.280 um  
    Offset X  0.095 um  
    Offset Y  0.070 um  
    Wire Width  0.140 um  
    Spacing  0.140 um  
    ------------------------------
    Layer OVERLAP InformationLayer metal10 InformationLayer via9 InformationLayer metal9 InformationLayer via8 InformationLayer metal8 InformationLayer via7 InformationLayer metal7 InformationLayer via6 InformationLayer metal6 InformationLayer via5 InformationLayer metal5 InformationLayer via4 InformationLayer metal4 InformationLayer via3 Information
    ------------------------------
    Type  Cut  
    Wire Width  0.070 um  
    Vias  
        ------------------------------
        Via list in layer via3
        ------------------------------
                Vias in via3  Default  
                      via3_1      Yes  
                      via3_0      Yes  
                      via3_2      Yes  For complete list click here  
    ------------------------------
    Layer OVERLAP InformationLayer metal10 InformationLayer via9 InformationLayer metal9 InformationLayer via8 InformationLayer metal8 InformationLayer via7 InformationLayer metal7 InformationLayer via6 InformationLayer metal6 InformationLayer via5 InformationLayer metal5 InformationLayer via4 InformationLayer metal4 InformationLayer via3 InformationLayer metal3 Information
    ------------------------------
    Type  Routing  
    Wire Pitch X  0.140 um  
    Wire Pitch Y  0.140 um  
    Offset X  0.095 um  
    Offset Y  0.070 um  
    Wire Width  0.070 um  
    Spacing  0.070 um  
    ------------------------------
    Layer OVERLAP InformationLayer metal10 InformationLayer via9 InformationLayer metal9 InformationLayer via8 InformationLayer metal8 InformationLayer via7 InformationLayer metal7 InformationLayer via6 InformationLayer metal6 InformationLayer via5 InformationLayer metal5 InformationLayer via4 InformationLayer metal4 InformationLayer via3 InformationLayer metal3 InformationLayer via2 Information
    ------------------------------
    Type  Cut  
    Wire Width  0.070 um  
    Vias  
        ------------------------------
        Via list in layer via2
        ------------------------------
                Vias in via2  Default  
                      via2_3      Yes  
                      via2_2      Yes  
                      via2_1      Yes  
                      via2_0      Yes  
                      via2_6      Yes  
                      via2_7      Yes  
                      via2_5      Yes  
                      via2_4      Yes  
                      via2_8      Yes  For complete list click here  
    ------------------------------
    Layer OVERLAP InformationLayer metal10 InformationLayer via9 InformationLayer metal9 InformationLayer via8 InformationLayer metal8 InformationLayer via7 InformationLayer metal7 InformationLayer via6 InformationLayer metal6 InformationLayer via5 InformationLayer metal5 InformationLayer via4 InformationLayer metal4 InformationLayer via3 InformationLayer metal3 InformationLayer via2 InformationLayer metal2 Information
    ------------------------------
    Type  Routing  
    Wire Pitch X  0.190 um  
    Wire Pitch Y  0.190 um  
    Offset X  0.095 um  
    Offset Y  0.070 um  
    Wire Width  0.070 um  
    Spacing  0.070 um  
    ------------------------------
    Layer OVERLAP InformationLayer metal10 InformationLayer via9 InformationLayer metal9 InformationLayer via8 InformationLayer metal8 InformationLayer via7 InformationLayer metal7 InformationLayer via6 InformationLayer metal6 InformationLayer via5 InformationLayer metal5 InformationLayer via4 InformationLayer metal4 InformationLayer via3 InformationLayer metal3 InformationLayer via2 InformationLayer metal2 InformationLayer via1 Information
    ------------------------------
    Type  Cut  
    Wire Width  0.070 um  
    Vias  
        ------------------------------
        Via list in layer via1
        ------------------------------
                Vias in via1  Default  
                      via1_8      Yes  
                      via1_7      Yes  
                      via1_6      Yes  
                      via1_5      Yes  
                      via1_3      Yes  
                      via1_2      Yes  
                      via1_1      Yes  
                      via1_0      Yes  
                      via1_4      Yes  For complete list click here  
    ------------------------------
    Layer OVERLAP InformationLayer metal10 InformationLayer via9 InformationLayer metal9 InformationLayer via8 InformationLayer metal8 InformationLayer via7 InformationLayer metal7 InformationLayer via6 InformationLayer metal6 InformationLayer via5 InformationLayer metal5 InformationLayer via4 InformationLayer metal4 InformationLayer via3 InformationLayer metal3 InformationLayer via2 InformationLayer metal2 InformationLayer via1 InformationLayer metal1 Information
    ------------------------------
    Type  Routing  
    Wire Pitch X  0.140 um  
    Wire Pitch Y  0.140 um  
    Offset X  0.095 um  
    Offset Y  0.070 um  
    Wire Width  0.070 um  
    Spacing  0.065 um  
    ------------------------------
    Layer OVERLAP InformationLayer metal10 InformationLayer via9 InformationLayer metal9 InformationLayer via8 InformationLayer metal8 InformationLayer via7 InformationLayer metal7 InformationLayer via6 InformationLayer metal6 InformationLayer via5 InformationLayer metal5 InformationLayer via4 InformationLayer metal4 InformationLayer via3 InformationLayer metal3 InformationLayer via2 InformationLayer metal2 InformationLayer via1 InformationLayer metal1 InformationLayer active Information
    ------------------------------
    Type  Masterslice  
    ------------------------------
    Layer OVERLAP InformationLayer metal10 InformationLayer via9 InformationLayer metal9 InformationLayer via8 InformationLayer metal8 InformationLayer via7 InformationLayer metal7 InformationLayer via6 InformationLayer metal6 InformationLayer via5 InformationLayer metal5 InformationLayer via4 InformationLayer metal4 InformationLayer via3 InformationLayer metal3 InformationLayer via2 InformationLayer metal2 InformationLayer via1 InformationLayer metal1 InformationLayer active InformationLayer poly Information
    ------------------------------
    Type  Masterslice  22  
# Pins without Physical Port: 0  
# Pins in Library without Timing Lib: 0  
# Pins Missing Direction: 0  
Antenna Summary Report: 
    General Caution:
        1) All Antenna Constructs are absent for the layer section of LEF.
    ------------------------------
    These Pins have antenna info
    ------------------------------
               Cell Name      List of Pin Name  
                 AND2_X1                    ZN  
                 AND2_X1                    A2  
                 AND2_X1                    A1  
                 AND2_X2                    ZN  
                 AND2_X2                    A2  
                 AND2_X2                    A1  
                 AND2_X4                    ZN  
                 AND2_X4                    A2  
                 AND2_X4                    A1  
                 AND3_X1                    ZN  
                 AND3_X1                    A3  
                 AND3_X1                    A2  
                 AND3_X1                    A1  
                 AND3_X2                    ZN  
                 AND3_X2                    A3  
                 AND3_X2                    A2  
                 AND3_X2                    A1  
                 AND3_X4                    ZN  
                 AND3_X4                    A3  
                 AND3_X4                    A2  
                 AND3_X4                    A1  
                 AND4_X1                    ZN  
                 AND4_X1                    A4  
                 AND4_X1                    A3  
                 AND4_X1                    A2  
                 AND4_X1                    A1  
                 AND4_X2                    ZN  
                 AND4_X2                    A4  
                 AND4_X2                    A3  
                 AND4_X2                    A2  
                 AND4_X2                    A1  
                 AND4_X4                    ZN  
                 AND4_X4                    A4  
                 AND4_X4                    A3  
                 AND4_X4                    A2  
                 AND4_X4                    A1  
              ANTENNA_X1                     A  
               AOI211_X1                    ZN  
               AOI211_X1                    C2  
               AOI211_X1                    C1  
               AOI211_X1                     B  
               AOI211_X1                     A  
               AOI211_X2                    ZN  
               AOI211_X2                    C2  
               AOI211_X2                    C1  
               AOI211_X2                     B  
               AOI211_X2                     A  
               AOI211_X4                    ZN  
               AOI211_X4                    C2  
               AOI211_X4                    C1  
               AOI211_X4                     B  
               AOI211_X4                     A  
                AOI21_X1                    ZN  
                AOI21_X1                    B2  
                AOI21_X1                    B1  
                AOI21_X1                     A  
                AOI21_X2                    ZN  
                AOI21_X2                    B2  
                AOI21_X2                    B1  
                AOI21_X2                     A  
                AOI21_X4                    ZN  
                AOI21_X4                    B2  
                AOI21_X4                    B1  
                AOI21_X4                     A  
               AOI221_X1                    ZN  
               AOI221_X1                    C2  
               AOI221_X1                    C1  
               AOI221_X1                    B2  
               AOI221_X1                    B1  
               AOI221_X1                     A  
               AOI221_X2                    ZN  
               AOI221_X2                    C2  
               AOI221_X2                    C1  
               AOI221_X2                    B2  
               AOI221_X2                    B1  
               AOI221_X2                     A  
               AOI221_X4                    ZN  
               AOI221_X4                    C2  
               AOI221_X4                    C1  
               AOI221_X4                    B2  
               AOI221_X4                    B1  
               AOI221_X4                     A  
               AOI222_X1                    ZN  
               AOI222_X1                    C2  
               AOI222_X1                    C1  
               AOI222_X1                    B2  
               AOI222_X1                    B1  
               AOI222_X1                    A2  
               AOI222_X1                    A1  
               AOI222_X2                    ZN  
               AOI222_X2                    C2  
               AOI222_X2                    C1  
               AOI222_X2                    B2  
               AOI222_X2                    B1  
               AOI222_X2                    A2  
               AOI222_X2                    A1  
               AOI222_X4                    ZN  
               AOI222_X4                    C2  
               AOI222_X4                    C1  
               AOI222_X4                    B2  
               AOI222_X4                    B1  
               AOI222_X4                    A2  
               AOI222_X4                    A1  
                AOI22_X1                    ZN  
                AOI22_X1                    B2  
                AOI22_X1                    B1  
                AOI22_X1                    A2  
                AOI22_X1                    A1  
                AOI22_X2                    ZN  
                AOI22_X2                    B2  
                AOI22_X2                    B1  
                AOI22_X2                    A2  
                AOI22_X2                    A1  
                AOI22_X4                    ZN  
                AOI22_X4                    B2  
                AOI22_X4                    B1  
                AOI22_X4                    A2  
                AOI22_X4                    A1  
                  BUF_X1                     Z  
                  BUF_X1                     A  
                 BUF_X16                     Z  
                 BUF_X16                     A  
                  BUF_X2                     Z  
                  BUF_X2                     A  
                 BUF_X32                     Z  
                 BUF_X32                     A  
                  BUF_X4                     Z  
                  BUF_X4                     A  
                  BUF_X8                     Z  
                  BUF_X8                     A  
               CLKBUF_X1                     Z  
               CLKBUF_X1                     A  
               CLKBUF_X2                     Z  
               CLKBUF_X2                     A  
               CLKBUF_X3                     Z  
               CLKBUF_X3                     A  
           CLKGATETST_X1                   GCK  
           CLKGATETST_X1                    SE  
           CLKGATETST_X1                     E  
           CLKGATETST_X1                    CK  
           CLKGATETST_X2                   GCK  
           CLKGATETST_X2                    SE  
           CLKGATETST_X2                     E  
           CLKGATETST_X2                    CK  
           CLKGATETST_X4                   GCK  
           CLKGATETST_X4                    SE  
           CLKGATETST_X4                     E  
           CLKGATETST_X4                    CK  
           CLKGATETST_X8                   GCK  
           CLKGATETST_X8                    SE  
           CLKGATETST_X8                     E  
           CLKGATETST_X8                    CK  
              CLKGATE_X1                   GCK  
              CLKGATE_X1                     E  
              CLKGATE_X1                    CK  
              CLKGATE_X2                   GCK  
              CLKGATE_X2                     E  
              CLKGATE_X2                    CK  
              CLKGATE_X4                   GCK  
              CLKGATE_X4                     E  
              CLKGATE_X4                    CK  
              CLKGATE_X8                   GCK  
              CLKGATE_X8                     E  
              CLKGATE_X8                    CK  
                DFFRS_X1                    QN  
                DFFRS_X1                     Q  
                DFFRS_X1                    CK  
                DFFRS_X1                    SN  
                DFFRS_X1                    RN  
                DFFRS_X1                     D  
                DFFRS_X2                    QN  
                DFFRS_X2                     Q  
                DFFRS_X2                    CK  
                DFFRS_X2                    SN  
                DFFRS_X2                    RN  
                DFFRS_X2                     D  
                 DFFR_X1                    QN  
                 DFFR_X1                     Q  
                 DFFR_X1                    CK  
                 DFFR_X1                    RN  
                 DFFR_X1                     D  
                 DFFR_X2                    QN  
                 DFFR_X2                     Q  
                 DFFR_X2                    CK  
                 DFFR_X2                    RN  
                 DFFR_X2                     D  
                 DFFS_X1                    QN  
                 DFFS_X1                     Q  
                 DFFS_X1                    CK  
                 DFFS_X1                    SN  
                 DFFS_X1                     D  
                 DFFS_X2                    QN  
                 DFFS_X2                     Q  
                 DFFS_X2                    CK  
                 DFFS_X2                    SN  
                 DFFS_X2                     D  
                  DFF_X1                    QN  
                  DFF_X1                     Q  
                  DFF_X1                    CK  
                  DFF_X1                     D  
                  DFF_X2                    QN  
                  DFF_X2                     Q  
                  DFF_X2                    CK  
                  DFF_X2                     D  
                  DLH_X1                     Q  
                  DLH_X1                     G  
                  DLH_X1                     D  
                  DLH_X2                     Q  
                  DLH_X2                     G  
                  DLH_X2                     D  
                  DLL_X1                     Q  
                  DLL_X1                    GN  
                  DLL_X1                     D  
                  DLL_X2                     Q  
                  DLL_X2                    GN  
                  DLL_X2                     D  
                   FA_X1                     S  
                   FA_X1                    CO  
                   FA_X1                    CI  
                   FA_X1                     B  
                   FA_X1                     A  
                   HA_X1                     S  
                   HA_X1                    CO  
                   HA_X1                     B  
                   HA_X1                     A  
                  INV_X1                    ZN  
                  INV_X1                     A  
                 INV_X16                    ZN  
                 INV_X16                     A  
                  INV_X2                    ZN  
                  INV_X2                     A  
                 INV_X32                    ZN  
                 INV_X32                     A  
                  INV_X4                    ZN  
                  INV_X4                     A  
                  INV_X8                    ZN  
                  INV_X8                     A  
               LOGIC0_X1                     Z  
               LOGIC1_X1                     Z  
                 MUX2_X1                     Z  
                 MUX2_X1                     S  
                 MUX2_X1                     B  
                 MUX2_X1                     A  
                 MUX2_X2                     Z  
                 MUX2_X2                     S  
                 MUX2_X2                     B  
                 MUX2_X2                     A  
                NAND2_X1                    ZN  
                NAND2_X1                    A2  
                NAND2_X1                    A1  
                NAND2_X2                    ZN  
                NAND2_X2                    A2  
                NAND2_X2                    A1  
                NAND2_X4                    ZN  
                NAND2_X4                    A2  
                NAND2_X4                    A1  
                NAND3_X1                    ZN  
                NAND3_X1                    A3  
                NAND3_X1                    A2  
                NAND3_X1                    A1  
                NAND3_X2                    ZN  
                NAND3_X2                    A3  
                NAND3_X2                    A2  
                NAND3_X2                    A1  
                NAND3_X4                    ZN  
                NAND3_X4                    A3  
                NAND3_X4                    A2  
                NAND3_X4                    A1  
                NAND4_X1                    ZN  
                NAND4_X1                    A4  
                NAND4_X1                    A3  
                NAND4_X1                    A2  
                NAND4_X1                    A1  
                NAND4_X2                    ZN  
                NAND4_X2                    A4  
                NAND4_X2                    A3  
                NAND4_X2                    A2  
                NAND4_X2                    A1  
                NAND4_X4                    ZN  
                NAND4_X4                    A4  
                NAND4_X4                    A3  
                NAND4_X4                    A2  
                NAND4_X4                    A1  
                 NOR2_X1                    ZN  
                 NOR2_X1                    A2  
                 NOR2_X1                    A1  
                 NOR2_X2                    ZN  
                 NOR2_X2                    A2  
                 NOR2_X2                    A1  
                 NOR2_X4                    ZN  
                 NOR2_X4                    A2  
                 NOR2_X4                    A1  
                 NOR3_X1                    ZN  
                 NOR3_X1                    A3  
                 NOR3_X1                    A2  
                 NOR3_X1                    A1  
                 NOR3_X2                    ZN  
                 NOR3_X2                    A3  
                 NOR3_X2                    A2  
                 NOR3_X2                    A1  
                 NOR3_X4                    ZN  
                 NOR3_X4                    A3  
                 NOR3_X4                    A2  
                 NOR3_X4                    A1  
                 NOR4_X1                    ZN  
                 NOR4_X1                    A4  
                 NOR4_X1                    A3  
                 NOR4_X1                    A2  
                 NOR4_X1                    A1  
                 NOR4_X2                    ZN  
                 NOR4_X2                    A4  
                 NOR4_X2                    A3  
                 NOR4_X2                    A2  
                 NOR4_X2                    A1  
                 NOR4_X4                    ZN  
                 NOR4_X4                    A4  
                 NOR4_X4                    A3  
                 NOR4_X4                    A2  
                 NOR4_X4                    A1  
               OAI211_X1                    ZN  
               OAI211_X1                    C2  
               OAI211_X1                    C1  
               OAI211_X1                     B  
               OAI211_X1                     A  
               OAI211_X2                    ZN  
               OAI211_X2                    C2  
               OAI211_X2                    C1  
               OAI211_X2                     B  
               OAI211_X2                     A  
               OAI211_X4                    ZN  
               OAI211_X4                    C2  
               OAI211_X4                    C1  
               OAI211_X4                     B  
               OAI211_X4                     A  
                OAI21_X1                    ZN  
                OAI21_X1                    B2  
                OAI21_X1                    B1  
                OAI21_X1                     A  
                OAI21_X2                    ZN  
                OAI21_X2                    B2  
                OAI21_X2                    B1  
                OAI21_X2                     A  
                OAI21_X4                    ZN  
                OAI21_X4                    B2  
                OAI21_X4                    B1  
                OAI21_X4                     A  
               OAI221_X1                    ZN  
               OAI221_X1                    C2  
               OAI221_X1                    C1  
               OAI221_X1                    B2  
               OAI221_X1                    B1  
               OAI221_X1                     A  
               OAI221_X2                    ZN  
               OAI221_X2                    C2  
               OAI221_X2                    C1  
               OAI221_X2                    B2  
               OAI221_X2                    B1  
               OAI221_X2                     A  
               OAI221_X4                    ZN  
               OAI221_X4                    C2  
               OAI221_X4                    C1  
               OAI221_X4                    B2  
               OAI221_X4                    B1  
               OAI221_X4                     A  
               OAI222_X1                    ZN  
               OAI222_X1                    C2  
               OAI222_X1                    C1  
               OAI222_X1                    B2  
               OAI222_X1                    B1  
               OAI222_X1                    A2  
               OAI222_X1                    A1  
               OAI222_X2                    ZN  
               OAI222_X2                    C2  
               OAI222_X2                    C1  
               OAI222_X2                    B2  
               OAI222_X2                    B1  
               OAI222_X2                    A2  
               OAI222_X2                    A1  
               OAI222_X4                    ZN  
               OAI222_X4                    C2  
               OAI222_X4                    C1  
               OAI222_X4                    B2  
               OAI222_X4                    B1  
               OAI222_X4                    A2  
               OAI222_X4                    A1  
                OAI22_X1                    ZN  
                OAI22_X1                    B2  
                OAI22_X1                    B1  
                OAI22_X1                    A2  
                OAI22_X1                    A1  
                OAI22_X2                    ZN  
                OAI22_X2                    B2  
                OAI22_X2                    B1  
                OAI22_X2                    A2  
                OAI22_X2                    A1  
                OAI22_X4                    ZN  
                OAI22_X4                    B2  
                OAI22_X4                    B1  
                OAI22_X4                    A2  
                OAI22_X4                    A1  
                OAI33_X1                    ZN  
                OAI33_X1                    B3  
                OAI33_X1                    B2  
                OAI33_X1                    B1  
                OAI33_X1                    A3  
                OAI33_X1                    A2  
                OAI33_X1                    A1  
                  OR2_X1                    ZN  
                  OR2_X1                    A2  
                  OR2_X1                    A1  
                  OR2_X2                    ZN  
                  OR2_X2                    A2  
                  OR2_X2                    A1  
                  OR2_X4                    ZN  
                  OR2_X4                    A2  
                  OR2_X4                    A1  
                  OR3_X1                    ZN  
                  OR3_X1                    A3  
                  OR3_X1                    A2  
                  OR3_X1                    A1  
                  OR3_X2                    ZN  
                  OR3_X2                    A3  
                  OR3_X2                    A2  
                  OR3_X2                    A1  
                  OR3_X4                    ZN  
                  OR3_X4                    A3  
                  OR3_X4                    A2  
                  OR3_X4                    A1  
                  OR4_X1                    ZN  
                  OR4_X1                    A4  
                  OR4_X1                    A3  
                  OR4_X1                    A2  
                  OR4_X1                    A1  
                  OR4_X2                    ZN  
                  OR4_X2                    A4  
                  OR4_X2                    A3  
                  OR4_X2                    A2  
                  OR4_X2                    A1  
                  OR4_X4                    ZN  
                  OR4_X4                    A4  
                  OR4_X4                    A3  
                  OR4_X4                    A2  
                  OR4_X4                    A1  
               SDFFRS_X1                    QN  
               SDFFRS_X1                     Q  
               SDFFRS_X1                    CK  
               SDFFRS_X1                    SN  
               SDFFRS_X1                    SI  
               SDFFRS_X1                    SE  
               SDFFRS_X1                    RN  
               SDFFRS_X1                     D  
               SDFFRS_X2                    QN  
               SDFFRS_X2                     Q  
               SDFFRS_X2                    CK  
               SDFFRS_X2                    SN  
               SDFFRS_X2                    SI  
               SDFFRS_X2                    SE  
               SDFFRS_X2                    RN  
               SDFFRS_X2                     D  
                SDFFR_X1                    QN  
                SDFFR_X1                     Q  
                SDFFR_X1                    CK  
                SDFFR_X1                    SI  
                SDFFR_X1                    SE  
                SDFFR_X1                    RN  
                SDFFR_X1                     D  
                SDFFR_X2                    QN  
                SDFFR_X2                     Q  
                SDFFR_X2                    CK  
                SDFFR_X2                    SI  
                SDFFR_X2                    SE  
                SDFFR_X2                    RN  
                SDFFR_X2                     D  
                SDFFS_X1                    QN  
                SDFFS_X1                     Q  
                SDFFS_X1                    CK  
                SDFFS_X1                    SN  
                SDFFS_X1                    SI  
                SDFFS_X1                    SE  
                SDFFS_X1                     D  
                SDFFS_X2                    QN  
                SDFFS_X2                     Q  
                SDFFS_X2                    CK  
                SDFFS_X2                    SN  
                SDFFS_X2                    SI  
                SDFFS_X2                    SE  
                SDFFS_X2                     D  
                 SDFF_X1                    QN  
                 SDFF_X1                     Q  
                 SDFF_X1                    CK  
                 SDFF_X1                    SI  
                 SDFF_X1                    SE  
                 SDFF_X1                     D  
                 SDFF_X2                    QN  
                 SDFF_X2                     Q  
                 SDFF_X2                    CK  
                 SDFF_X2                    SI  
                 SDFF_X2                    SE  
                 SDFF_X2                     D  
                 TBUF_X1                     Z  
                 TBUF_X1                    EN  
                 TBUF_X1                     A  
                TBUF_X16                     Z  
                TBUF_X16                    EN  
                TBUF_X16                     A  
                 TBUF_X2                     Z  
                 TBUF_X2                    EN  
                 TBUF_X2                     A  
                 TBUF_X4                     Z  
                 TBUF_X4                    EN  
                 TBUF_X4                     A  
                 TBUF_X8                     Z  
                 TBUF_X8                    EN  
                 TBUF_X8                     A  
                 TINV_X1                    ZN  
                 TINV_X1                     I  
                 TINV_X1                    EN  
                 TLAT_X1                     Q  
                 TLAT_X1                    OE  
                 TLAT_X1                     G  
                 TLAT_X1                     D  
                XNOR2_X1                    ZN  
                XNOR2_X1                     B  
                XNOR2_X1                     A  
                XNOR2_X2                    ZN  
                XNOR2_X2                     B  
                XNOR2_X2                     A  
                 XOR2_X1                     Z  
                 XOR2_X1                     B  
                 XOR2_X1                     A  
                 XOR2_X2                     Z  
                 XOR2_X2                     B  
                 XOR2_X2                     A  For more information click here  
# Cells Missing LEF Info: 0  
# Cells with Dimension Errors: 0  

==============================
Netlist Information
==============================
# HFO (>200) Nets: 1  
    General Caution:
        1) These nets will affect your zero wireload timing analysis. You should cross-reference this list against your timing report to see if these nets are the reason for failing paths. Since physical buffer trees will be created during optimization, large delays should be reduced.

        2) Consider using CTS to build physical trees for these nets, if you are not satisfied with the default optimization output.

    HFO (>200) Nets  Fanout  
                clk     409  
# No-driven Nets: 23  
    General Caution:
        1) TODO
    No-driven Nets  
    my_Counter/sub_83_aco/carry[0]  
    my_Counter/sub_83_aco/carry[32]  
    my_Counter/sub_83_aco/CO  
    my_Counter/sub_83_G2_aco/carry[0]  
    my_Counter/sub_83_G2_aco/carry[32]  
    my_Counter/sub_83_G2_aco/CO  
    my_Counter/sub_83_G3_aco/carry[0]  
    my_Counter/sub_83_G3_aco/carry[32]  
    my_Counter/sub_83_G3_aco/CO  
    my_Counter/sub_83_G4_aco/carry[0]  
    my_Counter/sub_83_G4_aco/carry[32]  
    my_Counter/sub_83_G4_aco/CO  
    my_Counter/address_0  
    my_Counter/address_1  
    My_DMA/add_115/CO  
    My_DMA/add_116/CO  
    My_DMA/sub_117_S2_aco/carry[0]  
    My_DMA/sub_117_S2_aco/carry[32]  
    My_DMA/sub_117_S2_aco/CO  
    SYNOPSYS_UNCONNECTED__52  
    SYNOPSYS_UNCONNECTED__51  
    SYNOPSYS_UNCONNECTED__23  
    SYNOPSYS_UNCONNECTED__19  
# Multi-driven Nets: 0  
# Assign Statements: 0  
Is Design Uniquified: YES  
# Pins in Netlist without timing lib: 0  

==============================

==============================
: Internal  External  
No of Nets:       3588           0  
No of Connections:       7923           0  
Total Net Length (X): 3.1972e+04  0.0000e+00  
Total Net Length (Y): 3.6818e+04  0.0000e+00  
Total Net Length: 6.8790e+04  0.0000e+00  

==============================
Timing Information
==============================
# Clocks in design: 
    ------------------------------
    Clocks in Design
    ------------------------------
    @  
    *  
    CLK  3  
# Generated clocks: 0  
# "dont_use" cells from .libs: 
    ------------------------------
    Dont_use Cell List
    ------------------------------
    ANTENNA_X1  
    FILLCELL_X1  
    FILLCELL_X16  
    FILLCELL_X2  
    FILLCELL_X32  
    FILLCELL_X4  
    FILLCELL_X8  
    LOGIC0_X1  
    LOGIC1_X1  
    aesbuffer  
    SRAM  11  
# "dont_touch" cells from .libs: 
    ------------------------------
    Dont_touch Cell List
    ------------------------------
    ANTENNA_X1  
    FILLCELL_X1  
    FILLCELL_X16  
    FILLCELL_X2  
    FILLCELL_X32  
    FILLCELL_X4  
    FILLCELL_X8  
    LOGIC0_X1  
    LOGIC1_X1  
    aesbuffer  
    SRAM  11  
# Cells in .lib with max_tran: 
    ------------------------------
    Cell List with max_tran
    ------------------------------
               Cell Name  Max Transition (ps)  
                 AND2_X1  500  
                 AND2_X2  500  
                 AND2_X4  500  
                 AND3_X1  500  
                 AND3_X2  500  
                 AND3_X4  500  
                 AND4_X1  500  
                 AND4_X2  500  
                 AND4_X4  500  
              ANTENNA_X1  500  
               AOI211_X1  500  
               AOI211_X2  500  
               AOI211_X4  500  
                AOI21_X1  500  
                AOI21_X2  500  
                AOI21_X4  500  
               AOI221_X1  500  
               AOI221_X2  500  
               AOI221_X4  500  
               AOI222_X1  500  
               AOI222_X2  500  
               AOI222_X4  500  
                AOI22_X1  500  
                AOI22_X2  500  
                AOI22_X4  500  
                  BUF_X1  500  
                 BUF_X16  500  
                  BUF_X2  500  
                 BUF_X32  500  
                  BUF_X4  500  
                  BUF_X8  500  
               CLKBUF_X1  500  
               CLKBUF_X2  500  
               CLKBUF_X3  500  
           CLKGATETST_X1  500  
           CLKGATETST_X2  500  
           CLKGATETST_X4  500  
           CLKGATETST_X8  500  
              CLKGATE_X1  500  
              CLKGATE_X2  500  
              CLKGATE_X4  500  
              CLKGATE_X8  500  
                DFFRS_X1  500  
                DFFRS_X2  500  
                 DFFR_X1  500  
                 DFFR_X2  500  
                 DFFS_X1  500  
                 DFFS_X2  500  
                  DFF_X1  500  
                  DFF_X2  500  
                  DLH_X1  500  
                  DLH_X2  500  
                  DLL_X1  500  
                  DLL_X2  500  
                   FA_X1  500  
                   HA_X1  500  
                  INV_X1  500  
                 INV_X16  500  
                  INV_X2  500  
                 INV_X32  500  
                  INV_X4  500  
                  INV_X8  500  
               LOGIC0_X1  500  
               LOGIC1_X1  500  
                 MUX2_X1  500  
                 MUX2_X2  500  
                NAND2_X1  500  
                NAND2_X2  500  
                NAND2_X4  500  
                NAND3_X1  500  
                NAND3_X2  500  
                NAND3_X4  500  
                NAND4_X1  500  
                NAND4_X2  500  
                NAND4_X4  500  
                 NOR2_X1  500  
                 NOR2_X2  500  
                 NOR2_X4  500  
                 NOR3_X1  500  
                 NOR3_X2  500  
                 NOR3_X4  500  
                 NOR4_X1  500  
                 NOR4_X2  500  
                 NOR4_X4  500  
               OAI211_X1  500  
               OAI211_X2  500  
               OAI211_X4  500  
                OAI21_X1  500  
                OAI21_X2  500  
                OAI21_X4  500  
               OAI221_X1  500  
               OAI221_X2  500  
               OAI221_X4  500  
               OAI222_X1  500  
               OAI222_X2  500  
               OAI222_X4  500  
                OAI22_X1  500  
                OAI22_X2  500  
                OAI22_X4  500  
                OAI33_X1  500  
                  OR2_X1  500  
                  OR2_X2  500  
                  OR2_X4  500  
                  OR3_X1  500  
                  OR3_X2  500  
                  OR3_X4  500  
                  OR4_X1  500  
                  OR4_X2  500  
                  OR4_X4  500  
               SDFFRS_X1  500  
               SDFFRS_X2  500  
                SDFFR_X1  500  
                SDFFR_X2  500  
                SDFFS_X1  500  
                SDFFS_X2  500  
                 SDFF_X1  500  
                 SDFF_X2  500  
                 TBUF_X1  500  
                TBUF_X16  500  
                 TBUF_X2  500  
                 TBUF_X4  500  
                 TBUF_X8  500  
                 TINV_X1  500  
                 TLAT_X1  500  
                XNOR2_X1  500  
                XNOR2_X2  500  
                 XOR2_X1  500  
                 XOR2_X2  500  128  
# Cells in .lib with max_cap: 
    ------------------------------
    Cell List with max_cap
    ------------------------------
               Cell Name  Max Capacitance (pf)  
                 AND2_X1  0.060494  
                 AND2_X2  0.120821  
                 AND2_X4  0.241652  
                 AND3_X1  0.060380  
                 AND3_X2  0.120544  
                 AND3_X4  0.241089  
                 AND4_X1  0.060215  
                 AND4_X2  0.120339  
                 AND4_X4  0.240849  
               AOI211_X1  0.014473  
               AOI211_X2  0.028926  
               AOI211_X4  0.242306  
                AOI21_X1  0.025274  
                AOI21_X2  0.050610  
                AOI21_X4  0.101013  
               AOI221_X1  0.013799  
               AOI221_X2  0.027532  
               AOI221_X4  0.242260  
               AOI222_X1  0.012968  
               AOI222_X2  0.025578  
               AOI222_X4  0.242254  
                AOI22_X1  0.024574  
                AOI22_X2  0.049060  
                AOI22_X4  0.097961  
                  BUF_X1  0.060631  
                 BUF_X16  0.965358  
                  BUF_X2  0.121101  
                 BUF_X32  1.904300  
                  BUF_X4  0.242237  
                  BUF_X8  0.483910  
               CLKBUF_X1  0.060696  
               CLKBUF_X2  0.121307  
               CLKBUF_X3  0.181867  
           CLKGATETST_X1  0.060730  
           CLKGATETST_X2  0.121361  
           CLKGATETST_X4  0.242584  
           CLKGATETST_X8  0.483984  
              CLKGATE_X1  0.060700  
              CLKGATE_X2  0.121242  
              CLKGATE_X4  0.242310  
              CLKGATE_X8  0.484125  
                DFFRS_X1  0.060254  
                DFFRS_X2  0.120834  
                 DFFR_X1  0.059973  
                 DFFR_X2  0.119245  
                 DFFS_X1  0.060272  
                 DFFS_X2  0.120544  
                  DFF_X1  0.060272  
                  DFF_X2  0.120544  
                  DLH_X1  0.060543  
                  DLH_X2  0.120697  
                  DLL_X1  0.060261  
                  DLL_X2  0.120544  
                   FA_X1  0.060160  
                   HA_X1  0.025241  
                  INV_X1  0.060688  
                 INV_X16  0.968217  
                  INV_X2  0.121264  
                 INV_X32  1.922333  
                  INV_X4  0.242693  
                  INV_X8  0.485108  
                 MUX2_X1  0.060462  
                 MUX2_X2  0.120798  
                NAND2_X1  0.059345  
                NAND2_X2  0.118669  
                NAND2_X4  0.237363  
                NAND3_X1  0.058309  
                NAND3_X2  0.116272  
                NAND3_X4  0.232839  
                NAND4_X1  0.055968  
                NAND4_X2  0.111503  
                NAND4_X4  0.222778  
                 NOR2_X1  0.026647  
                 NOR2_X2  0.053302  
                 NOR2_X4  0.106783  
                 NOR3_X1  0.015981  
                 NOR3_X2  0.031692  
                 NOR3_X4  0.063202  
                 NOR4_X1  0.010456  
                 NOR4_X2  0.020876  
                 NOR4_X4  0.041492  
               OAI211_X1  0.025538  
               OAI211_X2  0.050802  
               OAI211_X4  0.101443  
                OAI21_X1  0.026022  
                OAI21_X2  0.052030  
                OAI21_X4  0.104065  
               OAI221_X1  0.022146  
               OAI221_X2  0.043855  
               OAI221_X4  0.242310  
               OAI222_X1  0.020046  
               OAI222_X2  0.039597  
               OAI222_X4  0.242249  
                OAI22_X1  0.023215  
                OAI22_X2  0.046273  
                OAI22_X4  0.092355  
                OAI33_X1  0.011475  
                  OR2_X1  0.060577  
                  OR2_X2  0.121052  
                  OR2_X4  0.242232  
                  OR3_X1  0.060565  
                  OR3_X2  0.121010  
                  OR3_X4  0.242086  
                  OR4_X1  0.060524  
                  OR4_X2  0.120850  
                  OR4_X4  0.241699  
               SDFFRS_X1  0.060564  
               SDFFRS_X2  0.120757  
                SDFFR_X1  0.060425  
                SDFFR_X2  0.121155  
                SDFFS_X1  0.060577  
                SDFFS_X2  0.120850  
                 SDFF_X1  0.060413  
                 SDFF_X2  0.121155  
                 TBUF_X1  0.051536  
                TBUF_X16  0.820074  
                 TBUF_X2  0.103551  
                 TBUF_X4  0.206681  
                 TBUF_X8  0.412598  
                 TINV_X1  0.022500  
                 TLAT_X1  0.022583  
                XNOR2_X1  0.025960  
                XNOR2_X2  0.051917  
                 XOR2_X1  0.025271  
                 XOR2_X2  0.050422  125  
# Cells in .lib with max_fanout: 0  
SDC max_cap: N/A  
SDC max_tran: N/A  
SDC max_fanout: N/A  
Default Ext. Scale Factor: 1.000  
Detail Ext. Scale Factor: 1.000  

==============================
Floorplan/Placement Information
==============================
Total area of Standard cells: 5338.620 um^2  
Total area of Standard cells(Subtracting Physical Cells): 5338.620 um^2  
Total area of Macros: 43086.118 um^2  
Total area of Blockages: 0.000 um^2  
Total area of Pad cells: 0.000 um^2  
Total area of Core: 126060.486 um^2  
Total area of Chip: 140670.004 um^2  
Effective Utilization: 6.5053e-02  
Number of Cell Rows: 253  
% Pure Gate Density #1 (Subtracting BLOCKAGES): 4.235%  
% Pure Gate Density #2 (Subtracting BLOCKAGES and Physical Cells): 4.235%  
% Pure Gate Density #3 (Subtracting MACROS): 6.434%  
% Pure Gate Density #4 (Subtracting MACROS and Physical Cells): 6.434%  
% Pure Gate Density #5 (Subtracting MACROS and BLOCKAGES): 6.434%  
% Pure Gate Density #6 ((Unpreplaced Standard Inst + Unpreplaced Block Inst + Unpreplaced Black Blob Inst + Fixed Clock Inst Area) / (Free Site Area + Fixed Clock Inst Area) for insts are placed): 6.505%  
% Core Density (Counting Std Cells and MACROs): 38.414%  
% Core Density #2(Subtracting Physical Cells): 38.414%  
% Chip Density (Counting Std Cells and MACROs and IOs): 34.424%  
% Chip Density #2(Subtracting Physical Cells): 34.424%  
# Macros within 5 sites of IO pad: No  
Macro halo defined?: Yes  

==============================
Wire Length Distribution
==============================
Total metal1 wire length: 1650.2105 um  
Total metal2 wire length: 21067.6610 um  
Total metal3 wire length: 30271.4400 um  
Total metal4 wire length: 13518.6800 um  
Total metal5 wire length: 5210.5200 um  
Total metal6 wire length: 7101.6400 um  
Total metal7 wire length: 125.7200 um  
Total metal8 wire length: 1272.2800 um  
Total metal9 wire length: 38.6400 um  
Total metal10 wire length: 139.2000 um  
Total wire length: 80395.9915 um  
Average wire length/net: 21.2575 um  
Area of Power Net Distribution: 
    ------------------------------
    Area of Power Net Distribution
    ------------------------------
    Layer Name  Area of Power Net  Routable Area  Percentage  
    metal1  5101.4033  126060.4856  4.0468%  
    metal2  9.7784  126060.4856  0.0078%  
    metal3  1.8658  126060.4856  0.0015%  
    metal4  0.0000  126060.4856  0.0000%  
    metal5  990.4392  126060.4856  0.7857%  
    metal6  4695.5920  126060.4856  3.7249%  
    metal7  4936.2240  126060.4856  3.9158%  
    metal8  217.0240  126060.4856  0.1722%  
    metal9  30.0600  126060.4856  0.0238%  
    metal10  18.4720  126060.4856  0.0147%  For more information click here  
